<?xml version="1.0" encoding="UTF-8"?>
<testsuite xmlns:xsi="http://www.w3.org/2001/XMLSchema-instance" xsi:noNamespaceSchemaLocation="https://maven.apache.org/surefire/maven-surefire-plugin/xsd/surefire-test-report.xsd" name="br.com.pdv.service.ClienteServiceTest" time="35.789" tests="4" errors="4" skipped="0" failures="0">
  <properties>
    <property name="sun.desktop" value="windows"/>
    <property name="awt.toolkit" value="sun.awt.windows.WToolkit"/>
    <property name="file.encoding.pkg" value="sun.io"/>
    <property name="java.specification.version" value="1.8"/>
    <property name="sun.cpu.isalist" value="amd64"/>
    <property name="sun.jnu.encoding" value="Cp1252"/>
    <property name="java.class.path" value="C:\Projetos_MATERA\META\pdv\pdv\target\test-classes;C:\Projetos_MATERA\META\pdv\pdv\target\classes;C:\Users\User\.m2\repository\org\springframework\security\spring-security-test\5.1.5.RELEASE\spring-security-test-5.1.5.RELEASE.jar;C:\Users\User\.m2\repository\org\springframework\security\spring-security-core\5.1.5.RELEASE\spring-security-core-5.1.5.RELEASE.jar;C:\Users\User\.m2\repository\org\springframework\spring-beans\5.1.7.RELEASE\spring-beans-5.1.7.RELEASE.jar;C:\Users\User\.m2\repository\org\springframework\spring-context\5.1.7.RELEASE\spring-context-5.1.7.RELEASE.jar;C:\Users\User\.m2\repository\org\springframework\spring-expression\5.1.7.RELEASE\spring-expression-5.1.7.RELEASE.jar;C:\Users\User\.m2\repository\org\springframework\security\spring-security-web\5.1.5.RELEASE\spring-security-web-5.1.5.RELEASE.jar;C:\Users\User\.m2\repository\org\springframework\spring-core\5.1.7.RELEASE\spring-core-5.1.7.RELEASE.jar;C:\Users\User\.m2\repository\org\springframework\spring-jcl\5.1.7.RELEASE\spring-jcl-5.1.7.RELEASE.jar;C:\Users\User\.m2\repository\org\springframework\spring-test\5.1.7.RELEASE\spring-test-5.1.7.RELEASE.jar;C:\Users\User\.m2\repository\junit\junit\4.12\junit-4.12.jar;C:\Users\User\.m2\repository\org\hamcrest\hamcrest-core\1.3\hamcrest-core-1.3.jar;C:\Users\User\.m2\repository\org\powermock\powermock-module-junit4\2.0.2\powermock-module-junit4-2.0.2.jar;C:\Users\User\.m2\repository\org\powermock\powermock-module-junit4-common\2.0.2\powermock-module-junit4-common-2.0.2.jar;C:\Users\User\.m2\repository\org\powermock\powermock-api-mockito2\2.0.2\powermock-api-mockito2-2.0.2.jar;C:\Users\User\.m2\repository\org\powermock\powermock-api-support\2.0.2\powermock-api-support-2.0.2.jar;C:\Users\User\.m2\repository\org\mockito\mockito-core\2.23.4\mockito-core-2.23.4.jar;C:\Users\User\.m2\repository\org\objenesis\objenesis\2.6\objenesis-2.6.jar;C:\Users\User\.m2\repository\org\powermock\powermock-core\2.0.2\powermock-core-2.0.2.jar;C:\Users\User\.m2\repository\org\powermock\powermock-reflect\2.0.2\powermock-reflect-2.0.2.jar;C:\Users\User\.m2\repository\org\javassist\javassist\3.24.0-GA\javassist-3.24.0-GA.jar;C:\Users\User\.m2\repository\net\bytebuddy\byte-buddy\1.9.12\byte-buddy-1.9.12.jar;C:\Users\User\.m2\repository\net\bytebuddy\byte-buddy-agent\1.9.12\byte-buddy-agent-1.9.12.jar;C:\Users\User\.m2\repository\de\flapdoodle\embed\de.flapdoodle.embed.mongo\2.2.0\de.flapdoodle.embed.mongo-2.2.0.jar;C:\Users\User\.m2\repository\de\flapdoodle\embed\de.flapdoodle.embed.process\2.1.2\de.flapdoodle.embed.process-2.1.2.jar;C:\Users\User\.m2\repository\net\java\dev\jna\jna\4.5.2\jna-4.5.2.jar;C:\Users\User\.m2\repository\net\java\dev\jna\jna-platform\4.5.2\jna-platform-4.5.2.jar;C:\Users\User\.m2\repository\org\apache\commons\commons-compress\1.18\commons-compress-1.18.jar;C:\Users\User\.m2\repository\com\zaxxer\HikariCP\3.2.0\HikariCP-3.2.0.jar;C:\Users\User\.m2\repository\org\slf4j\slf4j-api\1.7.26\slf4j-api-1.7.26.jar;C:\Users\User\.m2\repository\org\springframework\boot\spring-boot-starter-data-mongodb\2.1.5.RELEASE\spring-boot-starter-data-mongodb-2.1.5.RELEASE.jar;C:\Users\User\.m2\repository\org\mongodb\mongodb-driver\3.8.2\mongodb-driver-3.8.2.jar;C:\Users\User\.m2\repository\org\mongodb\bson\3.8.2\bson-3.8.2.jar;C:\Users\User\.m2\repository\org\mongodb\mongodb-driver-core\3.8.2\mongodb-driver-core-3.8.2.jar;C:\Users\User\.m2\repository\org\springframework\data\spring-data-mongodb\2.1.8.RELEASE\spring-data-mongodb-2.1.8.RELEASE.jar;C:\Users\User\.m2\repository\org\springframework\spring-tx\5.1.7.RELEASE\spring-tx-5.1.7.RELEASE.jar;C:\Users\User\.m2\repository\org\springframework\data\spring-data-commons\2.1.8.RELEASE\spring-data-commons-2.1.8.RELEASE.jar;C:\Users\User\.m2\repository\org\springframework\boot\spring-boot-starter\2.1.5.RELEASE\spring-boot-starter-2.1.5.RELEASE.jar;C:\Users\User\.m2\repository\org\springframework\boot\spring-boot\2.1.5.RELEASE\spring-boot-2.1.5.RELEASE.jar;C:\Users\User\.m2\repository\org\springframework\boot\spring-boot-autoconfigure\2.1.5.RELEASE\spring-boot-autoconfigure-2.1.5.RELEASE.jar;C:\Users\User\.m2\repository\javax\annotation\javax.annotation-api\1.3.2\javax.annotation-api-1.3.2.jar;C:\Users\User\.m2\repository\org\yaml\snakeyaml\1.23\snakeyaml-1.23.jar;C:\Users\User\.m2\repository\org\springframework\boot\spring-boot-starter-web\2.1.5.RELEASE\spring-boot-starter-web-2.1.5.RELEASE.jar;C:\Users\User\.m2\repository\org\springframework\boot\spring-boot-starter-json\2.1.5.RELEASE\spring-boot-starter-json-2.1.5.RELEASE.jar;C:\Users\User\.m2\repository\com\fasterxml\jackson\datatype\jackson-datatype-jdk8\2.9.8\jackson-datatype-jdk8-2.9.8.jar;C:\Users\User\.m2\repository\com\fasterxml\jackson\datatype\jackson-datatype-jsr310\2.9.8\jackson-datatype-jsr310-2.9.8.jar;C:\Users\User\.m2\repository\com\fasterxml\jackson\module\jackson-module-parameter-names\2.9.8\jackson-module-parameter-names-2.9.8.jar;C:\Users\User\.m2\repository\org\springframework\boot\spring-boot-starter-tomcat\2.1.5.RELEASE\spring-boot-starter-tomcat-2.1.5.RELEASE.jar;C:\Users\User\.m2\repository\org\apache\tomcat\embed\tomcat-embed-core\9.0.19\tomcat-embed-core-9.0.19.jar;C:\Users\User\.m2\repository\org\apache\tomcat\embed\tomcat-embed-el\9.0.19\tomcat-embed-el-9.0.19.jar;C:\Users\User\.m2\repository\org\apache\tomcat\embed\tomcat-embed-websocket\9.0.19\tomcat-embed-websocket-9.0.19.jar;C:\Users\User\.m2\repository\org\springframework\spring-web\5.1.7.RELEASE\spring-web-5.1.7.RELEASE.jar;C:\Users\User\.m2\repository\org\springframework\spring-webmvc\5.1.7.RELEASE\spring-webmvc-5.1.7.RELEASE.jar;C:\Users\User\.m2\repository\org\springframework\boot\spring-boot-starter-test\2.1.5.RELEASE\spring-boot-starter-test-2.1.5.RELEASE.jar;C:\Users\User\.m2\repository\org\springframework\boot\spring-boot-test\2.1.5.RELEASE\spring-boot-test-2.1.5.RELEASE.jar;C:\Users\User\.m2\repository\org\springframework\boot\spring-boot-test-autoconfigure\2.1.5.RELEASE\spring-boot-test-autoconfigure-2.1.5.RELEASE.jar;C:\Users\User\.m2\repository\com\jayway\jsonpath\json-path\2.4.0\json-path-2.4.0.jar;C:\Users\User\.m2\repository\net\minidev\json-smart\2.3\json-smart-2.3.jar;C:\Users\User\.m2\repository\net\minidev\accessors-smart\1.2\accessors-smart-1.2.jar;C:\Users\User\.m2\repository\org\ow2\asm\asm\5.0.4\asm-5.0.4.jar;C:\Users\User\.m2\repository\org\assertj\assertj-core\3.11.1\assertj-core-3.11.1.jar;C:\Users\User\.m2\repository\org\hamcrest\hamcrest-library\1.3\hamcrest-library-1.3.jar;C:\Users\User\.m2\repository\org\skyscreamer\jsonassert\1.5.0\jsonassert-1.5.0.jar;C:\Users\User\.m2\repository\com\vaadin\external\google\android-json\0.0.20131108.vaadin1\android-json-0.0.20131108.vaadin1.jar;C:\Users\User\.m2\repository\org\xmlunit\xmlunit-core\2.6.2\xmlunit-core-2.6.2.jar;C:\Users\User\.m2\repository\org\springframework\boot\spring-boot-starter-log4j2\2.1.5.RELEASE\spring-boot-starter-log4j2-2.1.5.RELEASE.jar;C:\Users\User\.m2\repository\org\apache\logging\log4j\log4j-slf4j-impl\2.11.2\log4j-slf4j-impl-2.11.2.jar;C:\Users\User\.m2\repository\org\apache\logging\log4j\log4j-api\2.11.2\log4j-api-2.11.2.jar;C:\Users\User\.m2\repository\org\apache\logging\log4j\log4j-core\2.11.2\log4j-core-2.11.2.jar;C:\Users\User\.m2\repository\org\apache\logging\log4j\log4j-jul\2.11.2\log4j-jul-2.11.2.jar;C:\Users\User\.m2\repository\org\slf4j\jul-to-slf4j\1.7.26\jul-to-slf4j-1.7.26.jar;C:\Users\User\.m2\repository\org\apache\commons\commons-lang3\3.9\commons-lang3-3.9.jar;C:\Users\User\.m2\repository\org\springframework\boot\spring-boot-devtools\2.1.5.RELEASE\spring-boot-devtools-2.1.5.RELEASE.jar;C:\Users\User\.m2\repository\org\hibernate\validator\hibernate-validator\6.0.16.Final\hibernate-validator-6.0.16.Final.jar;C:\Users\User\.m2\repository\javax\validation\validation-api\2.0.1.Final\validation-api-2.0.1.Final.jar;C:\Users\User\.m2\repository\org\jboss\logging\jboss-logging\3.3.2.Final\jboss-logging-3.3.2.Final.jar;C:\Users\User\.m2\repository\com\fasterxml\classmate\1.4.0\classmate-1.4.0.jar;C:\Users\User\.m2\repository\br\com\caelum\stella\caelum-stella-core\2.1.3\caelum-stella-core-2.1.3.jar;C:\Users\User\.m2\repository\org\springframework\boot\spring-boot-starter-security\2.1.5.RELEASE\spring-boot-starter-security-2.1.5.RELEASE.jar;C:\Users\User\.m2\repository\org\springframework\spring-aop\5.1.7.RELEASE\spring-aop-5.1.7.RELEASE.jar;C:\Users\User\.m2\repository\org\springframework\security\spring-security-config\5.1.5.RELEASE\spring-security-config-5.1.5.RELEASE.jar;C:\Users\User\.m2\repository\org\springframework\security\oauth\boot\spring-security-oauth2-autoconfigure\2.1.5.RELEASE\spring-security-oauth2-autoconfigure-2.1.5.RELEASE.jar;C:\Users\User\.m2\repository\com\fasterxml\jackson\core\jackson-annotations\2.9.0\jackson-annotations-2.9.0.jar;C:\Users\User\.m2\repository\com\fasterxml\jackson\core\jackson-databind\2.9.8\jackson-databind-2.9.8.jar;C:\Users\User\.m2\repository\com\fasterxml\jackson\core\jackson-core\2.9.8\jackson-core-2.9.8.jar;C:\Users\User\.m2\repository\com\sun\xml\bind\jaxb-core\2.3.0.1\jaxb-core-2.3.0.1.jar;C:\Users\User\.m2\repository\com\sun\xml\bind\jaxb-impl\2.3.0.1\jaxb-impl-2.3.0.1.jar;C:\Users\User\.m2\repository\javax\xml\bind\jaxb-api\2.3.1\jaxb-api-2.3.1.jar;C:\Users\User\.m2\repository\javax\activation\javax.activation-api\1.2.0\javax.activation-api-1.2.0.jar;C:\Users\User\.m2\repository\org\springframework\security\oauth\spring-security-oauth2\2.3.5.RELEASE\spring-security-oauth2-2.3.5.RELEASE.jar;C:\Users\User\.m2\repository\commons-codec\commons-codec\1.11\commons-codec-1.11.jar;C:\Users\User\.m2\repository\org\codehaus\jackson\jackson-mapper-asl\1.9.13\jackson-mapper-asl-1.9.13.jar;C:\Users\User\.m2\repository\org\codehaus\jackson\jackson-core-asl\1.9.13\jackson-core-asl-1.9.13.jar;C:\Users\User\.m2\repository\org\springframework\security\spring-security-jwt\1.0.10.RELEASE\spring-security-jwt-1.0.10.RELEASE.jar;C:\Users\User\.m2\repository\org\springframework\boot\spring-boot-starter-actuator\2.1.5.RELEASE\spring-boot-starter-actuator-2.1.5.RELEASE.jar;C:\Users\User\.m2\repository\org\springframework\boot\spring-boot-actuator-autoconfigure\2.1.5.RELEASE\spring-boot-actuator-autoconfigure-2.1.5.RELEASE.jar;C:\Users\User\.m2\repository\org\springframework\boot\spring-boot-actuator\2.1.5.RELEASE\spring-boot-actuator-2.1.5.RELEASE.jar;C:\Users\User\.m2\repository\io\micrometer\micrometer-core\1.1.4\micrometer-core-1.1.4.jar;C:\Users\User\.m2\repository\org\hdrhistogram\HdrHistogram\2.1.9\HdrHistogram-2.1.9.jar;C:\Users\User\.m2\repository\org\latencyutils\LatencyUtils\2.0.3\LatencyUtils-2.0.3.jar;"/>
    <property name="java.vm.vendor" value="Oracle Corporation"/>
    <property name="sun.arch.data.model" value="64"/>
    <property name="user.variant" value=""/>
    <property name="java.vendor.url" value="http://java.oracle.com/"/>
    <property name="user.timezone" value="America/Sao_Paulo"/>
    <property name="java.vm.specification.version" value="1.8"/>
    <property name="os.name" value="Windows 10"/>
    <property name="user.country" value="BR"/>
    <property name="sun.java.launcher" value="SUN_STANDARD"/>
    <property name="sun.boot.library.path" value="C:\tools\Java\jre\bin"/>
    <property name="sun.java.command" value="C:\Users\User\AppData\Local\Temp\surefire2847052066833730518\surefirebooter487616804626491652.jar C:\Users\User\AppData\Local\Temp\surefire2847052066833730518 2019-06-25T15-06-01_191-jvmRun1 surefire5247346532582770640tmp surefire_04571745006154103597tmp"/>
    <property name="surefire.test.class.path" value="C:\Projetos_MATERA\META\pdv\pdv\target\test-classes;C:\Projetos_MATERA\META\pdv\pdv\target\classes;C:\Users\User\.m2\repository\org\springframework\security\spring-security-test\5.1.5.RELEASE\spring-security-test-5.1.5.RELEASE.jar;C:\Users\User\.m2\repository\org\springframework\security\spring-security-core\5.1.5.RELEASE\spring-security-core-5.1.5.RELEASE.jar;C:\Users\User\.m2\repository\org\springframework\spring-beans\5.1.7.RELEASE\spring-beans-5.1.7.RELEASE.jar;C:\Users\User\.m2\repository\org\springframework\spring-context\5.1.7.RELEASE\spring-context-5.1.7.RELEASE.jar;C:\Users\User\.m2\repository\org\springframework\spring-expression\5.1.7.RELEASE\spring-expression-5.1.7.RELEASE.jar;C:\Users\User\.m2\repository\org\springframework\security\spring-security-web\5.1.5.RELEASE\spring-security-web-5.1.5.RELEASE.jar;C:\Users\User\.m2\repository\org\springframework\spring-core\5.1.7.RELEASE\spring-core-5.1.7.RELEASE.jar;C:\Users\User\.m2\repository\org\springframework\spring-jcl\5.1.7.RELEASE\spring-jcl-5.1.7.RELEASE.jar;C:\Users\User\.m2\repository\org\springframework\spring-test\5.1.7.RELEASE\spring-test-5.1.7.RELEASE.jar;C:\Users\User\.m2\repository\junit\junit\4.12\junit-4.12.jar;C:\Users\User\.m2\repository\org\hamcrest\hamcrest-core\1.3\hamcrest-core-1.3.jar;C:\Users\User\.m2\repository\org\powermock\powermock-module-junit4\2.0.2\powermock-module-junit4-2.0.2.jar;C:\Users\User\.m2\repository\org\powermock\powermock-module-junit4-common\2.0.2\powermock-module-junit4-common-2.0.2.jar;C:\Users\User\.m2\repository\org\powermock\powermock-api-mockito2\2.0.2\powermock-api-mockito2-2.0.2.jar;C:\Users\User\.m2\repository\org\powermock\powermock-api-support\2.0.2\powermock-api-support-2.0.2.jar;C:\Users\User\.m2\repository\org\mockito\mockito-core\2.23.4\mockito-core-2.23.4.jar;C:\Users\User\.m2\repository\org\objenesis\objenesis\2.6\objenesis-2.6.jar;C:\Users\User\.m2\repository\org\powermock\powermock-core\2.0.2\powermock-core-2.0.2.jar;C:\Users\User\.m2\repository\org\powermock\powermock-reflect\2.0.2\powermock-reflect-2.0.2.jar;C:\Users\User\.m2\repository\org\javassist\javassist\3.24.0-GA\javassist-3.24.0-GA.jar;C:\Users\User\.m2\repository\net\bytebuddy\byte-buddy\1.9.12\byte-buddy-1.9.12.jar;C:\Users\User\.m2\repository\net\bytebuddy\byte-buddy-agent\1.9.12\byte-buddy-agent-1.9.12.jar;C:\Users\User\.m2\repository\de\flapdoodle\embed\de.flapdoodle.embed.mongo\2.2.0\de.flapdoodle.embed.mongo-2.2.0.jar;C:\Users\User\.m2\repository\de\flapdoodle\embed\de.flapdoodle.embed.process\2.1.2\de.flapdoodle.embed.process-2.1.2.jar;C:\Users\User\.m2\repository\net\java\dev\jna\jna\4.5.2\jna-4.5.2.jar;C:\Users\User\.m2\repository\net\java\dev\jna\jna-platform\4.5.2\jna-platform-4.5.2.jar;C:\Users\User\.m2\repository\org\apache\commons\commons-compress\1.18\commons-compress-1.18.jar;C:\Users\User\.m2\repository\com\zaxxer\HikariCP\3.2.0\HikariCP-3.2.0.jar;C:\Users\User\.m2\repository\org\slf4j\slf4j-api\1.7.26\slf4j-api-1.7.26.jar;C:\Users\User\.m2\repository\org\springframework\boot\spring-boot-starter-data-mongodb\2.1.5.RELEASE\spring-boot-starter-data-mongodb-2.1.5.RELEASE.jar;C:\Users\User\.m2\repository\org\mongodb\mongodb-driver\3.8.2\mongodb-driver-3.8.2.jar;C:\Users\User\.m2\repository\org\mongodb\bson\3.8.2\bson-3.8.2.jar;C:\Users\User\.m2\repository\org\mongodb\mongodb-driver-core\3.8.2\mongodb-driver-core-3.8.2.jar;C:\Users\User\.m2\repository\org\springframework\data\spring-data-mongodb\2.1.8.RELEASE\spring-data-mongodb-2.1.8.RELEASE.jar;C:\Users\User\.m2\repository\org\springframework\spring-tx\5.1.7.RELEASE\spring-tx-5.1.7.RELEASE.jar;C:\Users\User\.m2\repository\org\springframework\data\spring-data-commons\2.1.8.RELEASE\spring-data-commons-2.1.8.RELEASE.jar;C:\Users\User\.m2\repository\org\springframework\boot\spring-boot-starter\2.1.5.RELEASE\spring-boot-starter-2.1.5.RELEASE.jar;C:\Users\User\.m2\repository\org\springframework\boot\spring-boot\2.1.5.RELEASE\spring-boot-2.1.5.RELEASE.jar;C:\Users\User\.m2\repository\org\springframework\boot\spring-boot-autoconfigure\2.1.5.RELEASE\spring-boot-autoconfigure-2.1.5.RELEASE.jar;C:\Users\User\.m2\repository\javax\annotation\javax.annotation-api\1.3.2\javax.annotation-api-1.3.2.jar;C:\Users\User\.m2\repository\org\yaml\snakeyaml\1.23\snakeyaml-1.23.jar;C:\Users\User\.m2\repository\org\springframework\boot\spring-boot-starter-web\2.1.5.RELEASE\spring-boot-starter-web-2.1.5.RELEASE.jar;C:\Users\User\.m2\repository\org\springframework\boot\spring-boot-starter-json\2.1.5.RELEASE\spring-boot-starter-json-2.1.5.RELEASE.jar;C:\Users\User\.m2\repository\com\fasterxml\jackson\datatype\jackson-datatype-jdk8\2.9.8\jackson-datatype-jdk8-2.9.8.jar;C:\Users\User\.m2\repository\com\fasterxml\jackson\datatype\jackson-datatype-jsr310\2.9.8\jackson-datatype-jsr310-2.9.8.jar;C:\Users\User\.m2\repository\com\fasterxml\jackson\module\jackson-module-parameter-names\2.9.8\jackson-module-parameter-names-2.9.8.jar;C:\Users\User\.m2\repository\org\springframework\boot\spring-boot-starter-tomcat\2.1.5.RELEASE\spring-boot-starter-tomcat-2.1.5.RELEASE.jar;C:\Users\User\.m2\repository\org\apache\tomcat\embed\tomcat-embed-core\9.0.19\tomcat-embed-core-9.0.19.jar;C:\Users\User\.m2\repository\org\apache\tomcat\embed\tomcat-embed-el\9.0.19\tomcat-embed-el-9.0.19.jar;C:\Users\User\.m2\repository\org\apache\tomcat\embed\tomcat-embed-websocket\9.0.19\tomcat-embed-websocket-9.0.19.jar;C:\Users\User\.m2\repository\org\springframework\spring-web\5.1.7.RELEASE\spring-web-5.1.7.RELEASE.jar;C:\Users\User\.m2\repository\org\springframework\spring-webmvc\5.1.7.RELEASE\spring-webmvc-5.1.7.RELEASE.jar;C:\Users\User\.m2\repository\org\springframework\boot\spring-boot-starter-test\2.1.5.RELEASE\spring-boot-starter-test-2.1.5.RELEASE.jar;C:\Users\User\.m2\repository\org\springframework\boot\spring-boot-test\2.1.5.RELEASE\spring-boot-test-2.1.5.RELEASE.jar;C:\Users\User\.m2\repository\org\springframework\boot\spring-boot-test-autoconfigure\2.1.5.RELEASE\spring-boot-test-autoconfigure-2.1.5.RELEASE.jar;C:\Users\User\.m2\repository\com\jayway\jsonpath\json-path\2.4.0\json-path-2.4.0.jar;C:\Users\User\.m2\repository\net\minidev\json-smart\2.3\json-smart-2.3.jar;C:\Users\User\.m2\repository\net\minidev\accessors-smart\1.2\accessors-smart-1.2.jar;C:\Users\User\.m2\repository\org\ow2\asm\asm\5.0.4\asm-5.0.4.jar;C:\Users\User\.m2\repository\org\assertj\assertj-core\3.11.1\assertj-core-3.11.1.jar;C:\Users\User\.m2\repository\org\hamcrest\hamcrest-library\1.3\hamcrest-library-1.3.jar;C:\Users\User\.m2\repository\org\skyscreamer\jsonassert\1.5.0\jsonassert-1.5.0.jar;C:\Users\User\.m2\repository\com\vaadin\external\google\android-json\0.0.20131108.vaadin1\android-json-0.0.20131108.vaadin1.jar;C:\Users\User\.m2\repository\org\xmlunit\xmlunit-core\2.6.2\xmlunit-core-2.6.2.jar;C:\Users\User\.m2\repository\org\springframework\boot\spring-boot-starter-log4j2\2.1.5.RELEASE\spring-boot-starter-log4j2-2.1.5.RELEASE.jar;C:\Users\User\.m2\repository\org\apache\logging\log4j\log4j-slf4j-impl\2.11.2\log4j-slf4j-impl-2.11.2.jar;C:\Users\User\.m2\repository\org\apache\logging\log4j\log4j-api\2.11.2\log4j-api-2.11.2.jar;C:\Users\User\.m2\repository\org\apache\logging\log4j\log4j-core\2.11.2\log4j-core-2.11.2.jar;C:\Users\User\.m2\repository\org\apache\logging\log4j\log4j-jul\2.11.2\log4j-jul-2.11.2.jar;C:\Users\User\.m2\repository\org\slf4j\jul-to-slf4j\1.7.26\jul-to-slf4j-1.7.26.jar;C:\Users\User\.m2\repository\org\apache\commons\commons-lang3\3.9\commons-lang3-3.9.jar;C:\Users\User\.m2\repository\org\springframework\boot\spring-boot-devtools\2.1.5.RELEASE\spring-boot-devtools-2.1.5.RELEASE.jar;C:\Users\User\.m2\repository\org\hibernate\validator\hibernate-validator\6.0.16.Final\hibernate-validator-6.0.16.Final.jar;C:\Users\User\.m2\repository\javax\validation\validation-api\2.0.1.Final\validation-api-2.0.1.Final.jar;C:\Users\User\.m2\repository\org\jboss\logging\jboss-logging\3.3.2.Final\jboss-logging-3.3.2.Final.jar;C:\Users\User\.m2\repository\com\fasterxml\classmate\1.4.0\classmate-1.4.0.jar;C:\Users\User\.m2\repository\br\com\caelum\stella\caelum-stella-core\2.1.3\caelum-stella-core-2.1.3.jar;C:\Users\User\.m2\repository\org\springframework\boot\spring-boot-starter-security\2.1.5.RELEASE\spring-boot-starter-security-2.1.5.RELEASE.jar;C:\Users\User\.m2\repository\org\springframework\spring-aop\5.1.7.RELEASE\spring-aop-5.1.7.RELEASE.jar;C:\Users\User\.m2\repository\org\springframework\security\spring-security-config\5.1.5.RELEASE\spring-security-config-5.1.5.RELEASE.jar;C:\Users\User\.m2\repository\org\springframework\security\oauth\boot\spring-security-oauth2-autoconfigure\2.1.5.RELEASE\spring-security-oauth2-autoconfigure-2.1.5.RELEASE.jar;C:\Users\User\.m2\repository\com\fasterxml\jackson\core\jackson-annotations\2.9.0\jackson-annotations-2.9.0.jar;C:\Users\User\.m2\repository\com\fasterxml\jackson\core\jackson-databind\2.9.8\jackson-databind-2.9.8.jar;C:\Users\User\.m2\repository\com\fasterxml\jackson\core\jackson-core\2.9.8\jackson-core-2.9.8.jar;C:\Users\User\.m2\repository\com\sun\xml\bind\jaxb-core\2.3.0.1\jaxb-core-2.3.0.1.jar;C:\Users\User\.m2\repository\com\sun\xml\bind\jaxb-impl\2.3.0.1\jaxb-impl-2.3.0.1.jar;C:\Users\User\.m2\repository\javax\xml\bind\jaxb-api\2.3.1\jaxb-api-2.3.1.jar;C:\Users\User\.m2\repository\javax\activation\javax.activation-api\1.2.0\javax.activation-api-1.2.0.jar;C:\Users\User\.m2\repository\org\springframework\security\oauth\spring-security-oauth2\2.3.5.RELEASE\spring-security-oauth2-2.3.5.RELEASE.jar;C:\Users\User\.m2\repository\commons-codec\commons-codec\1.11\commons-codec-1.11.jar;C:\Users\User\.m2\repository\org\codehaus\jackson\jackson-mapper-asl\1.9.13\jackson-mapper-asl-1.9.13.jar;C:\Users\User\.m2\repository\org\codehaus\jackson\jackson-core-asl\1.9.13\jackson-core-asl-1.9.13.jar;C:\Users\User\.m2\repository\org\springframework\security\spring-security-jwt\1.0.10.RELEASE\spring-security-jwt-1.0.10.RELEASE.jar;C:\Users\User\.m2\repository\org\springframework\boot\spring-boot-starter-actuator\2.1.5.RELEASE\spring-boot-starter-actuator-2.1.5.RELEASE.jar;C:\Users\User\.m2\repository\org\springframework\boot\spring-boot-actuator-autoconfigure\2.1.5.RELEASE\spring-boot-actuator-autoconfigure-2.1.5.RELEASE.jar;C:\Users\User\.m2\repository\org\springframework\boot\spring-boot-actuator\2.1.5.RELEASE\spring-boot-actuator-2.1.5.RELEASE.jar;C:\Users\User\.m2\repository\io\micrometer\micrometer-core\1.1.4\micrometer-core-1.1.4.jar;C:\Users\User\.m2\repository\org\hdrhistogram\HdrHistogram\2.1.9\HdrHistogram-2.1.9.jar;C:\Users\User\.m2\repository\org\latencyutils\LatencyUtils\2.0.3\LatencyUtils-2.0.3.jar;"/>
    <property name="sun.cpu.endian" value="little"/>
    <property name="user.home" value="C:\Users\User"/>
    <property name="user.language" value="pt"/>
    <property name="java.specification.vendor" value="Oracle Corporation"/>
    <property name="java.home" value="C:\tools\Java\jre"/>
    <property name="basedir" value="C:\Projetos_MATERA\META\pdv\pdv"/>
    <property name="file.separator" value="\"/>
    <property name="line.separator" value="&#10;"/>
    <property name="java.vm.specification.vendor" value="Oracle Corporation"/>
    <property name="java.specification.name" value="Java Platform API Specification"/>
    <property name="java.awt.graphicsenv" value="sun.awt.Win32GraphicsEnvironment"/>
    <property name="surefire.real.class.path" value="C:\Users\User\AppData\Local\Temp\surefire2847052066833730518\surefirebooter487616804626491652.jar;C:\\Users\\User\\.m2\\repository\\org\\jacoco\\org.jacoco.agent\\0.8.2\\org.jacoco.agent-0.8.2-runtime.jar"/>
    <property name="sun.boot.class.path" value="C:\tools\Java\jre\lib\resources.jar;C:\tools\Java\jre\lib\rt.jar;C:\tools\Java\jre\lib\sunrsasign.jar;C:\tools\Java\jre\lib\jsse.jar;C:\tools\Java\jre\lib\jce.jar;C:\tools\Java\jre\lib\charsets.jar;C:\tools\Java\jre\lib\jfr.jar;C:\tools\Java\jre\classes"/>
    <property name="user.script" value=""/>
    <property name="sun.management.compiler" value="HotSpot 64-Bit Tiered Compilers"/>
    <property name="java.runtime.version" value="1.8.0_191-b12"/>
    <property name="user.name" value="User"/>
    <property name="path.separator" value=";"/>
    <property name="os.version" value="10.0"/>
    <property name="java.endorsed.dirs" value="C:\tools\Java\jre\lib\endorsed"/>
    <property name="java.runtime.name" value="Java(TM) SE Runtime Environment"/>
    <property name="file.encoding" value="Cp1252"/>
    <property name="java.vm.name" value="Java HotSpot(TM) 64-Bit Server VM"/>
    <property name="localRepository" value="C:\Users\User\.m2\repository"/>
    <property name="java.vendor.url.bug" value="http://bugreport.sun.com/bugreport/"/>
    <property name="java.io.tmpdir" value="C:\Users\User\AppData\Local\Temp\"/>
    <property name="java.version" value="1.8.0_191"/>
    <property name="user.dir" value="C:\Projetos_MATERA\META\pdv\pdv"/>
    <property name="os.arch" value="amd64"/>
    <property name="java.vm.specification.name" value="Java Virtual Machine Specification"/>
    <property name="java.awt.printerjob" value="sun.awt.windows.WPrinterJob"/>
    <property name="sun.os.patch.level" value=""/>
    <property name="java.library.path" value="C:\tools\Java\jre\bin;C:\WINDOWS\Sun\Java\bin;C:\WINDOWS\system32;C:\WINDOWS;C:\Users\User\bin;C:\Program Files\Git\mingw64\bin;C:\Program Files\Git\usr\local\bin;C:\Program Files\Git\usr\bin;C:\Program Files\Git\usr\bin;C:\Program Files\Git\mingw64\bin;C:\Program Files\Git\usr\bin;C:\Users\User\bin;C:\Program Files (x86)\Common Files\Oracle\Java\javapath;C:\ProgramData\Oracle\Java\javapath;C:\OraClient10g\bin;C:\orant\bin;C:\Program Files (x86)\Intel\iCLS Client;C:\Program Files\Intel\iCLS Client;C:\WINDOWS\system32;C:\WINDOWS;C:\WINDOWS\System32\Wbem;C:\WINDOWS\System32\WindowsPowerShell\v1.0;C:\Program Files (x86)\Intel\Intel(R) Management Engine Components\DAL;C:\Program Files\Intel\Intel(R) Management Engine Components\DAL;C:\Program Files (x86)\Intel\Intel(R) Management Engine Components\IPT;C:\Program Files\Intel\Intel(R) Management Engine Components\IPT;C:\tools\Java\bin;C:\Program Files\TortoiseSVN\bin;C:\orant\jdk\bin;C:\Program Files\Git\cmd;C:\tools\apache-maven-3.6.1\bin;C:\MATERA\SPB;C:\tools\Tomcat\bin;%CCS%;%JUD%;C:\Program Files (x86)\Microsoft SQL Server\100\Tools\Binn\VSShell\Common7\IDE;C:\Program Files (x86)\Microsoft SQL Server\100\Tools\Binn;C:\Program Files\Microsoft SQL Server\100\Tools\Binn;C:\Program Files (x86)\Microsoft SQL Server\100\DTS\Binn;C:\Program Files\jEdit;C:\Program Files\nodejs;C:\Program Files\PuTTY;C:\Users\User\AppData\Local\Programs\Python\Python37-32\Scripts;C:\Users\User\AppData\Local\Programs\Python\Python37-32;C:\Program Files (x86)\CVSNT;C:\Users\User\AppData\Local\Microsoft\WindowsApps;C:\Users\User\AppData\Local\Programs\Microsoft VS Code\bin;C:\Users\User\AppData\Roaming\npm;C:\tools\heroku\bin;C:\Program Files\Git\usr\bin\vendor_perl;C:\Program Files\Git\usr\bin\core_perl;."/>
    <property name="java.vm.info" value="mixed mode"/>
    <property name="java.vendor" value="Oracle Corporation"/>
    <property name="java.vm.version" value="25.191-b12"/>
    <property name="java.ext.dirs" value="C:\tools\Java\jre\lib\ext;C:\WINDOWS\Sun\Java\lib\ext"/>
    <property name="sun.io.unicode.encoding" value="UnicodeLittle"/>
    <property name="java.class.version" value="52.0"/>
  </properties>
  <testcase name="deveBuscarTodos" classname="br.com.pdv.service.ClienteServiceTest" time="0.421">
    <error message="Failed to load ApplicationContext" type="java.lang.IllegalStateException">java.lang.IllegalStateException: Failed to load ApplicationContext
Caused by: org.springframework.beans.factory.BeanCreationException: Error creating bean with name 'org.springframework.security.oauth2.config.annotation.web.configuration.AuthorizationServerSecurityConfiguration': Injection of autowired dependencies failed; nested exception is java.lang.NumberFormatException: null
Caused by: java.lang.NumberFormatException: null
</error>
    <system-out><![CDATA[
  .   ____          _            __ _ _
 /\\ / ___'_ __ _ _(_)_ __  __ _ \ \ \ \
( ( )\___ | '_ | '_| | '_ \/ _` | \ \ \ \
 \\/  ___)| |_)| | | | | || (_| |  ) ) ) )
  '  |____| .__|_| |_|_| |_\__, | / / / /
 =========|_|==============|___/=/_/_/_/
 :: Spring Boot ::        (v2.1.5.RELEASE)

2019-06-25 15:06:23.901  INFO 16508 --- [           main] b.c.p.s.ClienteServiceTest               : Starting ClienteServiceTest on CP4475 with PID 16508 (started by User in C:\Projetos_MATERA\META\pdv\pdv)
2019-06-25 15:06:23.966  INFO 16508 --- [           main] b.c.p.s.ClienteServiceTest               : No active profile set, falling back to default profiles: default
2019-06-25 15:06:25.921  INFO 16508 --- [           main] .s.d.r.c.RepositoryConfigurationDelegate : Bootstrapping Spring Data repositories in DEFAULT mode.
2019-06-25 15:06:26.185  INFO 16508 --- [           main] .s.d.r.c.RepositoryConfigurationDelegate : Finished Spring Data repository scanning in 245ms. Found 3 repository interfaces.
2019-06-25 15:06:29.008  INFO 16508 --- [       Thread-5] o.s.b.a.m.e.EmbeddedMongo                : note: noprealloc may hurt performance in many applications
2019-06-25 15:06:29.010  INFO 16508 --- [       Thread-5] o.s.b.a.m.e.EmbeddedMongo                : 2019-06-25T15:06:28.812-0300 I CONTROL  [initandlisten] MongoDB starting : pid=16168 port=64645 dbpath=C:\Users\User\AppData\Local\Temp\embedmongo-db-ee59fea5-4509-4b50-89f4-d6f630183f2c 64-bit host=CP4475
2019-06-25 15:06:29.010  INFO 16508 --- [       Thread-5] o.s.b.a.m.e.EmbeddedMongo                : 2019-06-25T15:06:28.813-0300 I CONTROL  [initandlisten] targetMinOS: Windows Vista/Windows Server 2008
2019-06-25 15:06:29.016  INFO 16508 --- [       Thread-5] o.s.b.a.m.e.EmbeddedMongo                : 2019-06-25T15:06:28.813-0300 I CONTROL  [initandlisten] db version v3.5.5
2019-06-25 15:06:29.016  INFO 16508 --- [       Thread-5] o.s.b.a.m.e.EmbeddedMongo                : 2019-06-25T15:06:28.813-0300 I CONTROL  [initandlisten] git version: 98515c812b6fa893613f063dae568ff8319cbfbd
2019-06-25 15:06:29.023  INFO 16508 --- [       Thread-5] o.s.b.a.m.e.EmbeddedMongo                : 2019-06-25T15:06:28.813-0300 I CONTROL  [initandlisten] allocator: tcmalloc
2019-06-25 15:06:29.025  INFO 16508 --- [       Thread-5] o.s.b.a.m.e.EmbeddedMongo                : 2019-06-25T15:06:28.813-0300 I CONTROL  [initandlisten] modules: none
2019-06-25 15:06:29.026  INFO 16508 --- [       Thread-5] o.s.b.a.m.e.EmbeddedMongo                : 2019-06-25T15:06:28.813-0300 I CONTROL  [initandlisten] build environment:
2019-06-25 15:06:29.026  INFO 16508 --- [       Thread-5] o.s.b.a.m.e.EmbeddedMongo                : 2019-06-25T15:06:28.813-0300 I CONTROL  [initandlisten]     distarch: x86_64
2019-06-25 15:06:29.026  INFO 16508 --- [       Thread-5] o.s.b.a.m.e.EmbeddedMongo                : 2019-06-25T15:06:28.813-0300 I CONTROL  [initandlisten]     target_arch: x86_64
2019-06-25 15:06:29.027  INFO 16508 --- [       Thread-5] o.s.b.a.m.e.EmbeddedMongo                : 2019-06-25T15:06:28.813-0300 I CONTROL  [initandlisten] options: { net: { bindIp: "127.0.0.1", http: { enabled: false }, port: 64645 }, security: { authorization: "disabled" }, storage: { dbPath: "C:\Users\User\AppData\Local\Temp\embedmongo-db-ee59fea5-4509-4b50-89f4-d6f630183f2c", journal: { enabled: false }, mmapv1: { preallocDataFiles: false, smallFiles: true }, syncPeriodSecs: 0.0 } }
2019-06-25 15:06:29.027  INFO 16508 --- [       Thread-5] o.s.b.a.m.e.EmbeddedMongo                : 2019-06-25T15:06:28.814-0300 I STORAGE  [initandlisten] wiredtiger_open config: create,cache_size=3494M,session_max=20000,eviction=(threads_min=4,threads_max=4),config_base=false,statistics=(fast),log=(enabled=true,archive=true,path=journal,compressor=snappy),file_manager=(close_idle_time=100000),checkpoint=(wait=0,log_size=2GB),statistics_log=(wait=0),verbose=(recovery_progress),,log=(enabled=false),
2019-06-25 15:06:29.028  INFO 16508 --- [       Thread-5] o.s.b.a.m.e.EmbeddedMongo                : 2019-06-25T15:06:28.899-0300 W STORAGE  [initandlisten] Detected configuration for non-active storage engine mmapv1 when current storage engine is wiredTiger
2019-06-25 15:06:29.029  INFO 16508 --- [       Thread-5] o.s.b.a.m.e.EmbeddedMongo                : 2019-06-25T15:06:28.899-0300 I CONTROL  [initandlisten] 
2019-06-25 15:06:29.029  INFO 16508 --- [       Thread-5] o.s.b.a.m.e.EmbeddedMongo                : 2019-06-25T15:06:28.899-0300 I CONTROL  [initandlisten] ** NOTE: This is a development version (3.5.5) of MongoDB.
2019-06-25 15:06:29.030  INFO 16508 --- [       Thread-5] o.s.b.a.m.e.EmbeddedMongo                : 2019-06-25T15:06:28.899-0300 I CONTROL  [initandlisten] **       Not recommended for production.
2019-06-25 15:06:29.030  INFO 16508 --- [       Thread-5] o.s.b.a.m.e.EmbeddedMongo                : 2019-06-25T15:06:28.899-0300 I CONTROL  [initandlisten] 
2019-06-25 15:06:29.330  INFO 16508 --- [       Thread-5] o.s.b.a.m.e.EmbeddedMongo                : 2019-06-25T15:06:29.329-0300 W FTDC     [initandlisten] Failed to initialize Performance Counters for FTDC: WindowsPdhError: PdhExpandCounterPathW failed with 'O objeto especificado nÃ£o foi encontrado no computador.' for counter '\Memory\Available Bytes'
2019-06-25 15:06:29.330  INFO 16508 --- [       Thread-5] o.s.b.a.m.e.EmbeddedMongo                : 2019-06-25T15:06:29.329-0300 I FTDC     [initandlisten] Initializing full-time diagnostic data capture with directory 'C:/Users/User/AppData/Local/Temp/embedmongo-db-ee59fea5-4509-4b50-89f4-d6f630183f2c/diagnostic.data'
2019-06-25 15:06:29.380  INFO 16508 --- [       Thread-5] o.s.b.a.m.e.EmbeddedMongo                : 2019-06-25T15:06:29.380-0300 I INDEX    [initandlisten] build index on: admin.system.version properties: { v: 2, key: { version: 1 }, name: "incompatible_with_version_32", ns: "admin.system.version" }
2019-06-25 15:06:29.381  INFO 16508 --- [       Thread-5] o.s.b.a.m.e.EmbeddedMongo                : 2019-06-25T15:06:29.380-0300 I INDEX    [initandlisten] 	 building index using bulk method; build may temporarily use up to 500 megabytes of RAM
2019-06-25 15:06:29.389  INFO 16508 --- [       Thread-5] o.s.b.a.m.e.EmbeddedMongo                : 2019-06-25T15:06:29.389-0300 I INDEX    [initandlisten] build index done.  scanned 0 total records. 0 secs
2019-06-25 15:06:29.391  INFO 16508 --- [       Thread-5] o.s.b.a.m.e.EmbeddedMongo                : 2019-06-25T15:06:29.391-0300 I COMMAND  [initandlisten] setting featureCompatibilityVersion to 3.4
2019-06-25 15:06:29.394  INFO 16508 --- [       Thread-5] o.s.b.a.m.e.EmbeddedMongo                : 2019-06-25T15:06:29.394-0300 I NETWORK  [thread1] waiting for connections on port 64645
2019-06-25 15:06:29.394  INFO 16508 --- [           main] d.f.e.m.MongodExecutable                 : start de.flapdoodle.embed.mongo.config.MongodConfigBuilder$ImmutableMongodConfig@13646aca
2019-06-25 15:06:30.207  INFO 16508 --- [           main] o.m.d.cluster                            : Cluster created with settings {hosts=[localhost:64645], mode=MULTIPLE, requiredClusterType=UNKNOWN, serverSelectionTimeout='30000 ms', maxWaitQueueSize=500}
2019-06-25 15:06:30.208  INFO 16508 --- [           main] o.m.d.cluster                            : Adding discovered server localhost:64645 to client view of cluster
2019-06-25 15:06:30.387  INFO 16508 --- [       Thread-5] o.s.b.a.m.e.EmbeddedMongo                : 2019-06-25T15:06:30.387-0300 I NETWORK  [thread1] connection accepted from 127.0.0.1:64653 #1 (1 connection now open)
2019-06-25 15:06:30.449  INFO 16508 --- [       Thread-5] o.s.b.a.m.e.EmbeddedMongo                : 2019-06-25T15:06:30.449-0300 I NETWORK  [conn1] received client metadata from 127.0.0.1:64653 conn1: { driver: { name: "mongo-java-driver", version: "3.8.2" }, os: { type: "Windows", name: "Windows 10", architecture: "amd64", version: "10.0" }, platform: "Java/Oracle Corporation/1.8.0_191-b12" }
2019-06-25 15:06:30.564  INFO 16508 --- [localhost:64645] o.m.d.connection                         : Opened connection [connectionId{localValue:1, serverValue:1}] to localhost:64645
2019-06-25 15:06:30.574  INFO 16508 --- [localhost:64645] o.m.d.cluster                            : Monitor thread successfully connected to server with description ServerDescription{address=localhost:64645, type=STANDALONE, state=CONNECTED, ok=true, version=ServerVersion{versionList=[3, 5, 5]}, minWireVersion=0, maxWireVersion=5, maxDocumentSize=16777216, logicalSessionTimeoutMinutes=null, roundTripTimeNanos=5099520}
2019-06-25 15:06:30.580  INFO 16508 --- [localhost:64645] o.m.d.cluster                            : Discovered cluster type of STANDALONE
2019-06-25 15:06:31.950  INFO 16508 --- [       Thread-5] o.s.b.a.m.e.EmbeddedMongo                : 2019-06-25T15:06:31.951-0300 I NETWORK  [thread1] connection accepted from 127.0.0.1:64654 #2 (2 connections now open)
2019-06-25 15:06:31.953  INFO 16508 --- [       Thread-5] o.s.b.a.m.e.EmbeddedMongo                : 2019-06-25T15:06:31.953-0300 I NETWORK  [conn2] received client metadata from 127.0.0.1:64654 conn2: { driver: { name: "mongo-java-driver", version: "3.8.2" }, os: { type: "Windows", name: "Windows 10", architecture: "amd64", version: "10.0" }, platform: "Java/Oracle Corporation/1.8.0_191-b12" }
2019-06-25 15:06:31.957  INFO 16508 --- [           main] o.m.d.connection                         : Opened connection [connectionId{localValue:2, serverValue:2}] to localhost:64645
2019-06-25 15:06:33.434  WARN 16508 --- [           main] b.c.p.c.Propriedades                     : Configuracao oauth2.prazo.token nao localizada
2019-06-25 15:06:33.437  WARN 16508 --- [           main] s.c.a.AnnotationConfigApplicationContext : Exception encountered during context initialization - cancelling refresh attempt: org.springframework.beans.factory.BeanCreationException: Error creating bean with name 'org.springframework.security.oauth2.config.annotation.web.configuration.AuthorizationServerSecurityConfiguration': Injection of autowired dependencies failed; nested exception is java.lang.NumberFormatException: null
2019-06-25 15:06:33.478  INFO 16508 --- [           main] o.m.d.connection                         : Closed connection [connectionId{localValue:2, serverValue:2}] to localhost:64645 because the pool has been closed.
2019-06-25 15:06:33.481  INFO 16508 --- [       Thread-5] o.s.b.a.m.e.EmbeddedMongo                : 2019-06-25T15:06:33.481-0300 I -        [conn2] end connection 127.0.0.1:64654 (2 connections now open)
2019-06-25 15:06:33.485  INFO 16508 --- [       Thread-5] o.s.b.a.m.e.EmbeddedMongo                : 2019-06-25T15:06:33.485-0300 I -        [conn1] end connection 127.0.0.1:64653 (1 connection now open)
2019-06-25 15:06:33.492  INFO 16508 --- [       Thread-5] o.s.b.a.m.e.EmbeddedMongo                : 2019-06-25T15:06:33.492-0300 I NETWORK  [thread1] connection accepted from 127.0.0.1:64656 #3 (1 connection now open)
2019-06-25 15:06:33.500  INFO 16508 --- [       Thread-5] o.s.b.a.m.e.EmbeddedMongo                : 2019-06-25T15:06:33.500-0300 I COMMAND  [conn3] terminating, shutdown command received
2019-06-25 15:06:33.504  INFO 16508 --- [       Thread-5] o.s.b.a.m.e.EmbeddedMongo                : 2019-06-25T15:06:33.503-0300 I NETWORK  [conn3] shutdown: going to close listening sockets...
2019-06-25 15:06:33.504  INFO 16508 --- [       Thread-5] o.s.b.a.m.e.EmbeddedMongo                : 2019-06-25T15:06:33.503-0300 I NETWORK  [conn3] closing listening socket: 584
2019-06-25 15:06:33.511  INFO 16508 --- [       Thread-5] o.s.b.a.m.e.EmbeddedMongo                : 2019-06-25T15:06:33.503-0300 I NETWORK  [conn3] shutdown: going to flush diaglog...
2019-06-25 15:06:33.515  INFO 16508 --- [       Thread-5] o.s.b.a.m.e.EmbeddedMongo                : 2019-06-25T15:06:33.515-0300 I FTDC     [conn3] Shutting down full-time diagnostic data capture
2019-06-25 15:06:33.521  INFO 16508 --- [       Thread-5] o.s.b.a.m.e.EmbeddedMongo                : 2019-06-25T15:06:33.520-0300 I STORAGE  [conn3] WiredTigerKVEngine shutting down
2019-06-25 15:06:33.600  INFO 16508 --- [       Thread-5] o.s.b.a.m.e.EmbeddedMongo                : 2019-06-25T15:06:33.600-0300 I STORAGE  [conn3] shutdown: removing fs lock...
2019-06-25 15:06:33.614  INFO 16508 --- [       Thread-5] o.s.b.a.m.e.EmbeddedMongo                : 2019-06-25T15:06:33.614-0300 I CONTROL  [conn3] now exiting
2019-06-25 15:06:33.614  INFO 16508 --- [       Thread-5] o.s.b.a.m.e.EmbeddedMongo                : 2019-06-25T15:06:33.614-0300 I CONTROL  [conn3] shutting down with code:0
2019-06-25 15:06:33.758  INFO 16508 --- [           main] ConditionEvaluationReportLoggingListener : 

Error starting ApplicationContext. To display the conditions report re-run your application with 'debug' enabled.
2019-06-25 15:06:33.767 ERROR 16508 --- [           main] o.s.b.SpringApplication                  : Application run failed

org.springframework.beans.factory.BeanCreationException: Error creating bean with name 'org.springframework.security.oauth2.config.annotation.web.configuration.AuthorizationServerSecurityConfiguration': Injection of autowired dependencies failed; nested exception is java.lang.NumberFormatException: null
	at org.springframework.beans.factory.annotation.AutowiredAnnotationBeanPostProcessor.postProcessProperties(AutowiredAnnotationBeanPostProcessor.java:380) ~[spring-beans-5.1.7.RELEASE.jar:5.1.7.RELEASE]
	at org.springframework.beans.factory.support.AbstractAutowireCapableBeanFactory.populateBean(AbstractAutowireCapableBeanFactory.java:1411) ~[spring-beans-5.1.7.RELEASE.jar:5.1.7.RELEASE]
	at org.springframework.beans.factory.support.AbstractAutowireCapableBeanFactory.doCreateBean(AbstractAutowireCapableBeanFactory.java:592) ~[spring-beans-5.1.7.RELEASE.jar:5.1.7.RELEASE]
	at org.springframework.beans.factory.support.AbstractAutowireCapableBeanFactory.createBean(AbstractAutowireCapableBeanFactory.java:515) ~[spring-beans-5.1.7.RELEASE.jar:5.1.7.RELEASE]
	at org.springframework.beans.factory.support.AbstractBeanFactory.lambda$doGetBean$0(AbstractBeanFactory.java:320) ~[spring-beans-5.1.7.RELEASE.jar:5.1.7.RELEASE]
	at org.springframework.beans.factory.support.DefaultSingletonBeanRegistry.getSingleton(DefaultSingletonBeanRegistry.java:222) ~[spring-beans-5.1.7.RELEASE.jar:5.1.7.RELEASE]
	at org.springframework.beans.factory.support.AbstractBeanFactory.doGetBean(AbstractBeanFactory.java:318) ~[spring-beans-5.1.7.RELEASE.jar:5.1.7.RELEASE]
	at org.springframework.beans.factory.support.AbstractBeanFactory.getBean(AbstractBeanFactory.java:199) ~[spring-beans-5.1.7.RELEASE.jar:5.1.7.RELEASE]
	at org.springframework.beans.factory.support.DefaultListableBeanFactory.preInstantiateSingletons(DefaultListableBeanFactory.java:843) ~[spring-beans-5.1.7.RELEASE.jar:5.1.7.RELEASE]
	at org.springframework.context.support.AbstractApplicationContext.finishBeanFactoryInitialization(AbstractApplicationContext.java:877) ~[spring-context-5.1.7.RELEASE.jar:5.1.7.RELEASE]
	at org.springframework.context.support.AbstractApplicationContext.refresh(AbstractApplicationContext.java:549) ~[spring-context-5.1.7.RELEASE.jar:5.1.7.RELEASE]
	at org.springframework.boot.SpringApplication.refresh(SpringApplication.java:775) [spring-boot-2.1.5.RELEASE.jar:2.1.5.RELEASE]
	at org.springframework.boot.SpringApplication.refreshContext(SpringApplication.java:397) [spring-boot-2.1.5.RELEASE.jar:2.1.5.RELEASE]
	at org.springframework.boot.SpringApplication.run(SpringApplication.java:316) [spring-boot-2.1.5.RELEASE.jar:2.1.5.RELEASE]
	at org.springframework.boot.test.context.SpringBootContextLoader.loadContext(SpringBootContextLoader.java:127) [spring-boot-test-2.1.5.RELEASE.jar:2.1.5.RELEASE]
	at org.springframework.test.context.cache.DefaultCacheAwareContextLoaderDelegate.loadContextInternal(DefaultCacheAwareContextLoaderDelegate.java:99) [spring-test-5.1.7.RELEASE.jar:5.1.7.RELEASE]
	at org.springframework.test.context.cache.DefaultCacheAwareContextLoaderDelegate.loadContext(DefaultCacheAwareContextLoaderDelegate.java:117) [spring-test-5.1.7.RELEASE.jar:5.1.7.RELEASE]
	at org.springframework.test.context.support.DefaultTestContext.getApplicationContext(DefaultTestContext.java:108) [spring-test-5.1.7.RELEASE.jar:5.1.7.RELEASE]
	at org.springframework.test.context.support.DependencyInjectionTestExecutionListener.injectDependencies(DependencyInjectionTestExecutionListener.java:118) [spring-test-5.1.7.RELEASE.jar:5.1.7.RELEASE]
	at org.springframework.test.context.support.DependencyInjectionTestExecutionListener.prepareTestInstance(DependencyInjectionTestExecutionListener.java:83) [spring-test-5.1.7.RELEASE.jar:5.1.7.RELEASE]
	at org.springframework.boot.test.autoconfigure.SpringBootDependencyInjectionTestExecutionListener.prepareTestInstance(SpringBootDependencyInjectionTestExecutionListener.java:44) [spring-boot-test-autoconfigure-2.1.5.RELEASE.jar:2.1.5.RELEASE]
	at org.springframework.test.context.TestContextManager.prepareTestInstance(TestContextManager.java:246) [spring-test-5.1.7.RELEASE.jar:5.1.7.RELEASE]
	at org.springframework.test.context.junit4.SpringJUnit4ClassRunner.createTest(SpringJUnit4ClassRunner.java:227) [spring-test-5.1.7.RELEASE.jar:5.1.7.RELEASE]
	at org.springframework.test.context.junit4.SpringJUnit4ClassRunner$1.runReflectiveCall(SpringJUnit4ClassRunner.java:289) [spring-test-5.1.7.RELEASE.jar:5.1.7.RELEASE]
	at org.junit.internal.runners.model.ReflectiveCallable.run(ReflectiveCallable.java:12) [junit-4.12.jar:4.12]
	at org.springframework.test.context.junit4.SpringJUnit4ClassRunner.methodBlock(SpringJUnit4ClassRunner.java:291) [spring-test-5.1.7.RELEASE.jar:5.1.7.RELEASE]
	at org.springframework.test.context.junit4.SpringJUnit4ClassRunner.runChild(SpringJUnit4ClassRunner.java:246) [spring-test-5.1.7.RELEASE.jar:5.1.7.RELEASE]
	at org.springframework.test.context.junit4.SpringJUnit4ClassRunner.runChild(SpringJUnit4ClassRunner.java:97) [spring-test-5.1.7.RELEASE.jar:5.1.7.RELEASE]
	at org.junit.runners.ParentRunner$3.run(ParentRunner.java:290) [junit-4.12.jar:4.12]
	at org.junit.runners.ParentRunner$1.schedule(ParentRunner.java:71) [junit-4.12.jar:4.12]
	at org.junit.runners.ParentRunner.runChildren(ParentRunner.java:288) [junit-4.12.jar:4.12]
	at org.junit.runners.ParentRunner.access$000(ParentRunner.java:58) [junit-4.12.jar:4.12]
	at org.junit.runners.ParentRunner$2.evaluate(ParentRunner.java:268) [junit-4.12.jar:4.12]
	at org.springframework.test.context.junit4.statements.RunBeforeTestClassCallbacks.evaluate(RunBeforeTestClassCallbacks.java:61) [spring-test-5.1.7.RELEASE.jar:5.1.7.RELEASE]
	at org.springframework.test.context.junit4.statements.RunAfterTestClassCallbacks.evaluate(RunAfterTestClassCallbacks.java:70) [spring-test-5.1.7.RELEASE.jar:5.1.7.RELEASE]
	at org.junit.runners.ParentRunner.run(ParentRunner.java:363) [junit-4.12.jar:4.12]
	at org.springframework.test.context.junit4.SpringJUnit4ClassRunner.run(SpringJUnit4ClassRunner.java:190) [spring-test-5.1.7.RELEASE.jar:5.1.7.RELEASE]
	at org.powermock.modules.junit4.internal.impl.DelegatingPowerMockRunner$2.call(DelegatingPowerMockRunner.java:149) [powermock-module-junit4-2.0.2.jar:2.0.2]
	at org.powermock.modules.junit4.internal.impl.DelegatingPowerMockRunner$2.call(DelegatingPowerMockRunner.java:141) [powermock-module-junit4-2.0.2.jar:2.0.2]
	at org.powermock.modules.junit4.internal.impl.DelegatingPowerMockRunner.withContextClassLoader(DelegatingPowerMockRunner.java:132) [powermock-module-junit4-2.0.2.jar:2.0.2]
	at org.powermock.modules.junit4.internal.impl.DelegatingPowerMockRunner.run(DelegatingPowerMockRunner.java:141) [powermock-module-junit4-2.0.2.jar:2.0.2]
	at org.powermock.modules.junit4.common.internal.impl.JUnit4TestSuiteChunkerImpl.run(JUnit4TestSuiteChunkerImpl.java:117) [powermock-module-junit4-common-2.0.2.jar:2.0.2]
	at org.powermock.modules.junit4.common.internal.impl.AbstractCommonPowerMockRunner.run(AbstractCommonPowerMockRunner.java:57) [powermock-module-junit4-common-2.0.2.jar:2.0.2]
	at org.powermock.modules.junit4.PowerMockRunner.run(PowerMockRunner.java:59) [powermock-module-junit4-2.0.2.jar:2.0.2]
	at org.apache.maven.surefire.junit4.JUnit4Provider.execute(JUnit4Provider.java:365) [surefire-junit4-2.22.2.jar:2.22.2]
	at org.apache.maven.surefire.junit4.JUnit4Provider.executeWithRerun(JUnit4Provider.java:273) [surefire-junit4-2.22.2.jar:2.22.2]
	at org.apache.maven.surefire.junit4.JUnit4Provider.executeTestSet(JUnit4Provider.java:238) [surefire-junit4-2.22.2.jar:2.22.2]
	at org.apache.maven.surefire.junit4.JUnit4Provider.invoke(JUnit4Provider.java:159) [surefire-junit4-2.22.2.jar:2.22.2]
	at org.apache.maven.surefire.booter.ForkedBooter.invokeProviderInSameClassLoader(ForkedBooter.java:384) [surefire-booter-2.22.2.jar:2.22.2]
	at org.apache.maven.surefire.booter.ForkedBooter.runSuitesInProcess(ForkedBooter.java:345) [surefire-booter-2.22.2.jar:2.22.2]
	at org.apache.maven.surefire.booter.ForkedBooter.execute(ForkedBooter.java:126) [surefire-booter-2.22.2.jar:2.22.2]
	at org.apache.maven.surefire.booter.ForkedBooter.main(ForkedBooter.java:418) [surefire-booter-2.22.2.jar:2.22.2]
Caused by: java.lang.NumberFormatException: null
	at java.lang.Integer.parseInt(Integer.java:542) ~[?:1.8.0_191]
	at java.lang.Integer.valueOf(Integer.java:766) ~[?:1.8.0_191]
	at br.com.pdv.security.AuthorizationServerConfiguration.inicializaCredenciais(AuthorizationServerConfiguration.java:51) ~[classes/:?]
	at br.com.pdv.security.AuthorizationServerConfiguration.configure(AuthorizationServerConfiguration.java:39) ~[classes/:?]
	at org.springframework.security.oauth2.config.annotation.web.configuration.AuthorizationServerSecurityConfiguration.configure(AuthorizationServerSecurityConfiguration.java:58) ~[spring-security-oauth2-2.3.5.RELEASE.jar:?]
	at sun.reflect.NativeMethodAccessorImpl.invoke0(Native Method) ~[?:1.8.0_191]
	at sun.reflect.NativeMethodAccessorImpl.invoke(NativeMethodAccessorImpl.java:62) ~[?:1.8.0_191]
	at sun.reflect.DelegatingMethodAccessorImpl.invoke(DelegatingMethodAccessorImpl.java:43) ~[?:1.8.0_191]
	at java.lang.reflect.Method.invoke(Method.java:498) ~[?:1.8.0_191]
	at org.springframework.beans.factory.annotation.AutowiredAnnotationBeanPostProcessor$AutowiredMethodElement.inject(AutowiredAnnotationBeanPostProcessor.java:708) ~[spring-beans-5.1.7.RELEASE.jar:5.1.7.RELEASE]
	at org.springframework.beans.factory.annotation.InjectionMetadata.inject(InjectionMetadata.java:90) ~[spring-beans-5.1.7.RELEASE.jar:5.1.7.RELEASE]
	at org.springframework.beans.factory.annotation.AutowiredAnnotationBeanPostProcessor.postProcessProperties(AutowiredAnnotationBeanPostProcessor.java:374) ~[spring-beans-5.1.7.RELEASE.jar:5.1.7.RELEASE]
	... 51 more


  .   ____          _            __ _ _
 /\\ / ___'_ __ _ _(_)_ __  __ _ \ \ \ \
( ( )\___ | '_ | '_| | '_ \/ _` | \ \ \ \
 \\/  ___)| |_)| | | | | || (_| |  ) ) ) )
  '  |____| .__|_| |_|_| |_\__, | / / / /
 =========|_|==============|___/=/_/_/_/
 :: Spring Boot ::        (v2.1.5.RELEASE)

2019-06-25 18:06:33.995  INFO 16508 --- [           main] b.c.p.s.ClienteServiceTest               : Starting ClienteServiceTest on CP4475 with PID 16508 (started by User in C:\Projetos_MATERA\META\pdv\pdv)
2019-06-25 18:06:33.997  INFO 16508 --- [           main] b.c.p.s.ClienteServiceTest               : No active profile set, falling back to default profiles: default
2019-06-25 18:06:34.387  INFO 16508 --- [           main] .s.d.r.c.RepositoryConfigurationDelegate : Bootstrapping Spring Data repositories in DEFAULT mode.
2019-06-25 18:06:34.451  INFO 16508 --- [           main] .s.d.r.c.RepositoryConfigurationDelegate : Finished Spring Data repository scanning in 63ms. Found 3 repository interfaces.
2019-06-25 18:06:35.071  INFO 16508 --- [       Thread-8] o.s.b.a.m.e.EmbeddedMongo                : note: noprealloc may hurt performance in many applications
2019-06-25 18:06:35.155  INFO 16508 --- [       Thread-8] o.s.b.a.m.e.EmbeddedMongo                : 2019-06-25T15:06:35.155-0300 I CONTROL  [initandlisten] MongoDB starting : pid=3476 port=64676 dbpath=C:\Users\User\AppData\Local\Temp\embedmongo-db-2e95331f-3059-4b5f-b908-1db506a046be 64-bit host=CP4475
2019-06-25 18:06:35.156  INFO 16508 --- [       Thread-8] o.s.b.a.m.e.EmbeddedMongo                : 2019-06-25T15:06:35.155-0300 I CONTROL  [initandlisten] targetMinOS: Windows Vista/Windows Server 2008
2019-06-25 18:06:35.156  INFO 16508 --- [       Thread-8] o.s.b.a.m.e.EmbeddedMongo                : 2019-06-25T15:06:35.155-0300 I CONTROL  [initandlisten] db version v3.5.5
2019-06-25 18:06:35.156  INFO 16508 --- [       Thread-8] o.s.b.a.m.e.EmbeddedMongo                : 2019-06-25T15:06:35.155-0300 I CONTROL  [initandlisten] git version: 98515c812b6fa893613f063dae568ff8319cbfbd
2019-06-25 18:06:35.156  INFO 16508 --- [       Thread-8] o.s.b.a.m.e.EmbeddedMongo                : 2019-06-25T15:06:35.155-0300 I CONTROL  [initandlisten] allocator: tcmalloc
2019-06-25 18:06:35.157  INFO 16508 --- [       Thread-8] o.s.b.a.m.e.EmbeddedMongo                : 2019-06-25T15:06:35.155-0300 I CONTROL  [initandlisten] modules: none
2019-06-25 18:06:35.157  INFO 16508 --- [       Thread-8] o.s.b.a.m.e.EmbeddedMongo                : 2019-06-25T15:06:35.155-0300 I CONTROL  [initandlisten] build environment:
2019-06-25 18:06:35.157  INFO 16508 --- [       Thread-8] o.s.b.a.m.e.EmbeddedMongo                : 2019-06-25T15:06:35.155-0300 I CONTROL  [initandlisten]     distarch: x86_64
2019-06-25 18:06:35.157  INFO 16508 --- [       Thread-8] o.s.b.a.m.e.EmbeddedMongo                : 2019-06-25T15:06:35.155-0300 I CONTROL  [initandlisten]     target_arch: x86_64
2019-06-25 18:06:35.158  INFO 16508 --- [       Thread-8] o.s.b.a.m.e.EmbeddedMongo                : 2019-06-25T15:06:35.155-0300 I CONTROL  [initandlisten] options: { net: { bindIp: "127.0.0.1", http: { enabled: false }, port: 64676 }, security: { authorization: "disabled" }, storage: { dbPath: "C:\Users\User\AppData\Local\Temp\embedmongo-db-2e95331f-3059-4b5f-b908-1db506a046be", journal: { enabled: false }, mmapv1: { preallocDataFiles: false, smallFiles: true }, syncPeriodSecs: 0.0 } }
2019-06-25 18:06:35.158  INFO 16508 --- [       Thread-8] o.s.b.a.m.e.EmbeddedMongo                : 2019-06-25T15:06:35.157-0300 I STORAGE  [initandlisten] wiredtiger_open config: create,cache_size=3494M,session_max=20000,eviction=(threads_min=4,threads_max=4),config_base=false,statistics=(fast),log=(enabled=true,archive=true,path=journal,compressor=snappy),file_manager=(close_idle_time=100000),checkpoint=(wait=0,log_size=2GB),statistics_log=(wait=0),verbose=(recovery_progress),,log=(enabled=false),
2019-06-25 18:06:35.240  INFO 16508 --- [       Thread-8] o.s.b.a.m.e.EmbeddedMongo                : 2019-06-25T15:06:35.239-0300 W STORAGE  [initandlisten] Detected configuration for non-active storage engine mmapv1 when current storage engine is wiredTiger
2019-06-25 18:06:35.240  INFO 16508 --- [       Thread-8] o.s.b.a.m.e.EmbeddedMongo                : 2019-06-25T15:06:35.239-0300 I CONTROL  [initandlisten] 
2019-06-25 18:06:35.240  INFO 16508 --- [       Thread-8] o.s.b.a.m.e.EmbeddedMongo                : 2019-06-25T15:06:35.239-0300 I CONTROL  [initandlisten] ** NOTE: This is a development version (3.5.5) of MongoDB.
2019-06-25 18:06:35.240  INFO 16508 --- [       Thread-8] o.s.b.a.m.e.EmbeddedMongo                : 2019-06-25T15:06:35.239-0300 I CONTROL  [initandlisten] **       Not recommended for production.
2019-06-25 18:06:35.240  INFO 16508 --- [       Thread-8] o.s.b.a.m.e.EmbeddedMongo                : 2019-06-25T15:06:35.239-0300 I CONTROL  [initandlisten] 
2019-06-25 18:06:35.519  INFO 16508 --- [       Thread-8] o.s.b.a.m.e.EmbeddedMongo                : 2019-06-25T15:06:35.519-0300 W FTDC     [initandlisten] Failed to initialize Performance Counters for FTDC: WindowsPdhError: PdhExpandCounterPathW failed with 'O objeto especificado nÃ£o foi encontrado no computador.' for counter '\Memory\Available Bytes'
2019-06-25 18:06:35.519  INFO 16508 --- [       Thread-8] o.s.b.a.m.e.EmbeddedMongo                : 2019-06-25T15:06:35.519-0300 I FTDC     [initandlisten] Initializing full-time diagnostic data capture with directory 'C:/Users/User/AppData/Local/Temp/embedmongo-db-2e95331f-3059-4b5f-b908-1db506a046be/diagnostic.data'
2019-06-25 18:06:35.565  INFO 16508 --- [       Thread-8] o.s.b.a.m.e.EmbeddedMongo                : 2019-06-25T15:06:35.565-0300 I INDEX    [initandlisten] build index on: admin.system.version properties: { v: 2, key: { version: 1 }, name: "incompatible_with_version_32", ns: "admin.system.version" }
2019-06-25 18:06:35.566  INFO 16508 --- [       Thread-8] o.s.b.a.m.e.EmbeddedMongo                : 2019-06-25T15:06:35.565-0300 I INDEX    [initandlisten] 	 building index using bulk method; build may temporarily use up to 500 megabytes of RAM
2019-06-25 18:06:35.572  INFO 16508 --- [       Thread-8] o.s.b.a.m.e.EmbeddedMongo                : 2019-06-25T15:06:35.572-0300 I INDEX    [initandlisten] build index done.  scanned 0 total records. 0 secs
2019-06-25 18:06:35.573  INFO 16508 --- [       Thread-8] o.s.b.a.m.e.EmbeddedMongo                : 2019-06-25T15:06:35.573-0300 I COMMAND  [initandlisten] setting featureCompatibilityVersion to 3.4
2019-06-25 18:06:35.578  INFO 16508 --- [       Thread-8] o.s.b.a.m.e.EmbeddedMongo                : 2019-06-25T15:06:35.578-0300 I NETWORK  [thread1] waiting for connections on port 64676
2019-06-25 18:06:35.579  INFO 16508 --- [           main] d.f.e.m.MongodExecutable                 : start de.flapdoodle.embed.mongo.config.MongodConfigBuilder$ImmutableMongodConfig@611c8e45
2019-06-25 18:06:35.596  INFO 16508 --- [           main] o.m.d.cluster                            : Cluster created with settings {hosts=[localhost:64676], mode=MULTIPLE, requiredClusterType=UNKNOWN, serverSelectionTimeout='30000 ms', maxWaitQueueSize=500}
2019-06-25 18:06:35.597  INFO 16508 --- [           main] o.m.d.cluster                            : Adding discovered server localhost:64676 to client view of cluster
2019-06-25 18:06:35.610  INFO 16508 --- [       Thread-8] o.s.b.a.m.e.EmbeddedMongo                : 2019-06-25T15:06:35.610-0300 I NETWORK  [thread1] connection accepted from 127.0.0.1:64677 #1 (1 connection now open)
2019-06-25 18:06:35.667  INFO 16508 --- [       Thread-8] o.s.b.a.m.e.EmbeddedMongo                : 2019-06-25T15:06:35.667-0300 I NETWORK  [conn1] received client metadata from 127.0.0.1:64677 conn1: { driver: { name: "mongo-java-driver", version: "3.8.2" }, os: { type: "Windows", name: "Windows 10", architecture: "amd64", version: "10.0" }, platform: "Java/Oracle Corporation/1.8.0_191-b12" }
2019-06-25 18:06:35.673  INFO 16508 --- [localhost:64676] o.m.d.connection                         : Opened connection [connectionId{localValue:3, serverValue:1}] to localhost:64676
2019-06-25 18:06:35.676  INFO 16508 --- [localhost:64676] o.m.d.cluster                            : Monitor thread successfully connected to server with description ServerDescription{address=localhost:64676, type=STANDALONE, state=CONNECTED, ok=true, version=ServerVersion{versionList=[3, 5, 5]}, minWireVersion=0, maxWireVersion=5, maxDocumentSize=16777216, logicalSessionTimeoutMinutes=null, roundTripTimeNanos=1607680}
2019-06-25 18:06:35.676  INFO 16508 --- [localhost:64676] o.m.d.cluster                            : Discovered cluster type of STANDALONE
2019-06-25 18:06:35.926  INFO 16508 --- [       Thread-8] o.s.b.a.m.e.EmbeddedMongo                : 2019-06-25T15:06:35.926-0300 I NETWORK  [thread1] connection accepted from 127.0.0.1:64678 #2 (2 connections now open)
2019-06-25 18:06:35.956  INFO 16508 --- [       Thread-8] o.s.b.a.m.e.EmbeddedMongo                : 2019-06-25T15:06:35.956-0300 I NETWORK  [conn2] received client metadata from 127.0.0.1:64678 conn2: { driver: { name: "mongo-java-driver", version: "3.8.2" }, os: { type: "Windows", name: "Windows 10", architecture: "amd64", version: "10.0" }, platform: "Java/Oracle Corporation/1.8.0_191-b12" }
2019-06-25 18:06:35.977  INFO 16508 --- [           main] o.m.d.connection                         : Opened connection [connectionId{localValue:4, serverValue:2}] to localhost:64676
2019-06-25 18:06:36.389  WARN 16508 --- [           main] b.c.p.c.Propriedades                     : Configuracao oauth2.prazo.token nao localizada
2019-06-25 18:06:36.389  WARN 16508 --- [           main] s.c.a.AnnotationConfigApplicationContext : Exception encountered during context initialization - cancelling refresh attempt: org.springframework.beans.factory.BeanCreationException: Error creating bean with name 'org.springframework.security.oauth2.config.annotation.web.configuration.AuthorizationServerSecurityConfiguration': Injection of autowired dependencies failed; nested exception is java.lang.NumberFormatException: null
2019-06-25 18:06:36.391  INFO 16508 --- [           main] o.m.d.connection                         : Closed connection [connectionId{localValue:4, serverValue:2}] to localhost:64676 because the pool has been closed.
2019-06-25 18:06:36.392  INFO 16508 --- [       Thread-8] o.s.b.a.m.e.EmbeddedMongo                : 2019-06-25T15:06:36.392-0300 I -        [conn2] end connection 127.0.0.1:64678 (2 connections now open)
2019-06-25 18:06:36.395  INFO 16508 --- [       Thread-8] o.s.b.a.m.e.EmbeddedMongo                : 2019-06-25T15:06:36.395-0300 I NETWORK  [thread1] connection accepted from 127.0.0.1:64679 #3 (2 connections now open)
2019-06-25 18:06:36.397  INFO 16508 --- [       Thread-8] o.s.b.a.m.e.EmbeddedMongo                : 2019-06-25T15:06:36.396-0300 I -        [conn1] end connection 127.0.0.1:64677 (2 connections now open)
2019-06-25 18:06:36.399  INFO 16508 --- [       Thread-8] o.s.b.a.m.e.EmbeddedMongo                : 2019-06-25T15:06:36.399-0300 I COMMAND  [conn3] terminating, shutdown command received
2019-06-25 18:06:36.400  INFO 16508 --- [       Thread-8] o.s.b.a.m.e.EmbeddedMongo                : 2019-06-25T15:06:36.400-0300 I NETWORK  [conn3] shutdown: going to close listening sockets...
2019-06-25 18:06:36.400  INFO 16508 --- [       Thread-8] o.s.b.a.m.e.EmbeddedMongo                : 2019-06-25T15:06:36.400-0300 I NETWORK  [conn3] closing listening socket: 596
2019-06-25 18:06:36.400  INFO 16508 --- [       Thread-8] o.s.b.a.m.e.EmbeddedMongo                : 2019-06-25T15:06:36.400-0300 I NETWORK  [conn3] shutdown: going to flush diaglog...
2019-06-25 18:06:36.400  INFO 16508 --- [       Thread-8] o.s.b.a.m.e.EmbeddedMongo                : 2019-06-25T15:06:36.400-0300 I FTDC     [conn3] Shutting down full-time diagnostic data capture
2019-06-25 18:06:36.404  INFO 16508 --- [       Thread-8] o.s.b.a.m.e.EmbeddedMongo                : 2019-06-25T15:06:36.404-0300 I STORAGE  [conn3] WiredTigerKVEngine shutting down
2019-06-25 18:06:36.441  INFO 16508 --- [       Thread-8] o.s.b.a.m.e.EmbeddedMongo                : 2019-06-25T15:06:36.441-0300 I STORAGE  [conn3] shutdown: removing fs lock...
2019-06-25 18:06:36.443  INFO 16508 --- [       Thread-8] o.s.b.a.m.e.EmbeddedMongo                : 2019-06-25T15:06:36.443-0300 I CONTROL  [conn3] now exiting
2019-06-25 18:06:36.443  INFO 16508 --- [       Thread-8] o.s.b.a.m.e.EmbeddedMongo                : 2019-06-25T15:06:36.443-0300 I CONTROL  [conn3] shutting down with code:0
2019-06-25 18:06:36.443  INFO 16508 --- [       Thread-8] o.s.b.a.m.e.EmbeddedMongo                : 2019-06-25T15:06:36.443-0300 I CONTROL  [initandlisten] shutting down with code:0
2019-06-25 18:06:36.564  INFO 16508 --- [           main] ConditionEvaluationReportLoggingListener : 

Error starting ApplicationContext. To display the conditions report re-run your application with 'debug' enabled.
2019-06-25 18:06:36.564 ERROR 16508 --- [           main] o.s.b.SpringApplication                  : Application run failed

org.springframework.beans.factory.BeanCreationException: Error creating bean with name 'org.springframework.security.oauth2.config.annotation.web.configuration.AuthorizationServerSecurityConfiguration': Injection of autowired dependencies failed; nested exception is java.lang.NumberFormatException: null
	at org.springframework.beans.factory.annotation.AutowiredAnnotationBeanPostProcessor.postProcessProperties(AutowiredAnnotationBeanPostProcessor.java:380) ~[spring-beans-5.1.7.RELEASE.jar:5.1.7.RELEASE]
	at org.springframework.beans.factory.support.AbstractAutowireCapableBeanFactory.populateBean(AbstractAutowireCapableBeanFactory.java:1411) ~[spring-beans-5.1.7.RELEASE.jar:5.1.7.RELEASE]
	at org.springframework.beans.factory.support.AbstractAutowireCapableBeanFactory.doCreateBean(AbstractAutowireCapableBeanFactory.java:592) ~[spring-beans-5.1.7.RELEASE.jar:5.1.7.RELEASE]
	at org.springframework.beans.factory.support.AbstractAutowireCapableBeanFactory.createBean(AbstractAutowireCapableBeanFactory.java:515) ~[spring-beans-5.1.7.RELEASE.jar:5.1.7.RELEASE]
	at org.springframework.beans.factory.support.AbstractBeanFactory.lambda$doGetBean$0(AbstractBeanFactory.java:320) ~[spring-beans-5.1.7.RELEASE.jar:5.1.7.RELEASE]
	at org.springframework.beans.factory.support.DefaultSingletonBeanRegistry.getSingleton(DefaultSingletonBeanRegistry.java:222) ~[spring-beans-5.1.7.RELEASE.jar:5.1.7.RELEASE]
	at org.springframework.beans.factory.support.AbstractBeanFactory.doGetBean(AbstractBeanFactory.java:318) ~[spring-beans-5.1.7.RELEASE.jar:5.1.7.RELEASE]
	at org.springframework.beans.factory.support.AbstractBeanFactory.getBean(AbstractBeanFactory.java:199) ~[spring-beans-5.1.7.RELEASE.jar:5.1.7.RELEASE]
	at org.springframework.beans.factory.support.DefaultListableBeanFactory.preInstantiateSingletons(DefaultListableBeanFactory.java:843) ~[spring-beans-5.1.7.RELEASE.jar:5.1.7.RELEASE]
	at org.springframework.context.support.AbstractApplicationContext.finishBeanFactoryInitialization(AbstractApplicationContext.java:877) ~[spring-context-5.1.7.RELEASE.jar:5.1.7.RELEASE]
	at org.springframework.context.support.AbstractApplicationContext.refresh(AbstractApplicationContext.java:549) ~[spring-context-5.1.7.RELEASE.jar:5.1.7.RELEASE]
	at org.springframework.boot.SpringApplication.refresh(SpringApplication.java:775) [spring-boot-2.1.5.RELEASE.jar:2.1.5.RELEASE]
	at org.springframework.boot.SpringApplication.refreshContext(SpringApplication.java:397) [spring-boot-2.1.5.RELEASE.jar:2.1.5.RELEASE]
	at org.springframework.boot.SpringApplication.run(SpringApplication.java:316) [spring-boot-2.1.5.RELEASE.jar:2.1.5.RELEASE]
	at org.springframework.boot.test.context.SpringBootContextLoader.loadContext(SpringBootContextLoader.java:127) [spring-boot-test-2.1.5.RELEASE.jar:2.1.5.RELEASE]
	at org.springframework.test.context.cache.DefaultCacheAwareContextLoaderDelegate.loadContextInternal(DefaultCacheAwareContextLoaderDelegate.java:99) [spring-test-5.1.7.RELEASE.jar:5.1.7.RELEASE]
	at org.springframework.test.context.cache.DefaultCacheAwareContextLoaderDelegate.loadContext(DefaultCacheAwareContextLoaderDelegate.java:117) [spring-test-5.1.7.RELEASE.jar:5.1.7.RELEASE]
	at org.springframework.test.context.support.DefaultTestContext.getApplicationContext(DefaultTestContext.java:108) [spring-test-5.1.7.RELEASE.jar:5.1.7.RELEASE]
	at org.springframework.boot.test.autoconfigure.SpringBootDependencyInjectionTestExecutionListener.outputConditionEvaluationReport(SpringBootDependencyInjectionTestExecutionListener.java:54) [spring-boot-test-autoconfigure-2.1.5.RELEASE.jar:2.1.5.RELEASE]
	at org.springframework.boot.test.autoconfigure.SpringBootDependencyInjectionTestExecutionListener.prepareTestInstance(SpringBootDependencyInjectionTestExecutionListener.java:47) [spring-boot-test-autoconfigure-2.1.5.RELEASE.jar:2.1.5.RELEASE]
	at org.springframework.test.context.TestContextManager.prepareTestInstance(TestContextManager.java:246) [spring-test-5.1.7.RELEASE.jar:5.1.7.RELEASE]
	at org.springframework.test.context.junit4.SpringJUnit4ClassRunner.createTest(SpringJUnit4ClassRunner.java:227) [spring-test-5.1.7.RELEASE.jar:5.1.7.RELEASE]
	at org.springframework.test.context.junit4.SpringJUnit4ClassRunner$1.runReflectiveCall(SpringJUnit4ClassRunner.java:289) [spring-test-5.1.7.RELEASE.jar:5.1.7.RELEASE]
	at org.junit.internal.runners.model.ReflectiveCallable.run(ReflectiveCallable.java:12) [junit-4.12.jar:4.12]
	at org.springframework.test.context.junit4.SpringJUnit4ClassRunner.methodBlock(SpringJUnit4ClassRunner.java:291) [spring-test-5.1.7.RELEASE.jar:5.1.7.RELEASE]
	at org.springframework.test.context.junit4.SpringJUnit4ClassRunner.runChild(SpringJUnit4ClassRunner.java:246) [spring-test-5.1.7.RELEASE.jar:5.1.7.RELEASE]
	at org.springframework.test.context.junit4.SpringJUnit4ClassRunner.runChild(SpringJUnit4ClassRunner.java:97) [spring-test-5.1.7.RELEASE.jar:5.1.7.RELEASE]
	at org.junit.runners.ParentRunner$3.run(ParentRunner.java:290) [junit-4.12.jar:4.12]
	at org.junit.runners.ParentRunner$1.schedule(ParentRunner.java:71) [junit-4.12.jar:4.12]
	at org.junit.runners.ParentRunner.runChildren(ParentRunner.java:288) [junit-4.12.jar:4.12]
	at org.junit.runners.ParentRunner.access$000(ParentRunner.java:58) [junit-4.12.jar:4.12]
	at org.junit.runners.ParentRunner$2.evaluate(ParentRunner.java:268) [junit-4.12.jar:4.12]
	at org.springframework.test.context.junit4.statements.RunBeforeTestClassCallbacks.evaluate(RunBeforeTestClassCallbacks.java:61) [spring-test-5.1.7.RELEASE.jar:5.1.7.RELEASE]
	at org.springframework.test.context.junit4.statements.RunAfterTestClassCallbacks.evaluate(RunAfterTestClassCallbacks.java:70) [spring-test-5.1.7.RELEASE.jar:5.1.7.RELEASE]
	at org.junit.runners.ParentRunner.run(ParentRunner.java:363) [junit-4.12.jar:4.12]
	at org.springframework.test.context.junit4.SpringJUnit4ClassRunner.run(SpringJUnit4ClassRunner.java:190) [spring-test-5.1.7.RELEASE.jar:5.1.7.RELEASE]
	at org.powermock.modules.junit4.internal.impl.DelegatingPowerMockRunner$2.call(DelegatingPowerMockRunner.java:149) [powermock-module-junit4-2.0.2.jar:2.0.2]
	at org.powermock.modules.junit4.internal.impl.DelegatingPowerMockRunner$2.call(DelegatingPowerMockRunner.java:141) [powermock-module-junit4-2.0.2.jar:2.0.2]
	at org.powermock.modules.junit4.internal.impl.DelegatingPowerMockRunner.withContextClassLoader(DelegatingPowerMockRunner.java:132) [powermock-module-junit4-2.0.2.jar:2.0.2]
	at org.powermock.modules.junit4.internal.impl.DelegatingPowerMockRunner.run(DelegatingPowerMockRunner.java:141) [powermock-module-junit4-2.0.2.jar:2.0.2]
	at org.powermock.modules.junit4.common.internal.impl.JUnit4TestSuiteChunkerImpl.run(JUnit4TestSuiteChunkerImpl.java:117) [powermock-module-junit4-common-2.0.2.jar:2.0.2]
	at org.powermock.modules.junit4.common.internal.impl.AbstractCommonPowerMockRunner.run(AbstractCommonPowerMockRunner.java:57) [powermock-module-junit4-common-2.0.2.jar:2.0.2]
	at org.powermock.modules.junit4.PowerMockRunner.run(PowerMockRunner.java:59) [powermock-module-junit4-2.0.2.jar:2.0.2]
	at org.apache.maven.surefire.junit4.JUnit4Provider.execute(JUnit4Provider.java:365) [surefire-junit4-2.22.2.jar:2.22.2]
	at org.apache.maven.surefire.junit4.JUnit4Provider.executeWithRerun(JUnit4Provider.java:273) [surefire-junit4-2.22.2.jar:2.22.2]
	at org.apache.maven.surefire.junit4.JUnit4Provider.executeTestSet(JUnit4Provider.java:238) [surefire-junit4-2.22.2.jar:2.22.2]
	at org.apache.maven.surefire.junit4.JUnit4Provider.invoke(JUnit4Provider.java:159) [surefire-junit4-2.22.2.jar:2.22.2]
	at org.apache.maven.surefire.booter.ForkedBooter.invokeProviderInSameClassLoader(ForkedBooter.java:384) [surefire-booter-2.22.2.jar:2.22.2]
	at org.apache.maven.surefire.booter.ForkedBooter.runSuitesInProcess(ForkedBooter.java:345) [surefire-booter-2.22.2.jar:2.22.2]
	at org.apache.maven.surefire.booter.ForkedBooter.execute(ForkedBooter.java:126) [surefire-booter-2.22.2.jar:2.22.2]
	at org.apache.maven.surefire.booter.ForkedBooter.main(ForkedBooter.java:418) [surefire-booter-2.22.2.jar:2.22.2]
Caused by: java.lang.NumberFormatException: null
	at java.lang.Integer.parseInt(Integer.java:542) ~[?:1.8.0_191]
	at java.lang.Integer.valueOf(Integer.java:766) ~[?:1.8.0_191]
	at br.com.pdv.security.AuthorizationServerConfiguration.inicializaCredenciais(AuthorizationServerConfiguration.java:51) ~[classes/:?]
	at br.com.pdv.security.AuthorizationServerConfiguration.configure(AuthorizationServerConfiguration.java:39) ~[classes/:?]
	at org.springframework.security.oauth2.config.annotation.web.configuration.AuthorizationServerSecurityConfiguration.configure(AuthorizationServerSecurityConfiguration.java:58) ~[spring-security-oauth2-2.3.5.RELEASE.jar:?]
	at sun.reflect.NativeMethodAccessorImpl.invoke0(Native Method) ~[?:1.8.0_191]
	at sun.reflect.NativeMethodAccessorImpl.invoke(NativeMethodAccessorImpl.java:62) ~[?:1.8.0_191]
	at sun.reflect.DelegatingMethodAccessorImpl.invoke(DelegatingMethodAccessorImpl.java:43) ~[?:1.8.0_191]
	at java.lang.reflect.Method.invoke(Method.java:498) ~[?:1.8.0_191]
	at org.springframework.beans.factory.annotation.AutowiredAnnotationBeanPostProcessor$AutowiredMethodElement.inject(AutowiredAnnotationBeanPostProcessor.java:708) ~[spring-beans-5.1.7.RELEASE.jar:5.1.7.RELEASE]
	at org.springframework.beans.factory.annotation.InjectionMetadata.inject(InjectionMetadata.java:90) ~[spring-beans-5.1.7.RELEASE.jar:5.1.7.RELEASE]
	at org.springframework.beans.factory.annotation.AutowiredAnnotationBeanPostProcessor.postProcessProperties(AutowiredAnnotationBeanPostProcessor.java:374) ~[spring-beans-5.1.7.RELEASE.jar:5.1.7.RELEASE]
	... 50 more

2019-06-25 18:06:36.567 ERROR 16508 --- [           main] o.s.t.c.TestContextManager               : Caught exception while allowing TestExecutionListener [org.springframework.boot.test.autoconfigure.SpringBootDependencyInjectionTestExecutionListener@35a0458] to prepare test instance [br.com.pdv.service.ClienteServiceTest@253e3df]

java.lang.IllegalStateException: Failed to load ApplicationContext
	at org.springframework.test.context.cache.DefaultCacheAwareContextLoaderDelegate.loadContext(DefaultCacheAwareContextLoaderDelegate.java:125) ~[spring-test-5.1.7.RELEASE.jar:5.1.7.RELEASE]
	at org.springframework.test.context.support.DefaultTestContext.getApplicationContext(DefaultTestContext.java:108) ~[spring-test-5.1.7.RELEASE.jar:5.1.7.RELEASE]
	at org.springframework.test.context.support.DependencyInjectionTestExecutionListener.injectDependencies(DependencyInjectionTestExecutionListener.java:118) ~[spring-test-5.1.7.RELEASE.jar:5.1.7.RELEASE]
	at org.springframework.test.context.support.DependencyInjectionTestExecutionListener.prepareTestInstance(DependencyInjectionTestExecutionListener.java:83) ~[spring-test-5.1.7.RELEASE.jar:5.1.7.RELEASE]
	at org.springframework.boot.test.autoconfigure.SpringBootDependencyInjectionTestExecutionListener.prepareTestInstance(SpringBootDependencyInjectionTestExecutionListener.java:44) ~[spring-boot-test-autoconfigure-2.1.5.RELEASE.jar:2.1.5.RELEASE]
	at org.springframework.test.context.TestContextManager.prepareTestInstance(TestContextManager.java:246) [spring-test-5.1.7.RELEASE.jar:5.1.7.RELEASE]
	at org.springframework.test.context.junit4.SpringJUnit4ClassRunner.createTest(SpringJUnit4ClassRunner.java:227) [spring-test-5.1.7.RELEASE.jar:5.1.7.RELEASE]
	at org.springframework.test.context.junit4.SpringJUnit4ClassRunner$1.runReflectiveCall(SpringJUnit4ClassRunner.java:289) [spring-test-5.1.7.RELEASE.jar:5.1.7.RELEASE]
	at org.junit.internal.runners.model.ReflectiveCallable.run(ReflectiveCallable.java:12) [junit-4.12.jar:4.12]
	at org.springframework.test.context.junit4.SpringJUnit4ClassRunner.methodBlock(SpringJUnit4ClassRunner.java:291) [spring-test-5.1.7.RELEASE.jar:5.1.7.RELEASE]
	at org.springframework.test.context.junit4.SpringJUnit4ClassRunner.runChild(SpringJUnit4ClassRunner.java:246) [spring-test-5.1.7.RELEASE.jar:5.1.7.RELEASE]
	at org.springframework.test.context.junit4.SpringJUnit4ClassRunner.runChild(SpringJUnit4ClassRunner.java:97) [spring-test-5.1.7.RELEASE.jar:5.1.7.RELEASE]
	at org.junit.runners.ParentRunner$3.run(ParentRunner.java:290) [junit-4.12.jar:4.12]
	at org.junit.runners.ParentRunner$1.schedule(ParentRunner.java:71) [junit-4.12.jar:4.12]
	at org.junit.runners.ParentRunner.runChildren(ParentRunner.java:288) [junit-4.12.jar:4.12]
	at org.junit.runners.ParentRunner.access$000(ParentRunner.java:58) [junit-4.12.jar:4.12]
	at org.junit.runners.ParentRunner$2.evaluate(ParentRunner.java:268) [junit-4.12.jar:4.12]
	at org.springframework.test.context.junit4.statements.RunBeforeTestClassCallbacks.evaluate(RunBeforeTestClassCallbacks.java:61) [spring-test-5.1.7.RELEASE.jar:5.1.7.RELEASE]
	at org.springframework.test.context.junit4.statements.RunAfterTestClassCallbacks.evaluate(RunAfterTestClassCallbacks.java:70) [spring-test-5.1.7.RELEASE.jar:5.1.7.RELEASE]
	at org.junit.runners.ParentRunner.run(ParentRunner.java:363) [junit-4.12.jar:4.12]
	at org.springframework.test.context.junit4.SpringJUnit4ClassRunner.run(SpringJUnit4ClassRunner.java:190) [spring-test-5.1.7.RELEASE.jar:5.1.7.RELEASE]
	at org.powermock.modules.junit4.internal.impl.DelegatingPowerMockRunner$2.call(DelegatingPowerMockRunner.java:149) [powermock-module-junit4-2.0.2.jar:2.0.2]
	at org.powermock.modules.junit4.internal.impl.DelegatingPowerMockRunner$2.call(DelegatingPowerMockRunner.java:141) [powermock-module-junit4-2.0.2.jar:2.0.2]
	at org.powermock.modules.junit4.internal.impl.DelegatingPowerMockRunner.withContextClassLoader(DelegatingPowerMockRunner.java:132) [powermock-module-junit4-2.0.2.jar:2.0.2]
	at org.powermock.modules.junit4.internal.impl.DelegatingPowerMockRunner.run(DelegatingPowerMockRunner.java:141) [powermock-module-junit4-2.0.2.jar:2.0.2]
	at org.powermock.modules.junit4.common.internal.impl.JUnit4TestSuiteChunkerImpl.run(JUnit4TestSuiteChunkerImpl.java:117) [powermock-module-junit4-common-2.0.2.jar:2.0.2]
	at org.powermock.modules.junit4.common.internal.impl.AbstractCommonPowerMockRunner.run(AbstractCommonPowerMockRunner.java:57) [powermock-module-junit4-common-2.0.2.jar:2.0.2]
	at org.powermock.modules.junit4.PowerMockRunner.run(PowerMockRunner.java:59) [powermock-module-junit4-2.0.2.jar:2.0.2]
	at org.apache.maven.surefire.junit4.JUnit4Provider.execute(JUnit4Provider.java:365) [surefire-junit4-2.22.2.jar:2.22.2]
	at org.apache.maven.surefire.junit4.JUnit4Provider.executeWithRerun(JUnit4Provider.java:273) [surefire-junit4-2.22.2.jar:2.22.2]
	at org.apache.maven.surefire.junit4.JUnit4Provider.executeTestSet(JUnit4Provider.java:238) [surefire-junit4-2.22.2.jar:2.22.2]
	at org.apache.maven.surefire.junit4.JUnit4Provider.invoke(JUnit4Provider.java:159) [surefire-junit4-2.22.2.jar:2.22.2]
	at org.apache.maven.surefire.booter.ForkedBooter.invokeProviderInSameClassLoader(ForkedBooter.java:384) [surefire-booter-2.22.2.jar:2.22.2]
	at org.apache.maven.surefire.booter.ForkedBooter.runSuitesInProcess(ForkedBooter.java:345) [surefire-booter-2.22.2.jar:2.22.2]
	at org.apache.maven.surefire.booter.ForkedBooter.execute(ForkedBooter.java:126) [surefire-booter-2.22.2.jar:2.22.2]
	at org.apache.maven.surefire.booter.ForkedBooter.main(ForkedBooter.java:418) [surefire-booter-2.22.2.jar:2.22.2]
Caused by: org.springframework.beans.factory.BeanCreationException: Error creating bean with name 'org.springframework.security.oauth2.config.annotation.web.configuration.AuthorizationServerSecurityConfiguration': Injection of autowired dependencies failed; nested exception is java.lang.NumberFormatException: null
	at org.springframework.beans.factory.annotation.AutowiredAnnotationBeanPostProcessor.postProcessProperties(AutowiredAnnotationBeanPostProcessor.java:380) ~[spring-beans-5.1.7.RELEASE.jar:5.1.7.RELEASE]
	at org.springframework.beans.factory.support.AbstractAutowireCapableBeanFactory.populateBean(AbstractAutowireCapableBeanFactory.java:1411) ~[spring-beans-5.1.7.RELEASE.jar:5.1.7.RELEASE]
	at org.springframework.beans.factory.support.AbstractAutowireCapableBeanFactory.doCreateBean(AbstractAutowireCapableBeanFactory.java:592) ~[spring-beans-5.1.7.RELEASE.jar:5.1.7.RELEASE]
	at org.springframework.beans.factory.support.AbstractAutowireCapableBeanFactory.createBean(AbstractAutowireCapableBeanFactory.java:515) ~[spring-beans-5.1.7.RELEASE.jar:5.1.7.RELEASE]
	at org.springframework.beans.factory.support.AbstractBeanFactory.lambda$doGetBean$0(AbstractBeanFactory.java:320) ~[spring-beans-5.1.7.RELEASE.jar:5.1.7.RELEASE]
	at org.springframework.beans.factory.support.DefaultSingletonBeanRegistry.getSingleton(DefaultSingletonBeanRegistry.java:222) ~[spring-beans-5.1.7.RELEASE.jar:5.1.7.RELEASE]
	at org.springframework.beans.factory.support.AbstractBeanFactory.doGetBean(AbstractBeanFactory.java:318) ~[spring-beans-5.1.7.RELEASE.jar:5.1.7.RELEASE]
	at org.springframework.beans.factory.support.AbstractBeanFactory.getBean(AbstractBeanFactory.java:199) ~[spring-beans-5.1.7.RELEASE.jar:5.1.7.RELEASE]
	at org.springframework.beans.factory.support.DefaultListableBeanFactory.preInstantiateSingletons(DefaultListableBeanFactory.java:843) ~[spring-beans-5.1.7.RELEASE.jar:5.1.7.RELEASE]
	at org.springframework.context.support.AbstractApplicationContext.finishBeanFactoryInitialization(AbstractApplicationContext.java:877) ~[spring-context-5.1.7.RELEASE.jar:5.1.7.RELEASE]
	at org.springframework.context.support.AbstractApplicationContext.refresh(AbstractApplicationContext.java:549) ~[spring-context-5.1.7.RELEASE.jar:5.1.7.RELEASE]
	at org.springframework.boot.SpringApplication.refresh(SpringApplication.java:775) ~[spring-boot-2.1.5.RELEASE.jar:2.1.5.RELEASE]
	at org.springframework.boot.SpringApplication.refreshContext(SpringApplication.java:397) ~[spring-boot-2.1.5.RELEASE.jar:2.1.5.RELEASE]
	at org.springframework.boot.SpringApplication.run(SpringApplication.java:316) ~[spring-boot-2.1.5.RELEASE.jar:2.1.5.RELEASE]
	at org.springframework.boot.test.context.SpringBootContextLoader.loadContext(SpringBootContextLoader.java:127) ~[spring-boot-test-2.1.5.RELEASE.jar:2.1.5.RELEASE]
	at org.springframework.test.context.cache.DefaultCacheAwareContextLoaderDelegate.loadContextInternal(DefaultCacheAwareContextLoaderDelegate.java:99) ~[spring-test-5.1.7.RELEASE.jar:5.1.7.RELEASE]
	at org.springframework.test.context.cache.DefaultCacheAwareContextLoaderDelegate.loadContext(DefaultCacheAwareContextLoaderDelegate.java:117) ~[spring-test-5.1.7.RELEASE.jar:5.1.7.RELEASE]
	... 35 more
Caused by: java.lang.NumberFormatException: null
	at java.lang.Integer.parseInt(Integer.java:542) ~[?:1.8.0_191]
	at java.lang.Integer.valueOf(Integer.java:766) ~[?:1.8.0_191]
	at br.com.pdv.security.AuthorizationServerConfiguration.inicializaCredenciais(AuthorizationServerConfiguration.java:51) ~[classes/:?]
	at br.com.pdv.security.AuthorizationServerConfiguration.configure(AuthorizationServerConfiguration.java:39) ~[classes/:?]
	at org.springframework.security.oauth2.config.annotation.web.configuration.AuthorizationServerSecurityConfiguration.configure(AuthorizationServerSecurityConfiguration.java:58) ~[spring-security-oauth2-2.3.5.RELEASE.jar:?]
	at sun.reflect.NativeMethodAccessorImpl.invoke0(Native Method) ~[?:1.8.0_191]
	at sun.reflect.NativeMethodAccessorImpl.invoke(NativeMethodAccessorImpl.java:62) ~[?:1.8.0_191]
	at sun.reflect.DelegatingMethodAccessorImpl.invoke(DelegatingMethodAccessorImpl.java:43) ~[?:1.8.0_191]
	at java.lang.reflect.Method.invoke(Method.java:498) ~[?:1.8.0_191]
	at org.springframework.beans.factory.annotation.AutowiredAnnotationBeanPostProcessor$AutowiredMethodElement.inject(AutowiredAnnotationBeanPostProcessor.java:708) ~[spring-beans-5.1.7.RELEASE.jar:5.1.7.RELEASE]
	at org.springframework.beans.factory.annotation.InjectionMetadata.inject(InjectionMetadata.java:90) ~[spring-beans-5.1.7.RELEASE.jar:5.1.7.RELEASE]
	at org.springframework.beans.factory.annotation.AutowiredAnnotationBeanPostProcessor.postProcessProperties(AutowiredAnnotationBeanPostProcessor.java:374) ~[spring-beans-5.1.7.RELEASE.jar:5.1.7.RELEASE]
	at org.springframework.beans.factory.support.AbstractAutowireCapableBeanFactory.populateBean(AbstractAutowireCapableBeanFactory.java:1411) ~[spring-beans-5.1.7.RELEASE.jar:5.1.7.RELEASE]
	at org.springframework.beans.factory.support.AbstractAutowireCapableBeanFactory.doCreateBean(AbstractAutowireCapableBeanFactory.java:592) ~[spring-beans-5.1.7.RELEASE.jar:5.1.7.RELEASE]
	at org.springframework.beans.factory.support.AbstractAutowireCapableBeanFactory.createBean(AbstractAutowireCapableBeanFactory.java:515) ~[spring-beans-5.1.7.RELEASE.jar:5.1.7.RELEASE]
	at org.springframework.beans.factory.support.AbstractBeanFactory.lambda$doGetBean$0(AbstractBeanFactory.java:320) ~[spring-beans-5.1.7.RELEASE.jar:5.1.7.RELEASE]
	at org.springframework.beans.factory.support.DefaultSingletonBeanRegistry.getSingleton(DefaultSingletonBeanRegistry.java:222) ~[spring-beans-5.1.7.RELEASE.jar:5.1.7.RELEASE]
	at org.springframework.beans.factory.support.AbstractBeanFactory.doGetBean(AbstractBeanFactory.java:318) ~[spring-beans-5.1.7.RELEASE.jar:5.1.7.RELEASE]
	at org.springframework.beans.factory.support.AbstractBeanFactory.getBean(AbstractBeanFactory.java:199) ~[spring-beans-5.1.7.RELEASE.jar:5.1.7.RELEASE]
	at org.springframework.beans.factory.support.DefaultListableBeanFactory.preInstantiateSingletons(DefaultListableBeanFactory.java:843) ~[spring-beans-5.1.7.RELEASE.jar:5.1.7.RELEASE]
	at org.springframework.context.support.AbstractApplicationContext.finishBeanFactoryInitialization(AbstractApplicationContext.java:877) ~[spring-context-5.1.7.RELEASE.jar:5.1.7.RELEASE]
	at org.springframework.context.support.AbstractApplicationContext.refresh(AbstractApplicationContext.java:549) ~[spring-context-5.1.7.RELEASE.jar:5.1.7.RELEASE]
	at org.springframework.boot.SpringApplication.refresh(SpringApplication.java:775) ~[spring-boot-2.1.5.RELEASE.jar:2.1.5.RELEASE]
	at org.springframework.boot.SpringApplication.refreshContext(SpringApplication.java:397) ~[spring-boot-2.1.5.RELEASE.jar:2.1.5.RELEASE]
	at org.springframework.boot.SpringApplication.run(SpringApplication.java:316) ~[spring-boot-2.1.5.RELEASE.jar:2.1.5.RELEASE]
	at org.springframework.boot.test.context.SpringBootContextLoader.loadContext(SpringBootContextLoader.java:127) ~[spring-boot-test-2.1.5.RELEASE.jar:2.1.5.RELEASE]
	at org.springframework.test.context.cache.DefaultCacheAwareContextLoaderDelegate.loadContextInternal(DefaultCacheAwareContextLoaderDelegate.java:99) ~[spring-test-5.1.7.RELEASE.jar:5.1.7.RELEASE]
	at org.springframework.test.context.cache.DefaultCacheAwareContextLoaderDelegate.loadContext(DefaultCacheAwareContextLoaderDelegate.java:117) ~[spring-test-5.1.7.RELEASE.jar:5.1.7.RELEASE]
	... 35 more

]]></system-out>
  </testcase>
  <testcase name="deveExcluir" classname="br.com.pdv.service.ClienteServiceTest" time="0.001">
    <error message="Failed to load ApplicationContext" type="java.lang.IllegalStateException">java.lang.IllegalStateException: Failed to load ApplicationContext
Caused by: org.springframework.beans.factory.BeanCreationException: Error creating bean with name 'org.springframework.security.oauth2.config.annotation.web.configuration.AuthorizationServerSecurityConfiguration': Injection of autowired dependencies failed; nested exception is java.lang.NumberFormatException: null
Caused by: java.lang.NumberFormatException: null
</error>
    <system-out><![CDATA[
  .   ____          _            __ _ _
 /\\ / ___'_ __ _ _(_)_ __  __ _ \ \ \ \
( ( )\___ | '_ | '_| | '_ \/ _` | \ \ \ \
 \\/  ___)| |_)| | | | | || (_| |  ) ) ) )
  '  |____| .__|_| |_|_| |_\__, | / / / /
 =========|_|==============|___/=/_/_/_/
 :: Spring Boot ::        (v2.1.5.RELEASE)

2019-06-25 18:06:37.212  INFO 16508 --- [           main] b.c.p.s.ClienteServiceTest               : Starting ClienteServiceTest on CP4475 with PID 16508 (started by User in C:\Projetos_MATERA\META\pdv\pdv)
2019-06-25 18:06:37.214  INFO 16508 --- [           main] b.c.p.s.ClienteServiceTest               : No active profile set, falling back to default profiles: default
2019-06-25 18:06:37.436  INFO 16508 --- [           main] .s.d.r.c.RepositoryConfigurationDelegate : Bootstrapping Spring Data repositories in DEFAULT mode.
2019-06-25 18:06:37.495  INFO 16508 --- [           main] .s.d.r.c.RepositoryConfigurationDelegate : Finished Spring Data repository scanning in 59ms. Found 3 repository interfaces.
2019-06-25 18:06:38.116  INFO 16508 --- [      Thread-11] o.s.b.a.m.e.EmbeddedMongo                : note: noprealloc may hurt performance in many applications
2019-06-25 18:06:38.203  INFO 16508 --- [      Thread-11] o.s.b.a.m.e.EmbeddedMongo                : 2019-06-25T15:06:38.203-0300 I CONTROL  [initandlisten] MongoDB starting : pid=6940 port=64692 dbpath=C:\Users\User\AppData\Local\Temp\embedmongo-db-87f6b03a-f385-4214-a459-328ff5f1627a 64-bit host=CP4475
2019-06-25 18:06:38.204  INFO 16508 --- [      Thread-11] o.s.b.a.m.e.EmbeddedMongo                : 2019-06-25T15:06:38.203-0300 I CONTROL  [initandlisten] targetMinOS: Windows Vista/Windows Server 2008
2019-06-25 18:06:38.204  INFO 16508 --- [      Thread-11] o.s.b.a.m.e.EmbeddedMongo                : 2019-06-25T15:06:38.203-0300 I CONTROL  [initandlisten] db version v3.5.5
2019-06-25 18:06:38.204  INFO 16508 --- [      Thread-11] o.s.b.a.m.e.EmbeddedMongo                : 2019-06-25T15:06:38.203-0300 I CONTROL  [initandlisten] git version: 98515c812b6fa893613f063dae568ff8319cbfbd
2019-06-25 18:06:38.204  INFO 16508 --- [      Thread-11] o.s.b.a.m.e.EmbeddedMongo                : 2019-06-25T15:06:38.203-0300 I CONTROL  [initandlisten] allocator: tcmalloc
2019-06-25 18:06:38.204  INFO 16508 --- [      Thread-11] o.s.b.a.m.e.EmbeddedMongo                : 2019-06-25T15:06:38.203-0300 I CONTROL  [initandlisten] modules: none
2019-06-25 18:06:38.205  INFO 16508 --- [      Thread-11] o.s.b.a.m.e.EmbeddedMongo                : 2019-06-25T15:06:38.203-0300 I CONTROL  [initandlisten] build environment:
2019-06-25 18:06:38.205  INFO 16508 --- [      Thread-11] o.s.b.a.m.e.EmbeddedMongo                : 2019-06-25T15:06:38.203-0300 I CONTROL  [initandlisten]     distarch: x86_64
2019-06-25 18:06:38.205  INFO 16508 --- [      Thread-11] o.s.b.a.m.e.EmbeddedMongo                : 2019-06-25T15:06:38.203-0300 I CONTROL  [initandlisten]     target_arch: x86_64
2019-06-25 18:06:38.205  INFO 16508 --- [      Thread-11] o.s.b.a.m.e.EmbeddedMongo                : 2019-06-25T15:06:38.204-0300 I CONTROL  [initandlisten] options: { net: { bindIp: "127.0.0.1", http: { enabled: false }, port: 64692 }, security: { authorization: "disabled" }, storage: { dbPath: "C:\Users\User\AppData\Local\Temp\embedmongo-db-87f6b03a-f385-4214-a459-328ff5f1627a", journal: { enabled: false }, mmapv1: { preallocDataFiles: false, smallFiles: true }, syncPeriodSecs: 0.0 } }
2019-06-25 18:06:38.205  INFO 16508 --- [      Thread-11] o.s.b.a.m.e.EmbeddedMongo                : 2019-06-25T15:06:38.205-0300 I STORAGE  [initandlisten] wiredtiger_open config: create,cache_size=3494M,session_max=20000,eviction=(threads_min=4,threads_max=4),config_base=false,statistics=(fast),log=(enabled=true,archive=true,path=journal,compressor=snappy),file_manager=(close_idle_time=100000),checkpoint=(wait=0,log_size=2GB),statistics_log=(wait=0),verbose=(recovery_progress),,log=(enabled=false),
2019-06-25 18:06:38.293  INFO 16508 --- [      Thread-11] o.s.b.a.m.e.EmbeddedMongo                : 2019-06-25T15:06:38.293-0300 W STORAGE  [initandlisten] Detected configuration for non-active storage engine mmapv1 when current storage engine is wiredTiger
2019-06-25 18:06:38.293  INFO 16508 --- [      Thread-11] o.s.b.a.m.e.EmbeddedMongo                : 2019-06-25T15:06:38.293-0300 I CONTROL  [initandlisten] 
2019-06-25 18:06:38.293  INFO 16508 --- [      Thread-11] o.s.b.a.m.e.EmbeddedMongo                : 2019-06-25T15:06:38.293-0300 I CONTROL  [initandlisten] ** NOTE: This is a development version (3.5.5) of MongoDB.
2019-06-25 18:06:38.294  INFO 16508 --- [      Thread-11] o.s.b.a.m.e.EmbeddedMongo                : 2019-06-25T15:06:38.293-0300 I CONTROL  [initandlisten] **       Not recommended for production.
2019-06-25 18:06:38.295  INFO 16508 --- [      Thread-11] o.s.b.a.m.e.EmbeddedMongo                : 2019-06-25T15:06:38.293-0300 I CONTROL  [initandlisten] 
2019-06-25 18:06:38.580  INFO 16508 --- [      Thread-11] o.s.b.a.m.e.EmbeddedMongo                : 2019-06-25T15:06:38.580-0300 W FTDC     [initandlisten] Failed to initialize Performance Counters for FTDC: WindowsPdhError: PdhExpandCounterPathW failed with 'O objeto especificado nÃ£o foi encontrado no computador.' for counter '\Memory\Available Bytes'
2019-06-25 18:06:38.580  INFO 16508 --- [      Thread-11] o.s.b.a.m.e.EmbeddedMongo                : 2019-06-25T15:06:38.580-0300 I FTDC     [initandlisten] Initializing full-time diagnostic data capture with directory 'C:/Users/User/AppData/Local/Temp/embedmongo-db-87f6b03a-f385-4214-a459-328ff5f1627a/diagnostic.data'
2019-06-25 18:06:38.631  INFO 16508 --- [      Thread-11] o.s.b.a.m.e.EmbeddedMongo                : 2019-06-25T15:06:38.631-0300 I INDEX    [initandlisten] build index on: admin.system.version properties: { v: 2, key: { version: 1 }, name: "incompatible_with_version_32", ns: "admin.system.version" }
2019-06-25 18:06:38.631  INFO 16508 --- [      Thread-11] o.s.b.a.m.e.EmbeddedMongo                : 2019-06-25T15:06:38.631-0300 I INDEX    [initandlisten] 	 building index using bulk method; build may temporarily use up to 500 megabytes of RAM
2019-06-25 18:06:38.635  INFO 16508 --- [      Thread-11] o.s.b.a.m.e.EmbeddedMongo                : 2019-06-25T15:06:38.635-0300 I INDEX    [initandlisten] build index done.  scanned 0 total records. 0 secs
2019-06-25 18:06:38.637  INFO 16508 --- [      Thread-11] o.s.b.a.m.e.EmbeddedMongo                : 2019-06-25T15:06:38.637-0300 I COMMAND  [initandlisten] setting featureCompatibilityVersion to 3.4
2019-06-25 18:06:38.638  INFO 16508 --- [      Thread-11] o.s.b.a.m.e.EmbeddedMongo                : 2019-06-25T15:06:38.639-0300 I NETWORK  [thread1] waiting for connections on port 64692
2019-06-25 18:06:38.639  INFO 16508 --- [           main] d.f.e.m.MongodExecutable                 : start de.flapdoodle.embed.mongo.config.MongodConfigBuilder$ImmutableMongodConfig@44c23c38
2019-06-25 18:06:38.652  INFO 16508 --- [           main] o.m.d.cluster                            : Cluster created with settings {hosts=[localhost:64692], mode=MULTIPLE, requiredClusterType=UNKNOWN, serverSelectionTimeout='30000 ms', maxWaitQueueSize=500}
2019-06-25 18:06:38.652  INFO 16508 --- [           main] o.m.d.cluster                            : Adding discovered server localhost:64692 to client view of cluster
2019-06-25 18:06:38.656  INFO 16508 --- [      Thread-11] o.s.b.a.m.e.EmbeddedMongo                : 2019-06-25T15:06:38.656-0300 I NETWORK  [thread1] connection accepted from 127.0.0.1:64700 #1 (1 connection now open)
2019-06-25 18:06:38.666  INFO 16508 --- [      Thread-11] o.s.b.a.m.e.EmbeddedMongo                : 2019-06-25T15:06:38.666-0300 I NETWORK  [conn1] received client metadata from 127.0.0.1:64700 conn1: { driver: { name: "mongo-java-driver", version: "3.8.2" }, os: { type: "Windows", name: "Windows 10", architecture: "amd64", version: "10.0" }, platform: "Java/Oracle Corporation/1.8.0_191-b12" }
2019-06-25 18:06:38.670  INFO 16508 --- [localhost:64692] o.m.d.connection                         : Opened connection [connectionId{localValue:5, serverValue:1}] to localhost:64692
2019-06-25 18:06:38.671  INFO 16508 --- [localhost:64692] o.m.d.cluster                            : Monitor thread successfully connected to server with description ServerDescription{address=localhost:64692, type=STANDALONE, state=CONNECTED, ok=true, version=ServerVersion{versionList=[3, 5, 5]}, minWireVersion=0, maxWireVersion=5, maxDocumentSize=16777216, logicalSessionTimeoutMinutes=null, roundTripTimeNanos=1025706}
2019-06-25 18:06:38.672  INFO 16508 --- [localhost:64692] o.m.d.cluster                            : Discovered cluster type of STANDALONE
2019-06-25 18:06:39.027  INFO 16508 --- [      Thread-11] o.s.b.a.m.e.EmbeddedMongo                : 2019-06-25T15:06:39.027-0300 I NETWORK  [thread1] connection accepted from 127.0.0.1:64701 #2 (2 connections now open)
2019-06-25 18:06:39.075  INFO 16508 --- [      Thread-11] o.s.b.a.m.e.EmbeddedMongo                : 2019-06-25T15:06:39.075-0300 I NETWORK  [conn2] received client metadata from 127.0.0.1:64701 conn2: { driver: { name: "mongo-java-driver", version: "3.8.2" }, os: { type: "Windows", name: "Windows 10", architecture: "amd64", version: "10.0" }, platform: "Java/Oracle Corporation/1.8.0_191-b12" }
2019-06-25 18:06:39.085  INFO 16508 --- [           main] o.m.d.connection                         : Opened connection [connectionId{localValue:6, serverValue:2}] to localhost:64692
2019-06-25 18:06:39.496  WARN 16508 --- [           main] b.c.p.c.Propriedades                     : Configuracao oauth2.prazo.token nao localizada
2019-06-25 18:06:39.498  WARN 16508 --- [           main] s.c.a.AnnotationConfigApplicationContext : Exception encountered during context initialization - cancelling refresh attempt: org.springframework.beans.factory.BeanCreationException: Error creating bean with name 'org.springframework.security.oauth2.config.annotation.web.configuration.AuthorizationServerSecurityConfiguration': Injection of autowired dependencies failed; nested exception is java.lang.NumberFormatException: null
2019-06-25 18:06:39.502  INFO 16508 --- [           main] o.m.d.connection                         : Closed connection [connectionId{localValue:6, serverValue:2}] to localhost:64692 because the pool has been closed.
2019-06-25 18:06:39.503  INFO 16508 --- [      Thread-11] o.s.b.a.m.e.EmbeddedMongo                : 2019-06-25T15:06:39.503-0300 I -        [conn2] end connection 127.0.0.1:64701 (2 connections now open)
2019-06-25 18:06:39.504  INFO 16508 --- [      Thread-11] o.s.b.a.m.e.EmbeddedMongo                : 2019-06-25T15:06:39.504-0300 I -        [conn1] end connection 127.0.0.1:64700 (1 connection now open)
2019-06-25 18:06:39.508  INFO 16508 --- [      Thread-11] o.s.b.a.m.e.EmbeddedMongo                : 2019-06-25T15:06:39.508-0300 I NETWORK  [thread1] connection accepted from 127.0.0.1:64702 #3 (1 connection now open)
2019-06-25 18:06:39.510  INFO 16508 --- [      Thread-11] o.s.b.a.m.e.EmbeddedMongo                : 2019-06-25T15:06:39.510-0300 I COMMAND  [conn3] terminating, shutdown command received
2019-06-25 18:06:39.510  INFO 16508 --- [      Thread-11] o.s.b.a.m.e.EmbeddedMongo                : 2019-06-25T15:06:39.510-0300 I NETWORK  [conn3] shutdown: going to close listening sockets...
2019-06-25 18:06:39.510  INFO 16508 --- [      Thread-11] o.s.b.a.m.e.EmbeddedMongo                : 2019-06-25T15:06:39.510-0300 I NETWORK  [conn3] closing listening socket: 552
2019-06-25 18:06:39.510  INFO 16508 --- [      Thread-11] o.s.b.a.m.e.EmbeddedMongo                : 2019-06-25T15:06:39.510-0300 I NETWORK  [conn3] shutdown: going to flush diaglog...
2019-06-25 18:06:39.511  INFO 16508 --- [      Thread-11] o.s.b.a.m.e.EmbeddedMongo                : 2019-06-25T15:06:39.510-0300 I FTDC     [conn3] Shutting down full-time diagnostic data capture
2019-06-25 18:06:39.518  INFO 16508 --- [      Thread-11] o.s.b.a.m.e.EmbeddedMongo                : 2019-06-25T15:06:39.518-0300 I STORAGE  [conn3] WiredTigerKVEngine shutting down
2019-06-25 18:06:39.567  INFO 16508 --- [      Thread-11] o.s.b.a.m.e.EmbeddedMongo                : 2019-06-25T15:06:39.567-0300 I STORAGE  [conn3] shutdown: removing fs lock...
2019-06-25 18:06:39.567  INFO 16508 --- [      Thread-11] o.s.b.a.m.e.EmbeddedMongo                : 2019-06-25T15:06:39.567-0300 I CONTROL  [conn3] now exiting
2019-06-25 18:06:39.567  INFO 16508 --- [      Thread-11] o.s.b.a.m.e.EmbeddedMongo                : 2019-06-25T15:06:39.567-0300 I CONTROL  [conn3] shutting down with code:0
2019-06-25 18:06:39.686  INFO 16508 --- [           main] ConditionEvaluationReportLoggingListener : 

Error starting ApplicationContext. To display the conditions report re-run your application with 'debug' enabled.
2019-06-25 18:06:39.686 ERROR 16508 --- [           main] o.s.b.SpringApplication                  : Application run failed

org.springframework.beans.factory.BeanCreationException: Error creating bean with name 'org.springframework.security.oauth2.config.annotation.web.configuration.AuthorizationServerSecurityConfiguration': Injection of autowired dependencies failed; nested exception is java.lang.NumberFormatException: null
	at org.springframework.beans.factory.annotation.AutowiredAnnotationBeanPostProcessor.postProcessProperties(AutowiredAnnotationBeanPostProcessor.java:380) ~[spring-beans-5.1.7.RELEASE.jar:5.1.7.RELEASE]
	at org.springframework.beans.factory.support.AbstractAutowireCapableBeanFactory.populateBean(AbstractAutowireCapableBeanFactory.java:1411) ~[spring-beans-5.1.7.RELEASE.jar:5.1.7.RELEASE]
	at org.springframework.beans.factory.support.AbstractAutowireCapableBeanFactory.doCreateBean(AbstractAutowireCapableBeanFactory.java:592) ~[spring-beans-5.1.7.RELEASE.jar:5.1.7.RELEASE]
	at org.springframework.beans.factory.support.AbstractAutowireCapableBeanFactory.createBean(AbstractAutowireCapableBeanFactory.java:515) ~[spring-beans-5.1.7.RELEASE.jar:5.1.7.RELEASE]
	at org.springframework.beans.factory.support.AbstractBeanFactory.lambda$doGetBean$0(AbstractBeanFactory.java:320) ~[spring-beans-5.1.7.RELEASE.jar:5.1.7.RELEASE]
	at org.springframework.beans.factory.support.DefaultSingletonBeanRegistry.getSingleton(DefaultSingletonBeanRegistry.java:222) ~[spring-beans-5.1.7.RELEASE.jar:5.1.7.RELEASE]
	at org.springframework.beans.factory.support.AbstractBeanFactory.doGetBean(AbstractBeanFactory.java:318) ~[spring-beans-5.1.7.RELEASE.jar:5.1.7.RELEASE]
	at org.springframework.beans.factory.support.AbstractBeanFactory.getBean(AbstractBeanFactory.java:199) ~[spring-beans-5.1.7.RELEASE.jar:5.1.7.RELEASE]
	at org.springframework.beans.factory.support.DefaultListableBeanFactory.preInstantiateSingletons(DefaultListableBeanFactory.java:843) ~[spring-beans-5.1.7.RELEASE.jar:5.1.7.RELEASE]
	at org.springframework.context.support.AbstractApplicationContext.finishBeanFactoryInitialization(AbstractApplicationContext.java:877) ~[spring-context-5.1.7.RELEASE.jar:5.1.7.RELEASE]
	at org.springframework.context.support.AbstractApplicationContext.refresh(AbstractApplicationContext.java:549) ~[spring-context-5.1.7.RELEASE.jar:5.1.7.RELEASE]
	at org.springframework.boot.SpringApplication.refresh(SpringApplication.java:775) [spring-boot-2.1.5.RELEASE.jar:2.1.5.RELEASE]
	at org.springframework.boot.SpringApplication.refreshContext(SpringApplication.java:397) [spring-boot-2.1.5.RELEASE.jar:2.1.5.RELEASE]
	at org.springframework.boot.SpringApplication.run(SpringApplication.java:316) [spring-boot-2.1.5.RELEASE.jar:2.1.5.RELEASE]
	at org.springframework.boot.test.context.SpringBootContextLoader.loadContext(SpringBootContextLoader.java:127) [spring-boot-test-2.1.5.RELEASE.jar:2.1.5.RELEASE]
	at org.springframework.test.context.cache.DefaultCacheAwareContextLoaderDelegate.loadContextInternal(DefaultCacheAwareContextLoaderDelegate.java:99) [spring-test-5.1.7.RELEASE.jar:5.1.7.RELEASE]
	at org.springframework.test.context.cache.DefaultCacheAwareContextLoaderDelegate.loadContext(DefaultCacheAwareContextLoaderDelegate.java:117) [spring-test-5.1.7.RELEASE.jar:5.1.7.RELEASE]
	at org.springframework.test.context.support.DefaultTestContext.getApplicationContext(DefaultTestContext.java:108) [spring-test-5.1.7.RELEASE.jar:5.1.7.RELEASE]
	at org.springframework.test.context.support.DependencyInjectionTestExecutionListener.injectDependencies(DependencyInjectionTestExecutionListener.java:118) [spring-test-5.1.7.RELEASE.jar:5.1.7.RELEASE]
	at org.springframework.test.context.support.DependencyInjectionTestExecutionListener.prepareTestInstance(DependencyInjectionTestExecutionListener.java:83) [spring-test-5.1.7.RELEASE.jar:5.1.7.RELEASE]
	at org.springframework.boot.test.autoconfigure.SpringBootDependencyInjectionTestExecutionListener.prepareTestInstance(SpringBootDependencyInjectionTestExecutionListener.java:44) [spring-boot-test-autoconfigure-2.1.5.RELEASE.jar:2.1.5.RELEASE]
	at org.springframework.test.context.TestContextManager.prepareTestInstance(TestContextManager.java:246) [spring-test-5.1.7.RELEASE.jar:5.1.7.RELEASE]
	at org.springframework.test.context.junit4.SpringJUnit4ClassRunner.createTest(SpringJUnit4ClassRunner.java:227) [spring-test-5.1.7.RELEASE.jar:5.1.7.RELEASE]
	at org.springframework.test.context.junit4.SpringJUnit4ClassRunner$1.runReflectiveCall(SpringJUnit4ClassRunner.java:289) [spring-test-5.1.7.RELEASE.jar:5.1.7.RELEASE]
	at org.junit.internal.runners.model.ReflectiveCallable.run(ReflectiveCallable.java:12) [junit-4.12.jar:4.12]
	at org.springframework.test.context.junit4.SpringJUnit4ClassRunner.methodBlock(SpringJUnit4ClassRunner.java:291) [spring-test-5.1.7.RELEASE.jar:5.1.7.RELEASE]
	at org.springframework.test.context.junit4.SpringJUnit4ClassRunner.runChild(SpringJUnit4ClassRunner.java:246) [spring-test-5.1.7.RELEASE.jar:5.1.7.RELEASE]
	at org.springframework.test.context.junit4.SpringJUnit4ClassRunner.runChild(SpringJUnit4ClassRunner.java:97) [spring-test-5.1.7.RELEASE.jar:5.1.7.RELEASE]
	at org.junit.runners.ParentRunner$3.run(ParentRunner.java:290) [junit-4.12.jar:4.12]
	at org.junit.runners.ParentRunner$1.schedule(ParentRunner.java:71) [junit-4.12.jar:4.12]
	at org.junit.runners.ParentRunner.runChildren(ParentRunner.java:288) [junit-4.12.jar:4.12]
	at org.junit.runners.ParentRunner.access$000(ParentRunner.java:58) [junit-4.12.jar:4.12]
	at org.junit.runners.ParentRunner$2.evaluate(ParentRunner.java:268) [junit-4.12.jar:4.12]
	at org.springframework.test.context.junit4.statements.RunBeforeTestClassCallbacks.evaluate(RunBeforeTestClassCallbacks.java:61) [spring-test-5.1.7.RELEASE.jar:5.1.7.RELEASE]
	at org.springframework.test.context.junit4.statements.RunAfterTestClassCallbacks.evaluate(RunAfterTestClassCallbacks.java:70) [spring-test-5.1.7.RELEASE.jar:5.1.7.RELEASE]
	at org.junit.runners.ParentRunner.run(ParentRunner.java:363) [junit-4.12.jar:4.12]
	at org.springframework.test.context.junit4.SpringJUnit4ClassRunner.run(SpringJUnit4ClassRunner.java:190) [spring-test-5.1.7.RELEASE.jar:5.1.7.RELEASE]
	at org.powermock.modules.junit4.internal.impl.DelegatingPowerMockRunner$2.call(DelegatingPowerMockRunner.java:149) [powermock-module-junit4-2.0.2.jar:2.0.2]
	at org.powermock.modules.junit4.internal.impl.DelegatingPowerMockRunner$2.call(DelegatingPowerMockRunner.java:141) [powermock-module-junit4-2.0.2.jar:2.0.2]
	at org.powermock.modules.junit4.internal.impl.DelegatingPowerMockRunner.withContextClassLoader(DelegatingPowerMockRunner.java:132) [powermock-module-junit4-2.0.2.jar:2.0.2]
	at org.powermock.modules.junit4.internal.impl.DelegatingPowerMockRunner.run(DelegatingPowerMockRunner.java:141) [powermock-module-junit4-2.0.2.jar:2.0.2]
	at org.powermock.modules.junit4.common.internal.impl.JUnit4TestSuiteChunkerImpl.run(JUnit4TestSuiteChunkerImpl.java:117) [powermock-module-junit4-common-2.0.2.jar:2.0.2]
	at org.powermock.modules.junit4.common.internal.impl.AbstractCommonPowerMockRunner.run(AbstractCommonPowerMockRunner.java:57) [powermock-module-junit4-common-2.0.2.jar:2.0.2]
	at org.powermock.modules.junit4.PowerMockRunner.run(PowerMockRunner.java:59) [powermock-module-junit4-2.0.2.jar:2.0.2]
	at org.apache.maven.surefire.junit4.JUnit4Provider.execute(JUnit4Provider.java:365) [surefire-junit4-2.22.2.jar:2.22.2]
	at org.apache.maven.surefire.junit4.JUnit4Provider.executeWithRerun(JUnit4Provider.java:273) [surefire-junit4-2.22.2.jar:2.22.2]
	at org.apache.maven.surefire.junit4.JUnit4Provider.executeTestSet(JUnit4Provider.java:238) [surefire-junit4-2.22.2.jar:2.22.2]
	at org.apache.maven.surefire.junit4.JUnit4Provider.invoke(JUnit4Provider.java:159) [surefire-junit4-2.22.2.jar:2.22.2]
	at org.apache.maven.surefire.booter.ForkedBooter.invokeProviderInSameClassLoader(ForkedBooter.java:384) [surefire-booter-2.22.2.jar:2.22.2]
	at org.apache.maven.surefire.booter.ForkedBooter.runSuitesInProcess(ForkedBooter.java:345) [surefire-booter-2.22.2.jar:2.22.2]
	at org.apache.maven.surefire.booter.ForkedBooter.execute(ForkedBooter.java:126) [surefire-booter-2.22.2.jar:2.22.2]
	at org.apache.maven.surefire.booter.ForkedBooter.main(ForkedBooter.java:418) [surefire-booter-2.22.2.jar:2.22.2]
Caused by: java.lang.NumberFormatException: null
	at java.lang.Integer.parseInt(Integer.java:542) ~[?:1.8.0_191]
	at java.lang.Integer.valueOf(Integer.java:766) ~[?:1.8.0_191]
	at br.com.pdv.security.AuthorizationServerConfiguration.inicializaCredenciais(AuthorizationServerConfiguration.java:51) ~[classes/:?]
	at br.com.pdv.security.AuthorizationServerConfiguration.configure(AuthorizationServerConfiguration.java:39) ~[classes/:?]
	at org.springframework.security.oauth2.config.annotation.web.configuration.AuthorizationServerSecurityConfiguration.configure(AuthorizationServerSecurityConfiguration.java:58) ~[spring-security-oauth2-2.3.5.RELEASE.jar:?]
	at sun.reflect.NativeMethodAccessorImpl.invoke0(Native Method) ~[?:1.8.0_191]
	at sun.reflect.NativeMethodAccessorImpl.invoke(NativeMethodAccessorImpl.java:62) ~[?:1.8.0_191]
	at sun.reflect.DelegatingMethodAccessorImpl.invoke(DelegatingMethodAccessorImpl.java:43) ~[?:1.8.0_191]
	at java.lang.reflect.Method.invoke(Method.java:498) ~[?:1.8.0_191]
	at org.springframework.beans.factory.annotation.AutowiredAnnotationBeanPostProcessor$AutowiredMethodElement.inject(AutowiredAnnotationBeanPostProcessor.java:708) ~[spring-beans-5.1.7.RELEASE.jar:5.1.7.RELEASE]
	at org.springframework.beans.factory.annotation.InjectionMetadata.inject(InjectionMetadata.java:90) ~[spring-beans-5.1.7.RELEASE.jar:5.1.7.RELEASE]
	at org.springframework.beans.factory.annotation.AutowiredAnnotationBeanPostProcessor.postProcessProperties(AutowiredAnnotationBeanPostProcessor.java:374) ~[spring-beans-5.1.7.RELEASE.jar:5.1.7.RELEASE]
	... 51 more


  .   ____          _            __ _ _
 /\\ / ___'_ __ _ _(_)_ __  __ _ \ \ \ \
( ( )\___ | '_ | '_| | '_ \/ _` | \ \ \ \
 \\/  ___)| |_)| | | | | || (_| |  ) ) ) )
  '  |____| .__|_| |_|_| |_\__, | / / / /
 =========|_|==============|___/=/_/_/_/
 :: Spring Boot ::        (v2.1.5.RELEASE)

2019-06-25 18:06:39.865  INFO 16508 --- [           main] b.c.p.s.ClienteServiceTest               : Starting ClienteServiceTest on CP4475 with PID 16508 (started by User in C:\Projetos_MATERA\META\pdv\pdv)
2019-06-25 18:06:39.866  INFO 16508 --- [           main] b.c.p.s.ClienteServiceTest               : No active profile set, falling back to default profiles: default
2019-06-25 18:06:40.237  INFO 16508 --- [           main] .s.d.r.c.RepositoryConfigurationDelegate : Bootstrapping Spring Data repositories in DEFAULT mode.
2019-06-25 18:06:40.311  INFO 16508 --- [           main] .s.d.r.c.RepositoryConfigurationDelegate : Finished Spring Data repository scanning in 73ms. Found 3 repository interfaces.
2019-06-25 18:06:40.960  INFO 16508 --- [      Thread-14] o.s.b.a.m.e.EmbeddedMongo                : note: noprealloc may hurt performance in many applications
2019-06-25 18:06:41.044  INFO 16508 --- [      Thread-14] o.s.b.a.m.e.EmbeddedMongo                : 2019-06-25T15:06:41.043-0300 I CONTROL  [initandlisten] MongoDB starting : pid=4396 port=64719 dbpath=C:\Users\User\AppData\Local\Temp\embedmongo-db-32fcddfe-466d-4b0b-84c1-10612476bfd8 64-bit host=CP4475
2019-06-25 18:06:41.044  INFO 16508 --- [      Thread-14] o.s.b.a.m.e.EmbeddedMongo                : 2019-06-25T15:06:41.044-0300 I CONTROL  [initandlisten] targetMinOS: Windows Vista/Windows Server 2008
2019-06-25 18:06:41.044  INFO 16508 --- [      Thread-14] o.s.b.a.m.e.EmbeddedMongo                : 2019-06-25T15:06:41.044-0300 I CONTROL  [initandlisten] db version v3.5.5
2019-06-25 18:06:41.044  INFO 16508 --- [      Thread-14] o.s.b.a.m.e.EmbeddedMongo                : 2019-06-25T15:06:41.044-0300 I CONTROL  [initandlisten] git version: 98515c812b6fa893613f063dae568ff8319cbfbd
2019-06-25 18:06:41.044  INFO 16508 --- [      Thread-14] o.s.b.a.m.e.EmbeddedMongo                : 2019-06-25T15:06:41.044-0300 I CONTROL  [initandlisten] allocator: tcmalloc
2019-06-25 18:06:41.044  INFO 16508 --- [      Thread-14] o.s.b.a.m.e.EmbeddedMongo                : 2019-06-25T15:06:41.044-0300 I CONTROL  [initandlisten] modules: none
2019-06-25 18:06:41.044  INFO 16508 --- [      Thread-14] o.s.b.a.m.e.EmbeddedMongo                : 2019-06-25T15:06:41.044-0300 I CONTROL  [initandlisten] build environment:
2019-06-25 18:06:41.044  INFO 16508 --- [      Thread-14] o.s.b.a.m.e.EmbeddedMongo                : 2019-06-25T15:06:41.044-0300 I CONTROL  [initandlisten]     distarch: x86_64
2019-06-25 18:06:41.045  INFO 16508 --- [      Thread-14] o.s.b.a.m.e.EmbeddedMongo                : 2019-06-25T15:06:41.044-0300 I CONTROL  [initandlisten]     target_arch: x86_64
2019-06-25 18:06:41.045  INFO 16508 --- [      Thread-14] o.s.b.a.m.e.EmbeddedMongo                : 2019-06-25T15:06:41.044-0300 I CONTROL  [initandlisten] options: { net: { bindIp: "127.0.0.1", http: { enabled: false }, port: 64719 }, security: { authorization: "disabled" }, storage: { dbPath: "C:\Users\User\AppData\Local\Temp\embedmongo-db-32fcddfe-466d-4b0b-84c1-10612476bfd8", journal: { enabled: false }, mmapv1: { preallocDataFiles: false, smallFiles: true }, syncPeriodSecs: 0.0 } }
2019-06-25 18:06:41.045  INFO 16508 --- [      Thread-14] o.s.b.a.m.e.EmbeddedMongo                : 2019-06-25T15:06:41.045-0300 I STORAGE  [initandlisten] wiredtiger_open config: create,cache_size=3494M,session_max=20000,eviction=(threads_min=4,threads_max=4),config_base=false,statistics=(fast),log=(enabled=true,archive=true,path=journal,compressor=snappy),file_manager=(close_idle_time=100000),checkpoint=(wait=0,log_size=2GB),statistics_log=(wait=0),verbose=(recovery_progress),,log=(enabled=false),
2019-06-25 18:06:42.014  INFO 16508 --- [      Thread-14] o.s.b.a.m.e.EmbeddedMongo                : 2019-06-25T15:06:42.014-0300 W STORAGE  [initandlisten] Detected configuration for non-active storage engine mmapv1 when current storage engine is wiredTiger
2019-06-25 18:06:42.014  INFO 16508 --- [      Thread-14] o.s.b.a.m.e.EmbeddedMongo                : 2019-06-25T15:06:42.014-0300 I CONTROL  [initandlisten] 
2019-06-25 18:06:42.015  INFO 16508 --- [      Thread-14] o.s.b.a.m.e.EmbeddedMongo                : 2019-06-25T15:06:42.014-0300 I CONTROL  [initandlisten] ** NOTE: This is a development version (3.5.5) of MongoDB.
2019-06-25 18:06:42.015  INFO 16508 --- [      Thread-14] o.s.b.a.m.e.EmbeddedMongo                : 2019-06-25T15:06:42.014-0300 I CONTROL  [initandlisten] **       Not recommended for production.
2019-06-25 18:06:42.015  INFO 16508 --- [      Thread-14] o.s.b.a.m.e.EmbeddedMongo                : 2019-06-25T15:06:42.014-0300 I CONTROL  [initandlisten] 
2019-06-25 18:06:42.613  INFO 16508 --- [      Thread-14] o.s.b.a.m.e.EmbeddedMongo                : 2019-06-25T15:06:42.613-0300 W FTDC     [initandlisten] Failed to initialize Performance Counters for FTDC: WindowsPdhError: PdhExpandCounterPathW failed with 'O objeto especificado nÃ£o foi encontrado no computador.' for counter '\Memory\Available Bytes'
2019-06-25 18:06:42.613  INFO 16508 --- [      Thread-14] o.s.b.a.m.e.EmbeddedMongo                : 2019-06-25T15:06:42.613-0300 I FTDC     [initandlisten] Initializing full-time diagnostic data capture with directory 'C:/Users/User/AppData/Local/Temp/embedmongo-db-32fcddfe-466d-4b0b-84c1-10612476bfd8/diagnostic.data'
2019-06-25 18:06:42.917  INFO 16508 --- [      Thread-14] o.s.b.a.m.e.EmbeddedMongo                : 2019-06-25T15:06:42.917-0300 I INDEX    [initandlisten] build index on: admin.system.version properties: { v: 2, key: { version: 1 }, name: "incompatible_with_version_32", ns: "admin.system.version" }
2019-06-25 18:06:42.917  INFO 16508 --- [      Thread-14] o.s.b.a.m.e.EmbeddedMongo                : 2019-06-25T15:06:42.917-0300 I INDEX    [initandlisten] 	 building index using bulk method; build may temporarily use up to 500 megabytes of RAM
2019-06-25 18:06:42.922  INFO 16508 --- [      Thread-14] o.s.b.a.m.e.EmbeddedMongo                : 2019-06-25T15:06:42.922-0300 I INDEX    [initandlisten] build index done.  scanned 0 total records. 0 secs
2019-06-25 18:06:42.924  INFO 16508 --- [      Thread-14] o.s.b.a.m.e.EmbeddedMongo                : 2019-06-25T15:06:42.924-0300 I COMMAND  [initandlisten] setting featureCompatibilityVersion to 3.4
2019-06-25 18:06:42.925  INFO 16508 --- [      Thread-14] o.s.b.a.m.e.EmbeddedMongo                : 2019-06-25T15:06:42.925-0300 I NETWORK  [thread1] waiting for connections on port 64719
2019-06-25 18:06:42.925  INFO 16508 --- [           main] d.f.e.m.MongodExecutable                 : start de.flapdoodle.embed.mongo.config.MongodConfigBuilder$ImmutableMongodConfig@787f5728
2019-06-25 18:06:42.937  INFO 16508 --- [           main] o.m.d.cluster                            : Cluster created with settings {hosts=[localhost:64719], mode=MULTIPLE, requiredClusterType=UNKNOWN, serverSelectionTimeout='30000 ms', maxWaitQueueSize=500}
2019-06-25 18:06:42.937  INFO 16508 --- [           main] o.m.d.cluster                            : Adding discovered server localhost:64719 to client view of cluster
2019-06-25 18:06:42.971  INFO 16508 --- [      Thread-14] o.s.b.a.m.e.EmbeddedMongo                : 2019-06-25T15:06:42.971-0300 I NETWORK  [thread1] connection accepted from 127.0.0.1:64724 #1 (1 connection now open)
2019-06-25 18:06:42.983  INFO 16508 --- [      Thread-14] o.s.b.a.m.e.EmbeddedMongo                : 2019-06-25T15:06:42.983-0300 I NETWORK  [conn1] received client metadata from 127.0.0.1:64724 conn1: { driver: { name: "mongo-java-driver", version: "3.8.2" }, os: { type: "Windows", name: "Windows 10", architecture: "amd64", version: "10.0" }, platform: "Java/Oracle Corporation/1.8.0_191-b12" }
2019-06-25 18:06:42.985  INFO 16508 --- [localhost:64719] o.m.d.connection                         : Opened connection [connectionId{localValue:7, serverValue:1}] to localhost:64719
2019-06-25 18:06:42.987  INFO 16508 --- [localhost:64719] o.m.d.cluster                            : Monitor thread successfully connected to server with description ServerDescription{address=localhost:64719, type=STANDALONE, state=CONNECTED, ok=true, version=ServerVersion{versionList=[3, 5, 5]}, minWireVersion=0, maxWireVersion=5, maxDocumentSize=16777216, logicalSessionTimeoutMinutes=null, roundTripTimeNanos=875520}
2019-06-25 18:06:42.988  INFO 16508 --- [localhost:64719] o.m.d.cluster                            : Discovered cluster type of STANDALONE
2019-06-25 18:06:43.218  INFO 16508 --- [      Thread-14] o.s.b.a.m.e.EmbeddedMongo                : 2019-06-25T15:06:43.218-0300 I NETWORK  [thread1] connection accepted from 127.0.0.1:64725 #2 (2 connections now open)
2019-06-25 18:06:43.230  INFO 16508 --- [      Thread-14] o.s.b.a.m.e.EmbeddedMongo                : 2019-06-25T15:06:43.230-0300 I NETWORK  [conn2] received client metadata from 127.0.0.1:64725 conn2: { driver: { name: "mongo-java-driver", version: "3.8.2" }, os: { type: "Windows", name: "Windows 10", architecture: "amd64", version: "10.0" }, platform: "Java/Oracle Corporation/1.8.0_191-b12" }
2019-06-25 18:06:43.235  INFO 16508 --- [           main] o.m.d.connection                         : Opened connection [connectionId{localValue:8, serverValue:2}] to localhost:64719
2019-06-25 18:06:43.585  WARN 16508 --- [           main] b.c.p.c.Propriedades                     : Configuracao oauth2.prazo.token nao localizada
2019-06-25 18:06:43.586  WARN 16508 --- [           main] s.c.a.AnnotationConfigApplicationContext : Exception encountered during context initialization - cancelling refresh attempt: org.springframework.beans.factory.BeanCreationException: Error creating bean with name 'org.springframework.security.oauth2.config.annotation.web.configuration.AuthorizationServerSecurityConfiguration': Injection of autowired dependencies failed; nested exception is java.lang.NumberFormatException: null
2019-06-25 18:06:43.586  INFO 16508 --- [           main] o.m.d.connection                         : Closed connection [connectionId{localValue:8, serverValue:2}] to localhost:64719 because the pool has been closed.
2019-06-25 18:06:43.587  INFO 16508 --- [      Thread-14] o.s.b.a.m.e.EmbeddedMongo                : 2019-06-25T15:06:43.587-0300 I -        [conn2] end connection 127.0.0.1:64725 (2 connections now open)
2019-06-25 18:06:43.588  INFO 16508 --- [      Thread-14] o.s.b.a.m.e.EmbeddedMongo                : 2019-06-25T15:06:43.588-0300 I NETWORK  [thread1] connection accepted from 127.0.0.1:64726 #3 (2 connections now open)
2019-06-25 18:06:43.591  INFO 16508 --- [      Thread-14] o.s.b.a.m.e.EmbeddedMongo                : 2019-06-25T15:06:43.591-0300 I -        [conn1] end connection 127.0.0.1:64724 (2 connections now open)
2019-06-25 18:06:43.597  INFO 16508 --- [      Thread-14] o.s.b.a.m.e.EmbeddedMongo                : 2019-06-25T15:06:43.597-0300 I COMMAND  [conn3] terminating, shutdown command received
2019-06-25 18:06:43.600  INFO 16508 --- [      Thread-14] o.s.b.a.m.e.EmbeddedMongo                : 2019-06-25T15:06:43.600-0300 I NETWORK  [conn3] shutdown: going to close listening sockets...
2019-06-25 18:06:43.601  INFO 16508 --- [      Thread-14] o.s.b.a.m.e.EmbeddedMongo                : 2019-06-25T15:06:43.601-0300 I NETWORK  [conn3] closing listening socket: 608
2019-06-25 18:06:43.602  INFO 16508 --- [      Thread-14] o.s.b.a.m.e.EmbeddedMongo                : 2019-06-25T15:06:43.602-0300 I NETWORK  [conn3] shutdown: going to flush diaglog...
2019-06-25 18:06:43.602  INFO 16508 --- [      Thread-14] o.s.b.a.m.e.EmbeddedMongo                : 2019-06-25T15:06:43.602-0300 I FTDC     [conn3] Shutting down full-time diagnostic data capture
2019-06-25 18:06:43.610  INFO 16508 --- [      Thread-14] o.s.b.a.m.e.EmbeddedMongo                : 2019-06-25T15:06:43.610-0300 I STORAGE  [conn3] WiredTigerKVEngine shutting down
2019-06-25 18:06:43.646  INFO 16508 --- [      Thread-14] o.s.b.a.m.e.EmbeddedMongo                : 2019-06-25T15:06:43.646-0300 I STORAGE  [conn3] shutdown: removing fs lock...
2019-06-25 18:06:43.647  INFO 16508 --- [      Thread-14] o.s.b.a.m.e.EmbeddedMongo                : 2019-06-25T15:06:43.647-0300 I CONTROL  [conn3] now exiting
2019-06-25 18:06:43.647  INFO 16508 --- [      Thread-14] o.s.b.a.m.e.EmbeddedMongo                : 2019-06-25T15:06:43.647-0300 I CONTROL  [conn3] shutting down with code:0
2019-06-25 18:06:43.648  INFO 16508 --- [      Thread-14] o.s.b.a.m.e.EmbeddedMongo                : 2019-06-25T15:06:43.647-0300 I CONTROL  [initandlisten] shutting down with code:0
2019-06-25 18:06:43.765  INFO 16508 --- [           main] ConditionEvaluationReportLoggingListener : 

Error starting ApplicationContext. To display the conditions report re-run your application with 'debug' enabled.
2019-06-25 18:06:43.766 ERROR 16508 --- [           main] o.s.b.SpringApplication                  : Application run failed

org.springframework.beans.factory.BeanCreationException: Error creating bean with name 'org.springframework.security.oauth2.config.annotation.web.configuration.AuthorizationServerSecurityConfiguration': Injection of autowired dependencies failed; nested exception is java.lang.NumberFormatException: null
	at org.springframework.beans.factory.annotation.AutowiredAnnotationBeanPostProcessor.postProcessProperties(AutowiredAnnotationBeanPostProcessor.java:380) ~[spring-beans-5.1.7.RELEASE.jar:5.1.7.RELEASE]
	at org.springframework.beans.factory.support.AbstractAutowireCapableBeanFactory.populateBean(AbstractAutowireCapableBeanFactory.java:1411) ~[spring-beans-5.1.7.RELEASE.jar:5.1.7.RELEASE]
	at org.springframework.beans.factory.support.AbstractAutowireCapableBeanFactory.doCreateBean(AbstractAutowireCapableBeanFactory.java:592) ~[spring-beans-5.1.7.RELEASE.jar:5.1.7.RELEASE]
	at org.springframework.beans.factory.support.AbstractAutowireCapableBeanFactory.createBean(AbstractAutowireCapableBeanFactory.java:515) ~[spring-beans-5.1.7.RELEASE.jar:5.1.7.RELEASE]
	at org.springframework.beans.factory.support.AbstractBeanFactory.lambda$doGetBean$0(AbstractBeanFactory.java:320) ~[spring-beans-5.1.7.RELEASE.jar:5.1.7.RELEASE]
	at org.springframework.beans.factory.support.DefaultSingletonBeanRegistry.getSingleton(DefaultSingletonBeanRegistry.java:222) ~[spring-beans-5.1.7.RELEASE.jar:5.1.7.RELEASE]
	at org.springframework.beans.factory.support.AbstractBeanFactory.doGetBean(AbstractBeanFactory.java:318) ~[spring-beans-5.1.7.RELEASE.jar:5.1.7.RELEASE]
	at org.springframework.beans.factory.support.AbstractBeanFactory.getBean(AbstractBeanFactory.java:199) ~[spring-beans-5.1.7.RELEASE.jar:5.1.7.RELEASE]
	at org.springframework.beans.factory.support.DefaultListableBeanFactory.preInstantiateSingletons(DefaultListableBeanFactory.java:843) ~[spring-beans-5.1.7.RELEASE.jar:5.1.7.RELEASE]
	at org.springframework.context.support.AbstractApplicationContext.finishBeanFactoryInitialization(AbstractApplicationContext.java:877) ~[spring-context-5.1.7.RELEASE.jar:5.1.7.RELEASE]
	at org.springframework.context.support.AbstractApplicationContext.refresh(AbstractApplicationContext.java:549) ~[spring-context-5.1.7.RELEASE.jar:5.1.7.RELEASE]
	at org.springframework.boot.SpringApplication.refresh(SpringApplication.java:775) [spring-boot-2.1.5.RELEASE.jar:2.1.5.RELEASE]
	at org.springframework.boot.SpringApplication.refreshContext(SpringApplication.java:397) [spring-boot-2.1.5.RELEASE.jar:2.1.5.RELEASE]
	at org.springframework.boot.SpringApplication.run(SpringApplication.java:316) [spring-boot-2.1.5.RELEASE.jar:2.1.5.RELEASE]
	at org.springframework.boot.test.context.SpringBootContextLoader.loadContext(SpringBootContextLoader.java:127) [spring-boot-test-2.1.5.RELEASE.jar:2.1.5.RELEASE]
	at org.springframework.test.context.cache.DefaultCacheAwareContextLoaderDelegate.loadContextInternal(DefaultCacheAwareContextLoaderDelegate.java:99) [spring-test-5.1.7.RELEASE.jar:5.1.7.RELEASE]
	at org.springframework.test.context.cache.DefaultCacheAwareContextLoaderDelegate.loadContext(DefaultCacheAwareContextLoaderDelegate.java:117) [spring-test-5.1.7.RELEASE.jar:5.1.7.RELEASE]
	at org.springframework.test.context.support.DefaultTestContext.getApplicationContext(DefaultTestContext.java:108) [spring-test-5.1.7.RELEASE.jar:5.1.7.RELEASE]
	at org.springframework.boot.test.autoconfigure.SpringBootDependencyInjectionTestExecutionListener.outputConditionEvaluationReport(SpringBootDependencyInjectionTestExecutionListener.java:54) [spring-boot-test-autoconfigure-2.1.5.RELEASE.jar:2.1.5.RELEASE]
	at org.springframework.boot.test.autoconfigure.SpringBootDependencyInjectionTestExecutionListener.prepareTestInstance(SpringBootDependencyInjectionTestExecutionListener.java:47) [spring-boot-test-autoconfigure-2.1.5.RELEASE.jar:2.1.5.RELEASE]
	at org.springframework.test.context.TestContextManager.prepareTestInstance(TestContextManager.java:246) [spring-test-5.1.7.RELEASE.jar:5.1.7.RELEASE]
	at org.springframework.test.context.junit4.SpringJUnit4ClassRunner.createTest(SpringJUnit4ClassRunner.java:227) [spring-test-5.1.7.RELEASE.jar:5.1.7.RELEASE]
	at org.springframework.test.context.junit4.SpringJUnit4ClassRunner$1.runReflectiveCall(SpringJUnit4ClassRunner.java:289) [spring-test-5.1.7.RELEASE.jar:5.1.7.RELEASE]
	at org.junit.internal.runners.model.ReflectiveCallable.run(ReflectiveCallable.java:12) [junit-4.12.jar:4.12]
	at org.springframework.test.context.junit4.SpringJUnit4ClassRunner.methodBlock(SpringJUnit4ClassRunner.java:291) [spring-test-5.1.7.RELEASE.jar:5.1.7.RELEASE]
	at org.springframework.test.context.junit4.SpringJUnit4ClassRunner.runChild(SpringJUnit4ClassRunner.java:246) [spring-test-5.1.7.RELEASE.jar:5.1.7.RELEASE]
	at org.springframework.test.context.junit4.SpringJUnit4ClassRunner.runChild(SpringJUnit4ClassRunner.java:97) [spring-test-5.1.7.RELEASE.jar:5.1.7.RELEASE]
	at org.junit.runners.ParentRunner$3.run(ParentRunner.java:290) [junit-4.12.jar:4.12]
	at org.junit.runners.ParentRunner$1.schedule(ParentRunner.java:71) [junit-4.12.jar:4.12]
	at org.junit.runners.ParentRunner.runChildren(ParentRunner.java:288) [junit-4.12.jar:4.12]
	at org.junit.runners.ParentRunner.access$000(ParentRunner.java:58) [junit-4.12.jar:4.12]
	at org.junit.runners.ParentRunner$2.evaluate(ParentRunner.java:268) [junit-4.12.jar:4.12]
	at org.springframework.test.context.junit4.statements.RunBeforeTestClassCallbacks.evaluate(RunBeforeTestClassCallbacks.java:61) [spring-test-5.1.7.RELEASE.jar:5.1.7.RELEASE]
	at org.springframework.test.context.junit4.statements.RunAfterTestClassCallbacks.evaluate(RunAfterTestClassCallbacks.java:70) [spring-test-5.1.7.RELEASE.jar:5.1.7.RELEASE]
	at org.junit.runners.ParentRunner.run(ParentRunner.java:363) [junit-4.12.jar:4.12]
	at org.springframework.test.context.junit4.SpringJUnit4ClassRunner.run(SpringJUnit4ClassRunner.java:190) [spring-test-5.1.7.RELEASE.jar:5.1.7.RELEASE]
	at org.powermock.modules.junit4.internal.impl.DelegatingPowerMockRunner$2.call(DelegatingPowerMockRunner.java:149) [powermock-module-junit4-2.0.2.jar:2.0.2]
	at org.powermock.modules.junit4.internal.impl.DelegatingPowerMockRunner$2.call(DelegatingPowerMockRunner.java:141) [powermock-module-junit4-2.0.2.jar:2.0.2]
	at org.powermock.modules.junit4.internal.impl.DelegatingPowerMockRunner.withContextClassLoader(DelegatingPowerMockRunner.java:132) [powermock-module-junit4-2.0.2.jar:2.0.2]
	at org.powermock.modules.junit4.internal.impl.DelegatingPowerMockRunner.run(DelegatingPowerMockRunner.java:141) [powermock-module-junit4-2.0.2.jar:2.0.2]
	at org.powermock.modules.junit4.common.internal.impl.JUnit4TestSuiteChunkerImpl.run(JUnit4TestSuiteChunkerImpl.java:117) [powermock-module-junit4-common-2.0.2.jar:2.0.2]
	at org.powermock.modules.junit4.common.internal.impl.AbstractCommonPowerMockRunner.run(AbstractCommonPowerMockRunner.java:57) [powermock-module-junit4-common-2.0.2.jar:2.0.2]
	at org.powermock.modules.junit4.PowerMockRunner.run(PowerMockRunner.java:59) [powermock-module-junit4-2.0.2.jar:2.0.2]
	at org.apache.maven.surefire.junit4.JUnit4Provider.execute(JUnit4Provider.java:365) [surefire-junit4-2.22.2.jar:2.22.2]
	at org.apache.maven.surefire.junit4.JUnit4Provider.executeWithRerun(JUnit4Provider.java:273) [surefire-junit4-2.22.2.jar:2.22.2]
	at org.apache.maven.surefire.junit4.JUnit4Provider.executeTestSet(JUnit4Provider.java:238) [surefire-junit4-2.22.2.jar:2.22.2]
	at org.apache.maven.surefire.junit4.JUnit4Provider.invoke(JUnit4Provider.java:159) [surefire-junit4-2.22.2.jar:2.22.2]
	at org.apache.maven.surefire.booter.ForkedBooter.invokeProviderInSameClassLoader(ForkedBooter.java:384) [surefire-booter-2.22.2.jar:2.22.2]
	at org.apache.maven.surefire.booter.ForkedBooter.runSuitesInProcess(ForkedBooter.java:345) [surefire-booter-2.22.2.jar:2.22.2]
	at org.apache.maven.surefire.booter.ForkedBooter.execute(ForkedBooter.java:126) [surefire-booter-2.22.2.jar:2.22.2]
	at org.apache.maven.surefire.booter.ForkedBooter.main(ForkedBooter.java:418) [surefire-booter-2.22.2.jar:2.22.2]
Caused by: java.lang.NumberFormatException: null
	at java.lang.Integer.parseInt(Integer.java:542) ~[?:1.8.0_191]
	at java.lang.Integer.valueOf(Integer.java:766) ~[?:1.8.0_191]
	at br.com.pdv.security.AuthorizationServerConfiguration.inicializaCredenciais(AuthorizationServerConfiguration.java:51) ~[classes/:?]
	at br.com.pdv.security.AuthorizationServerConfiguration.configure(AuthorizationServerConfiguration.java:39) ~[classes/:?]
	at org.springframework.security.oauth2.config.annotation.web.configuration.AuthorizationServerSecurityConfiguration.configure(AuthorizationServerSecurityConfiguration.java:58) ~[spring-security-oauth2-2.3.5.RELEASE.jar:?]
	at sun.reflect.NativeMethodAccessorImpl.invoke0(Native Method) ~[?:1.8.0_191]
	at sun.reflect.NativeMethodAccessorImpl.invoke(NativeMethodAccessorImpl.java:62) ~[?:1.8.0_191]
	at sun.reflect.DelegatingMethodAccessorImpl.invoke(DelegatingMethodAccessorImpl.java:43) ~[?:1.8.0_191]
	at java.lang.reflect.Method.invoke(Method.java:498) ~[?:1.8.0_191]
	at org.springframework.beans.factory.annotation.AutowiredAnnotationBeanPostProcessor$AutowiredMethodElement.inject(AutowiredAnnotationBeanPostProcessor.java:708) ~[spring-beans-5.1.7.RELEASE.jar:5.1.7.RELEASE]
	at org.springframework.beans.factory.annotation.InjectionMetadata.inject(InjectionMetadata.java:90) ~[spring-beans-5.1.7.RELEASE.jar:5.1.7.RELEASE]
	at org.springframework.beans.factory.annotation.AutowiredAnnotationBeanPostProcessor.postProcessProperties(AutowiredAnnotationBeanPostProcessor.java:374) ~[spring-beans-5.1.7.RELEASE.jar:5.1.7.RELEASE]
	... 50 more

2019-06-25 18:06:43.771 ERROR 16508 --- [           main] o.s.t.c.TestContextManager               : Caught exception while allowing TestExecutionListener [org.springframework.boot.test.autoconfigure.SpringBootDependencyInjectionTestExecutionListener@35a0458] to prepare test instance [br.com.pdv.service.ClienteServiceTest@2a63f920]

java.lang.IllegalStateException: Failed to load ApplicationContext
	at org.springframework.test.context.cache.DefaultCacheAwareContextLoaderDelegate.loadContext(DefaultCacheAwareContextLoaderDelegate.java:125) ~[spring-test-5.1.7.RELEASE.jar:5.1.7.RELEASE]
	at org.springframework.test.context.support.DefaultTestContext.getApplicationContext(DefaultTestContext.java:108) ~[spring-test-5.1.7.RELEASE.jar:5.1.7.RELEASE]
	at org.springframework.test.context.support.DependencyInjectionTestExecutionListener.injectDependencies(DependencyInjectionTestExecutionListener.java:118) ~[spring-test-5.1.7.RELEASE.jar:5.1.7.RELEASE]
	at org.springframework.test.context.support.DependencyInjectionTestExecutionListener.prepareTestInstance(DependencyInjectionTestExecutionListener.java:83) ~[spring-test-5.1.7.RELEASE.jar:5.1.7.RELEASE]
	at org.springframework.boot.test.autoconfigure.SpringBootDependencyInjectionTestExecutionListener.prepareTestInstance(SpringBootDependencyInjectionTestExecutionListener.java:44) ~[spring-boot-test-autoconfigure-2.1.5.RELEASE.jar:2.1.5.RELEASE]
	at org.springframework.test.context.TestContextManager.prepareTestInstance(TestContextManager.java:246) [spring-test-5.1.7.RELEASE.jar:5.1.7.RELEASE]
	at org.springframework.test.context.junit4.SpringJUnit4ClassRunner.createTest(SpringJUnit4ClassRunner.java:227) [spring-test-5.1.7.RELEASE.jar:5.1.7.RELEASE]
	at org.springframework.test.context.junit4.SpringJUnit4ClassRunner$1.runReflectiveCall(SpringJUnit4ClassRunner.java:289) [spring-test-5.1.7.RELEASE.jar:5.1.7.RELEASE]
	at org.junit.internal.runners.model.ReflectiveCallable.run(ReflectiveCallable.java:12) [junit-4.12.jar:4.12]
	at org.springframework.test.context.junit4.SpringJUnit4ClassRunner.methodBlock(SpringJUnit4ClassRunner.java:291) [spring-test-5.1.7.RELEASE.jar:5.1.7.RELEASE]
	at org.springframework.test.context.junit4.SpringJUnit4ClassRunner.runChild(SpringJUnit4ClassRunner.java:246) [spring-test-5.1.7.RELEASE.jar:5.1.7.RELEASE]
	at org.springframework.test.context.junit4.SpringJUnit4ClassRunner.runChild(SpringJUnit4ClassRunner.java:97) [spring-test-5.1.7.RELEASE.jar:5.1.7.RELEASE]
	at org.junit.runners.ParentRunner$3.run(ParentRunner.java:290) [junit-4.12.jar:4.12]
	at org.junit.runners.ParentRunner$1.schedule(ParentRunner.java:71) [junit-4.12.jar:4.12]
	at org.junit.runners.ParentRunner.runChildren(ParentRunner.java:288) [junit-4.12.jar:4.12]
	at org.junit.runners.ParentRunner.access$000(ParentRunner.java:58) [junit-4.12.jar:4.12]
	at org.junit.runners.ParentRunner$2.evaluate(ParentRunner.java:268) [junit-4.12.jar:4.12]
	at org.springframework.test.context.junit4.statements.RunBeforeTestClassCallbacks.evaluate(RunBeforeTestClassCallbacks.java:61) [spring-test-5.1.7.RELEASE.jar:5.1.7.RELEASE]
	at org.springframework.test.context.junit4.statements.RunAfterTestClassCallbacks.evaluate(RunAfterTestClassCallbacks.java:70) [spring-test-5.1.7.RELEASE.jar:5.1.7.RELEASE]
	at org.junit.runners.ParentRunner.run(ParentRunner.java:363) [junit-4.12.jar:4.12]
	at org.springframework.test.context.junit4.SpringJUnit4ClassRunner.run(SpringJUnit4ClassRunner.java:190) [spring-test-5.1.7.RELEASE.jar:5.1.7.RELEASE]
	at org.powermock.modules.junit4.internal.impl.DelegatingPowerMockRunner$2.call(DelegatingPowerMockRunner.java:149) [powermock-module-junit4-2.0.2.jar:2.0.2]
	at org.powermock.modules.junit4.internal.impl.DelegatingPowerMockRunner$2.call(DelegatingPowerMockRunner.java:141) [powermock-module-junit4-2.0.2.jar:2.0.2]
	at org.powermock.modules.junit4.internal.impl.DelegatingPowerMockRunner.withContextClassLoader(DelegatingPowerMockRunner.java:132) [powermock-module-junit4-2.0.2.jar:2.0.2]
	at org.powermock.modules.junit4.internal.impl.DelegatingPowerMockRunner.run(DelegatingPowerMockRunner.java:141) [powermock-module-junit4-2.0.2.jar:2.0.2]
	at org.powermock.modules.junit4.common.internal.impl.JUnit4TestSuiteChunkerImpl.run(JUnit4TestSuiteChunkerImpl.java:117) [powermock-module-junit4-common-2.0.2.jar:2.0.2]
	at org.powermock.modules.junit4.common.internal.impl.AbstractCommonPowerMockRunner.run(AbstractCommonPowerMockRunner.java:57) [powermock-module-junit4-common-2.0.2.jar:2.0.2]
	at org.powermock.modules.junit4.PowerMockRunner.run(PowerMockRunner.java:59) [powermock-module-junit4-2.0.2.jar:2.0.2]
	at org.apache.maven.surefire.junit4.JUnit4Provider.execute(JUnit4Provider.java:365) [surefire-junit4-2.22.2.jar:2.22.2]
	at org.apache.maven.surefire.junit4.JUnit4Provider.executeWithRerun(JUnit4Provider.java:273) [surefire-junit4-2.22.2.jar:2.22.2]
	at org.apache.maven.surefire.junit4.JUnit4Provider.executeTestSet(JUnit4Provider.java:238) [surefire-junit4-2.22.2.jar:2.22.2]
	at org.apache.maven.surefire.junit4.JUnit4Provider.invoke(JUnit4Provider.java:159) [surefire-junit4-2.22.2.jar:2.22.2]
	at org.apache.maven.surefire.booter.ForkedBooter.invokeProviderInSameClassLoader(ForkedBooter.java:384) [surefire-booter-2.22.2.jar:2.22.2]
	at org.apache.maven.surefire.booter.ForkedBooter.runSuitesInProcess(ForkedBooter.java:345) [surefire-booter-2.22.2.jar:2.22.2]
	at org.apache.maven.surefire.booter.ForkedBooter.execute(ForkedBooter.java:126) [surefire-booter-2.22.2.jar:2.22.2]
	at org.apache.maven.surefire.booter.ForkedBooter.main(ForkedBooter.java:418) [surefire-booter-2.22.2.jar:2.22.2]
Caused by: org.springframework.beans.factory.BeanCreationException: Error creating bean with name 'org.springframework.security.oauth2.config.annotation.web.configuration.AuthorizationServerSecurityConfiguration': Injection of autowired dependencies failed; nested exception is java.lang.NumberFormatException: null
	at org.springframework.beans.factory.annotation.AutowiredAnnotationBeanPostProcessor.postProcessProperties(AutowiredAnnotationBeanPostProcessor.java:380) ~[spring-beans-5.1.7.RELEASE.jar:5.1.7.RELEASE]
	at org.springframework.beans.factory.support.AbstractAutowireCapableBeanFactory.populateBean(AbstractAutowireCapableBeanFactory.java:1411) ~[spring-beans-5.1.7.RELEASE.jar:5.1.7.RELEASE]
	at org.springframework.beans.factory.support.AbstractAutowireCapableBeanFactory.doCreateBean(AbstractAutowireCapableBeanFactory.java:592) ~[spring-beans-5.1.7.RELEASE.jar:5.1.7.RELEASE]
	at org.springframework.beans.factory.support.AbstractAutowireCapableBeanFactory.createBean(AbstractAutowireCapableBeanFactory.java:515) ~[spring-beans-5.1.7.RELEASE.jar:5.1.7.RELEASE]
	at org.springframework.beans.factory.support.AbstractBeanFactory.lambda$doGetBean$0(AbstractBeanFactory.java:320) ~[spring-beans-5.1.7.RELEASE.jar:5.1.7.RELEASE]
	at org.springframework.beans.factory.support.DefaultSingletonBeanRegistry.getSingleton(DefaultSingletonBeanRegistry.java:222) ~[spring-beans-5.1.7.RELEASE.jar:5.1.7.RELEASE]
	at org.springframework.beans.factory.support.AbstractBeanFactory.doGetBean(AbstractBeanFactory.java:318) ~[spring-beans-5.1.7.RELEASE.jar:5.1.7.RELEASE]
	at org.springframework.beans.factory.support.AbstractBeanFactory.getBean(AbstractBeanFactory.java:199) ~[spring-beans-5.1.7.RELEASE.jar:5.1.7.RELEASE]
	at org.springframework.beans.factory.support.DefaultListableBeanFactory.preInstantiateSingletons(DefaultListableBeanFactory.java:843) ~[spring-beans-5.1.7.RELEASE.jar:5.1.7.RELEASE]
	at org.springframework.context.support.AbstractApplicationContext.finishBeanFactoryInitialization(AbstractApplicationContext.java:877) ~[spring-context-5.1.7.RELEASE.jar:5.1.7.RELEASE]
	at org.springframework.context.support.AbstractApplicationContext.refresh(AbstractApplicationContext.java:549) ~[spring-context-5.1.7.RELEASE.jar:5.1.7.RELEASE]
	at org.springframework.boot.SpringApplication.refresh(SpringApplication.java:775) ~[spring-boot-2.1.5.RELEASE.jar:2.1.5.RELEASE]
	at org.springframework.boot.SpringApplication.refreshContext(SpringApplication.java:397) ~[spring-boot-2.1.5.RELEASE.jar:2.1.5.RELEASE]
	at org.springframework.boot.SpringApplication.run(SpringApplication.java:316) ~[spring-boot-2.1.5.RELEASE.jar:2.1.5.RELEASE]
	at org.springframework.boot.test.context.SpringBootContextLoader.loadContext(SpringBootContextLoader.java:127) ~[spring-boot-test-2.1.5.RELEASE.jar:2.1.5.RELEASE]
	at org.springframework.test.context.cache.DefaultCacheAwareContextLoaderDelegate.loadContextInternal(DefaultCacheAwareContextLoaderDelegate.java:99) ~[spring-test-5.1.7.RELEASE.jar:5.1.7.RELEASE]
	at org.springframework.test.context.cache.DefaultCacheAwareContextLoaderDelegate.loadContext(DefaultCacheAwareContextLoaderDelegate.java:117) ~[spring-test-5.1.7.RELEASE.jar:5.1.7.RELEASE]
	... 35 more
Caused by: java.lang.NumberFormatException: null
	at java.lang.Integer.parseInt(Integer.java:542) ~[?:1.8.0_191]
	at java.lang.Integer.valueOf(Integer.java:766) ~[?:1.8.0_191]
	at br.com.pdv.security.AuthorizationServerConfiguration.inicializaCredenciais(AuthorizationServerConfiguration.java:51) ~[classes/:?]
	at br.com.pdv.security.AuthorizationServerConfiguration.configure(AuthorizationServerConfiguration.java:39) ~[classes/:?]
	at org.springframework.security.oauth2.config.annotation.web.configuration.AuthorizationServerSecurityConfiguration.configure(AuthorizationServerSecurityConfiguration.java:58) ~[spring-security-oauth2-2.3.5.RELEASE.jar:?]
	at sun.reflect.NativeMethodAccessorImpl.invoke0(Native Method) ~[?:1.8.0_191]
	at sun.reflect.NativeMethodAccessorImpl.invoke(NativeMethodAccessorImpl.java:62) ~[?:1.8.0_191]
	at sun.reflect.DelegatingMethodAccessorImpl.invoke(DelegatingMethodAccessorImpl.java:43) ~[?:1.8.0_191]
	at java.lang.reflect.Method.invoke(Method.java:498) ~[?:1.8.0_191]
	at org.springframework.beans.factory.annotation.AutowiredAnnotationBeanPostProcessor$AutowiredMethodElement.inject(AutowiredAnnotationBeanPostProcessor.java:708) ~[spring-beans-5.1.7.RELEASE.jar:5.1.7.RELEASE]
	at org.springframework.beans.factory.annotation.InjectionMetadata.inject(InjectionMetadata.java:90) ~[spring-beans-5.1.7.RELEASE.jar:5.1.7.RELEASE]
	at org.springframework.beans.factory.annotation.AutowiredAnnotationBeanPostProcessor.postProcessProperties(AutowiredAnnotationBeanPostProcessor.java:374) ~[spring-beans-5.1.7.RELEASE.jar:5.1.7.RELEASE]
	at org.springframework.beans.factory.support.AbstractAutowireCapableBeanFactory.populateBean(AbstractAutowireCapableBeanFactory.java:1411) ~[spring-beans-5.1.7.RELEASE.jar:5.1.7.RELEASE]
	at org.springframework.beans.factory.support.AbstractAutowireCapableBeanFactory.doCreateBean(AbstractAutowireCapableBeanFactory.java:592) ~[spring-beans-5.1.7.RELEASE.jar:5.1.7.RELEASE]
	at org.springframework.beans.factory.support.AbstractAutowireCapableBeanFactory.createBean(AbstractAutowireCapableBeanFactory.java:515) ~[spring-beans-5.1.7.RELEASE.jar:5.1.7.RELEASE]
	at org.springframework.beans.factory.support.AbstractBeanFactory.lambda$doGetBean$0(AbstractBeanFactory.java:320) ~[spring-beans-5.1.7.RELEASE.jar:5.1.7.RELEASE]
	at org.springframework.beans.factory.support.DefaultSingletonBeanRegistry.getSingleton(DefaultSingletonBeanRegistry.java:222) ~[spring-beans-5.1.7.RELEASE.jar:5.1.7.RELEASE]
	at org.springframework.beans.factory.support.AbstractBeanFactory.doGetBean(AbstractBeanFactory.java:318) ~[spring-beans-5.1.7.RELEASE.jar:5.1.7.RELEASE]
	at org.springframework.beans.factory.support.AbstractBeanFactory.getBean(AbstractBeanFactory.java:199) ~[spring-beans-5.1.7.RELEASE.jar:5.1.7.RELEASE]
	at org.springframework.beans.factory.support.DefaultListableBeanFactory.preInstantiateSingletons(DefaultListableBeanFactory.java:843) ~[spring-beans-5.1.7.RELEASE.jar:5.1.7.RELEASE]
	at org.springframework.context.support.AbstractApplicationContext.finishBeanFactoryInitialization(AbstractApplicationContext.java:877) ~[spring-context-5.1.7.RELEASE.jar:5.1.7.RELEASE]
	at org.springframework.context.support.AbstractApplicationContext.refresh(AbstractApplicationContext.java:549) ~[spring-context-5.1.7.RELEASE.jar:5.1.7.RELEASE]
	at org.springframework.boot.SpringApplication.refresh(SpringApplication.java:775) ~[spring-boot-2.1.5.RELEASE.jar:2.1.5.RELEASE]
	at org.springframework.boot.SpringApplication.refreshContext(SpringApplication.java:397) ~[spring-boot-2.1.5.RELEASE.jar:2.1.5.RELEASE]
	at org.springframework.boot.SpringApplication.run(SpringApplication.java:316) ~[spring-boot-2.1.5.RELEASE.jar:2.1.5.RELEASE]
	at org.springframework.boot.test.context.SpringBootContextLoader.loadContext(SpringBootContextLoader.java:127) ~[spring-boot-test-2.1.5.RELEASE.jar:2.1.5.RELEASE]
	at org.springframework.test.context.cache.DefaultCacheAwareContextLoaderDelegate.loadContextInternal(DefaultCacheAwareContextLoaderDelegate.java:99) ~[spring-test-5.1.7.RELEASE.jar:5.1.7.RELEASE]
	at org.springframework.test.context.cache.DefaultCacheAwareContextLoaderDelegate.loadContext(DefaultCacheAwareContextLoaderDelegate.java:117) ~[spring-test-5.1.7.RELEASE.jar:5.1.7.RELEASE]
	... 35 more

]]></system-out>
  </testcase>
  <testcase name="deveAlterar" classname="br.com.pdv.service.ClienteServiceTest" time="0">
    <error message="Failed to load ApplicationContext" type="java.lang.IllegalStateException">java.lang.IllegalStateException: Failed to load ApplicationContext
Caused by: org.springframework.beans.factory.BeanCreationException: Error creating bean with name 'org.springframework.security.oauth2.config.annotation.web.configuration.AuthorizationServerSecurityConfiguration': Injection of autowired dependencies failed; nested exception is java.lang.NumberFormatException: null
Caused by: java.lang.NumberFormatException: null
</error>
    <system-out><![CDATA[
  .   ____          _            __ _ _
 /\\ / ___'_ __ _ _(_)_ __  __ _ \ \ \ \
( ( )\___ | '_ | '_| | '_ \/ _` | \ \ \ \
 \\/  ___)| |_)| | | | | || (_| |  ) ) ) )
  '  |____| .__|_| |_|_| |_\__, | / / / /
 =========|_|==============|___/=/_/_/_/
 :: Spring Boot ::        (v2.1.5.RELEASE)

2019-06-25 18:06:43.934  INFO 16508 --- [           main] b.c.p.s.ClienteServiceTest               : Starting ClienteServiceTest on CP4475 with PID 16508 (started by User in C:\Projetos_MATERA\META\pdv\pdv)
2019-06-25 18:06:43.935  INFO 16508 --- [           main] b.c.p.s.ClienteServiceTest               : No active profile set, falling back to default profiles: default
2019-06-25 18:06:44.214  INFO 16508 --- [           main] .s.d.r.c.RepositoryConfigurationDelegate : Bootstrapping Spring Data repositories in DEFAULT mode.
2019-06-25 18:06:44.247  INFO 16508 --- [           main] .s.d.r.c.RepositoryConfigurationDelegate : Finished Spring Data repository scanning in 32ms. Found 3 repository interfaces.
2019-06-25 18:06:44.897  INFO 16508 --- [      Thread-17] o.s.b.a.m.e.EmbeddedMongo                : note: noprealloc may hurt performance in many applications
2019-06-25 18:06:45.086  INFO 16508 --- [      Thread-17] o.s.b.a.m.e.EmbeddedMongo                : 2019-06-25T15:06:45.085-0300 I CONTROL  [initandlisten] MongoDB starting : pid=11168 port=64741 dbpath=C:\Users\User\AppData\Local\Temp\embedmongo-db-49241a2f-ef6e-40ec-815b-57fe529c32e3 64-bit host=CP4475
2019-06-25 18:06:45.086  INFO 16508 --- [      Thread-17] o.s.b.a.m.e.EmbeddedMongo                : 2019-06-25T15:06:45.086-0300 I CONTROL  [initandlisten] targetMinOS: Windows Vista/Windows Server 2008
2019-06-25 18:06:45.086  INFO 16508 --- [      Thread-17] o.s.b.a.m.e.EmbeddedMongo                : 2019-06-25T15:06:45.086-0300 I CONTROL  [initandlisten] db version v3.5.5
2019-06-25 18:06:45.086  INFO 16508 --- [      Thread-17] o.s.b.a.m.e.EmbeddedMongo                : 2019-06-25T15:06:45.086-0300 I CONTROL  [initandlisten] git version: 98515c812b6fa893613f063dae568ff8319cbfbd
2019-06-25 18:06:45.086  INFO 16508 --- [      Thread-17] o.s.b.a.m.e.EmbeddedMongo                : 2019-06-25T15:06:45.086-0300 I CONTROL  [initandlisten] allocator: tcmalloc
2019-06-25 18:06:45.086  INFO 16508 --- [      Thread-17] o.s.b.a.m.e.EmbeddedMongo                : 2019-06-25T15:06:45.086-0300 I CONTROL  [initandlisten] modules: none
2019-06-25 18:06:45.086  INFO 16508 --- [      Thread-17] o.s.b.a.m.e.EmbeddedMongo                : 2019-06-25T15:06:45.086-0300 I CONTROL  [initandlisten] build environment:
2019-06-25 18:06:45.087  INFO 16508 --- [      Thread-17] o.s.b.a.m.e.EmbeddedMongo                : 2019-06-25T15:06:45.086-0300 I CONTROL  [initandlisten]     distarch: x86_64
2019-06-25 18:06:45.087  INFO 16508 --- [      Thread-17] o.s.b.a.m.e.EmbeddedMongo                : 2019-06-25T15:06:45.086-0300 I CONTROL  [initandlisten]     target_arch: x86_64
2019-06-25 18:06:45.087  INFO 16508 --- [      Thread-17] o.s.b.a.m.e.EmbeddedMongo                : 2019-06-25T15:06:45.086-0300 I CONTROL  [initandlisten] options: { net: { bindIp: "127.0.0.1", http: { enabled: false }, port: 64741 }, security: { authorization: "disabled" }, storage: { dbPath: "C:\Users\User\AppData\Local\Temp\embedmongo-db-49241a2f-ef6e-40ec-815b-57fe529c32e3", journal: { enabled: false }, mmapv1: { preallocDataFiles: false, smallFiles: true }, syncPeriodSecs: 0.0 } }
2019-06-25 18:06:45.089  INFO 16508 --- [      Thread-17] o.s.b.a.m.e.EmbeddedMongo                : 2019-06-25T15:06:45.089-0300 I STORAGE  [initandlisten] wiredtiger_open config: create,cache_size=3494M,session_max=20000,eviction=(threads_min=4,threads_max=4),config_base=false,statistics=(fast),log=(enabled=true,archive=true,path=journal,compressor=snappy),file_manager=(close_idle_time=100000),checkpoint=(wait=0,log_size=2GB),statistics_log=(wait=0),verbose=(recovery_progress),,log=(enabled=false),
2019-06-25 18:06:45.233  INFO 16508 --- [      Thread-17] o.s.b.a.m.e.EmbeddedMongo                : 2019-06-25T15:06:45.234-0300 W STORAGE  [initandlisten] Detected configuration for non-active storage engine mmapv1 when current storage engine is wiredTiger
2019-06-25 18:06:45.234  INFO 16508 --- [      Thread-17] o.s.b.a.m.e.EmbeddedMongo                : 2019-06-25T15:06:45.234-0300 I CONTROL  [initandlisten] 
2019-06-25 18:06:45.234  INFO 16508 --- [      Thread-17] o.s.b.a.m.e.EmbeddedMongo                : 2019-06-25T15:06:45.234-0300 I CONTROL  [initandlisten] ** NOTE: This is a development version (3.5.5) of MongoDB.
2019-06-25 18:06:45.234  INFO 16508 --- [      Thread-17] o.s.b.a.m.e.EmbeddedMongo                : 2019-06-25T15:06:45.234-0300 I CONTROL  [initandlisten] **       Not recommended for production.
2019-06-25 18:06:45.234  INFO 16508 --- [      Thread-17] o.s.b.a.m.e.EmbeddedMongo                : 2019-06-25T15:06:45.234-0300 I CONTROL  [initandlisten] 
2019-06-25 18:06:45.785  INFO 16508 --- [      Thread-17] o.s.b.a.m.e.EmbeddedMongo                : 2019-06-25T15:06:45.785-0300 W FTDC     [initandlisten] Failed to initialize Performance Counters for FTDC: WindowsPdhError: PdhExpandCounterPathW failed with 'O objeto especificado nÃ£o foi encontrado no computador.' for counter '\Memory\Available Bytes'
2019-06-25 18:06:45.785  INFO 16508 --- [      Thread-17] o.s.b.a.m.e.EmbeddedMongo                : 2019-06-25T15:06:45.785-0300 I FTDC     [initandlisten] Initializing full-time diagnostic data capture with directory 'C:/Users/User/AppData/Local/Temp/embedmongo-db-49241a2f-ef6e-40ec-815b-57fe529c32e3/diagnostic.data'
2019-06-25 18:06:45.843  INFO 16508 --- [      Thread-17] o.s.b.a.m.e.EmbeddedMongo                : 2019-06-25T15:06:45.843-0300 I INDEX    [initandlisten] build index on: admin.system.version properties: { v: 2, key: { version: 1 }, name: "incompatible_with_version_32", ns: "admin.system.version" }
2019-06-25 18:06:45.843  INFO 16508 --- [      Thread-17] o.s.b.a.m.e.EmbeddedMongo                : 2019-06-25T15:06:45.843-0300 I INDEX    [initandlisten] 	 building index using bulk method; build may temporarily use up to 500 megabytes of RAM
2019-06-25 18:06:45.850  INFO 16508 --- [      Thread-17] o.s.b.a.m.e.EmbeddedMongo                : 2019-06-25T15:06:45.850-0300 I INDEX    [initandlisten] build index done.  scanned 0 total records. 0 secs
2019-06-25 18:06:45.851  INFO 16508 --- [      Thread-17] o.s.b.a.m.e.EmbeddedMongo                : 2019-06-25T15:06:45.851-0300 I COMMAND  [initandlisten] setting featureCompatibilityVersion to 3.4
2019-06-25 18:06:45.854  INFO 16508 --- [      Thread-17] o.s.b.a.m.e.EmbeddedMongo                : 2019-06-25T15:06:45.854-0300 I NETWORK  [thread1] waiting for connections on port 64741
2019-06-25 18:06:45.855  INFO 16508 --- [           main] d.f.e.m.MongodExecutable                 : start de.flapdoodle.embed.mongo.config.MongodConfigBuilder$ImmutableMongodConfig@6878bb53
2019-06-25 18:06:45.871  INFO 16508 --- [           main] o.m.d.cluster                            : Cluster created with settings {hosts=[localhost:64741], mode=MULTIPLE, requiredClusterType=UNKNOWN, serverSelectionTimeout='30000 ms', maxWaitQueueSize=500}
2019-06-25 18:06:45.871  INFO 16508 --- [           main] o.m.d.cluster                            : Adding discovered server localhost:64741 to client view of cluster
2019-06-25 18:06:45.900  INFO 16508 --- [      Thread-17] o.s.b.a.m.e.EmbeddedMongo                : 2019-06-25T15:06:45.900-0300 I NETWORK  [thread1] connection accepted from 127.0.0.1:64749 #1 (1 connection now open)
2019-06-25 18:06:45.902  INFO 16508 --- [      Thread-17] o.s.b.a.m.e.EmbeddedMongo                : 2019-06-25T15:06:45.902-0300 I NETWORK  [conn1] received client metadata from 127.0.0.1:64749 conn1: { driver: { name: "mongo-java-driver", version: "3.8.2" }, os: { type: "Windows", name: "Windows 10", architecture: "amd64", version: "10.0" }, platform: "Java/Oracle Corporation/1.8.0_191-b12" }
2019-06-25 18:06:45.908  INFO 16508 --- [localhost:64741] o.m.d.connection                         : Opened connection [connectionId{localValue:9, serverValue:1}] to localhost:64741
2019-06-25 18:06:45.910  INFO 16508 --- [localhost:64741] o.m.d.cluster                            : Monitor thread successfully connected to server with description ServerDescription{address=localhost:64741, type=STANDALONE, state=CONNECTED, ok=true, version=ServerVersion{versionList=[3, 5, 5]}, minWireVersion=0, maxWireVersion=5, maxDocumentSize=16777216, logicalSessionTimeoutMinutes=null, roundTripTimeNanos=797013}
2019-06-25 18:06:45.910  INFO 16508 --- [localhost:64741] o.m.d.cluster                            : Discovered cluster type of STANDALONE
2019-06-25 18:06:46.080  INFO 16508 --- [      Thread-17] o.s.b.a.m.e.EmbeddedMongo                : 2019-06-25T15:06:46.080-0300 I NETWORK  [thread1] connection accepted from 127.0.0.1:64750 #2 (2 connections now open)
2019-06-25 18:06:46.093  INFO 16508 --- [      Thread-17] o.s.b.a.m.e.EmbeddedMongo                : 2019-06-25T15:06:46.094-0300 I NETWORK  [conn2] received client metadata from 127.0.0.1:64750 conn2: { driver: { name: "mongo-java-driver", version: "3.8.2" }, os: { type: "Windows", name: "Windows 10", architecture: "amd64", version: "10.0" }, platform: "Java/Oracle Corporation/1.8.0_191-b12" }
2019-06-25 18:06:46.097  INFO 16508 --- [           main] o.m.d.connection                         : Opened connection [connectionId{localValue:10, serverValue:2}] to localhost:64741
2019-06-25 18:06:46.506  WARN 16508 --- [           main] b.c.p.c.Propriedades                     : Configuracao oauth2.prazo.token nao localizada
2019-06-25 18:06:46.506  WARN 16508 --- [           main] s.c.a.AnnotationConfigApplicationContext : Exception encountered during context initialization - cancelling refresh attempt: org.springframework.beans.factory.BeanCreationException: Error creating bean with name 'org.springframework.security.oauth2.config.annotation.web.configuration.AuthorizationServerSecurityConfiguration': Injection of autowired dependencies failed; nested exception is java.lang.NumberFormatException: null
2019-06-25 18:06:46.507  INFO 16508 --- [           main] o.m.d.connection                         : Closed connection [connectionId{localValue:10, serverValue:2}] to localhost:64741 because the pool has been closed.
2019-06-25 18:06:46.508  INFO 16508 --- [      Thread-17] o.s.b.a.m.e.EmbeddedMongo                : 2019-06-25T15:06:46.508-0300 I -        [conn2] end connection 127.0.0.1:64750 (2 connections now open)
2019-06-25 18:06:46.510  INFO 16508 --- [      Thread-17] o.s.b.a.m.e.EmbeddedMongo                : 2019-06-25T15:06:46.510-0300 I NETWORK  [thread1] connection accepted from 127.0.0.1:64751 #3 (2 connections now open)
2019-06-25 18:06:46.514  INFO 16508 --- [      Thread-17] o.s.b.a.m.e.EmbeddedMongo                : 2019-06-25T15:06:46.514-0300 I -        [conn1] end connection 127.0.0.1:64749 (2 connections now open)
2019-06-25 18:06:46.526  INFO 16508 --- [      Thread-17] o.s.b.a.m.e.EmbeddedMongo                : 2019-06-25T15:06:46.526-0300 I COMMAND  [conn3] terminating, shutdown command received
2019-06-25 18:06:46.526  INFO 16508 --- [      Thread-17] o.s.b.a.m.e.EmbeddedMongo                : 2019-06-25T15:06:46.526-0300 I NETWORK  [conn3] shutdown: going to close listening sockets...
2019-06-25 18:06:46.526  INFO 16508 --- [      Thread-17] o.s.b.a.m.e.EmbeddedMongo                : 2019-06-25T15:06:46.526-0300 I NETWORK  [conn3] closing listening socket: 588
2019-06-25 18:06:46.526  INFO 16508 --- [      Thread-17] o.s.b.a.m.e.EmbeddedMongo                : 2019-06-25T15:06:46.526-0300 I NETWORK  [conn3] shutdown: going to flush diaglog...
2019-06-25 18:06:46.527  INFO 16508 --- [      Thread-17] o.s.b.a.m.e.EmbeddedMongo                : 2019-06-25T15:06:46.526-0300 I FTDC     [conn3] Shutting down full-time diagnostic data capture
2019-06-25 18:06:46.531  INFO 16508 --- [      Thread-17] o.s.b.a.m.e.EmbeddedMongo                : 2019-06-25T15:06:46.531-0300 I STORAGE  [conn3] WiredTigerKVEngine shutting down
2019-06-25 18:06:46.569  INFO 16508 --- [      Thread-17] o.s.b.a.m.e.EmbeddedMongo                : 2019-06-25T15:06:46.569-0300 I STORAGE  [conn3] shutdown: removing fs lock...
2019-06-25 18:06:46.570  INFO 16508 --- [      Thread-17] o.s.b.a.m.e.EmbeddedMongo                : 2019-06-25T15:06:46.570-0300 I CONTROL  [conn3] now exiting
2019-06-25 18:06:46.570  INFO 16508 --- [      Thread-17] o.s.b.a.m.e.EmbeddedMongo                : 2019-06-25T15:06:46.570-0300 I CONTROL  [conn3] shutting down with code:0
2019-06-25 18:06:46.687  INFO 16508 --- [           main] ConditionEvaluationReportLoggingListener : 

Error starting ApplicationContext. To display the conditions report re-run your application with 'debug' enabled.
2019-06-25 18:06:46.688 ERROR 16508 --- [           main] o.s.b.SpringApplication                  : Application run failed

org.springframework.beans.factory.BeanCreationException: Error creating bean with name 'org.springframework.security.oauth2.config.annotation.web.configuration.AuthorizationServerSecurityConfiguration': Injection of autowired dependencies failed; nested exception is java.lang.NumberFormatException: null
	at org.springframework.beans.factory.annotation.AutowiredAnnotationBeanPostProcessor.postProcessProperties(AutowiredAnnotationBeanPostProcessor.java:380) ~[spring-beans-5.1.7.RELEASE.jar:5.1.7.RELEASE]
	at org.springframework.beans.factory.support.AbstractAutowireCapableBeanFactory.populateBean(AbstractAutowireCapableBeanFactory.java:1411) ~[spring-beans-5.1.7.RELEASE.jar:5.1.7.RELEASE]
	at org.springframework.beans.factory.support.AbstractAutowireCapableBeanFactory.doCreateBean(AbstractAutowireCapableBeanFactory.java:592) ~[spring-beans-5.1.7.RELEASE.jar:5.1.7.RELEASE]
	at org.springframework.beans.factory.support.AbstractAutowireCapableBeanFactory.createBean(AbstractAutowireCapableBeanFactory.java:515) ~[spring-beans-5.1.7.RELEASE.jar:5.1.7.RELEASE]
	at org.springframework.beans.factory.support.AbstractBeanFactory.lambda$doGetBean$0(AbstractBeanFactory.java:320) ~[spring-beans-5.1.7.RELEASE.jar:5.1.7.RELEASE]
	at org.springframework.beans.factory.support.DefaultSingletonBeanRegistry.getSingleton(DefaultSingletonBeanRegistry.java:222) ~[spring-beans-5.1.7.RELEASE.jar:5.1.7.RELEASE]
	at org.springframework.beans.factory.support.AbstractBeanFactory.doGetBean(AbstractBeanFactory.java:318) ~[spring-beans-5.1.7.RELEASE.jar:5.1.7.RELEASE]
	at org.springframework.beans.factory.support.AbstractBeanFactory.getBean(AbstractBeanFactory.java:199) ~[spring-beans-5.1.7.RELEASE.jar:5.1.7.RELEASE]
	at org.springframework.beans.factory.support.DefaultListableBeanFactory.preInstantiateSingletons(DefaultListableBeanFactory.java:843) ~[spring-beans-5.1.7.RELEASE.jar:5.1.7.RELEASE]
	at org.springframework.context.support.AbstractApplicationContext.finishBeanFactoryInitialization(AbstractApplicationContext.java:877) ~[spring-context-5.1.7.RELEASE.jar:5.1.7.RELEASE]
	at org.springframework.context.support.AbstractApplicationContext.refresh(AbstractApplicationContext.java:549) ~[spring-context-5.1.7.RELEASE.jar:5.1.7.RELEASE]
	at org.springframework.boot.SpringApplication.refresh(SpringApplication.java:775) [spring-boot-2.1.5.RELEASE.jar:2.1.5.RELEASE]
	at org.springframework.boot.SpringApplication.refreshContext(SpringApplication.java:397) [spring-boot-2.1.5.RELEASE.jar:2.1.5.RELEASE]
	at org.springframework.boot.SpringApplication.run(SpringApplication.java:316) [spring-boot-2.1.5.RELEASE.jar:2.1.5.RELEASE]
	at org.springframework.boot.test.context.SpringBootContextLoader.loadContext(SpringBootContextLoader.java:127) [spring-boot-test-2.1.5.RELEASE.jar:2.1.5.RELEASE]
	at org.springframework.test.context.cache.DefaultCacheAwareContextLoaderDelegate.loadContextInternal(DefaultCacheAwareContextLoaderDelegate.java:99) [spring-test-5.1.7.RELEASE.jar:5.1.7.RELEASE]
	at org.springframework.test.context.cache.DefaultCacheAwareContextLoaderDelegate.loadContext(DefaultCacheAwareContextLoaderDelegate.java:117) [spring-test-5.1.7.RELEASE.jar:5.1.7.RELEASE]
	at org.springframework.test.context.support.DefaultTestContext.getApplicationContext(DefaultTestContext.java:108) [spring-test-5.1.7.RELEASE.jar:5.1.7.RELEASE]
	at org.springframework.test.context.support.DependencyInjectionTestExecutionListener.injectDependencies(DependencyInjectionTestExecutionListener.java:118) [spring-test-5.1.7.RELEASE.jar:5.1.7.RELEASE]
	at org.springframework.test.context.support.DependencyInjectionTestExecutionListener.prepareTestInstance(DependencyInjectionTestExecutionListener.java:83) [spring-test-5.1.7.RELEASE.jar:5.1.7.RELEASE]
	at org.springframework.boot.test.autoconfigure.SpringBootDependencyInjectionTestExecutionListener.prepareTestInstance(SpringBootDependencyInjectionTestExecutionListener.java:44) [spring-boot-test-autoconfigure-2.1.5.RELEASE.jar:2.1.5.RELEASE]
	at org.springframework.test.context.TestContextManager.prepareTestInstance(TestContextManager.java:246) [spring-test-5.1.7.RELEASE.jar:5.1.7.RELEASE]
	at org.springframework.test.context.junit4.SpringJUnit4ClassRunner.createTest(SpringJUnit4ClassRunner.java:227) [spring-test-5.1.7.RELEASE.jar:5.1.7.RELEASE]
	at org.springframework.test.context.junit4.SpringJUnit4ClassRunner$1.runReflectiveCall(SpringJUnit4ClassRunner.java:289) [spring-test-5.1.7.RELEASE.jar:5.1.7.RELEASE]
	at org.junit.internal.runners.model.ReflectiveCallable.run(ReflectiveCallable.java:12) [junit-4.12.jar:4.12]
	at org.springframework.test.context.junit4.SpringJUnit4ClassRunner.methodBlock(SpringJUnit4ClassRunner.java:291) [spring-test-5.1.7.RELEASE.jar:5.1.7.RELEASE]
	at org.springframework.test.context.junit4.SpringJUnit4ClassRunner.runChild(SpringJUnit4ClassRunner.java:246) [spring-test-5.1.7.RELEASE.jar:5.1.7.RELEASE]
	at org.springframework.test.context.junit4.SpringJUnit4ClassRunner.runChild(SpringJUnit4ClassRunner.java:97) [spring-test-5.1.7.RELEASE.jar:5.1.7.RELEASE]
	at org.junit.runners.ParentRunner$3.run(ParentRunner.java:290) [junit-4.12.jar:4.12]
	at org.junit.runners.ParentRunner$1.schedule(ParentRunner.java:71) [junit-4.12.jar:4.12]
	at org.junit.runners.ParentRunner.runChildren(ParentRunner.java:288) [junit-4.12.jar:4.12]
	at org.junit.runners.ParentRunner.access$000(ParentRunner.java:58) [junit-4.12.jar:4.12]
	at org.junit.runners.ParentRunner$2.evaluate(ParentRunner.java:268) [junit-4.12.jar:4.12]
	at org.springframework.test.context.junit4.statements.RunBeforeTestClassCallbacks.evaluate(RunBeforeTestClassCallbacks.java:61) [spring-test-5.1.7.RELEASE.jar:5.1.7.RELEASE]
	at org.springframework.test.context.junit4.statements.RunAfterTestClassCallbacks.evaluate(RunAfterTestClassCallbacks.java:70) [spring-test-5.1.7.RELEASE.jar:5.1.7.RELEASE]
	at org.junit.runners.ParentRunner.run(ParentRunner.java:363) [junit-4.12.jar:4.12]
	at org.springframework.test.context.junit4.SpringJUnit4ClassRunner.run(SpringJUnit4ClassRunner.java:190) [spring-test-5.1.7.RELEASE.jar:5.1.7.RELEASE]
	at org.powermock.modules.junit4.internal.impl.DelegatingPowerMockRunner$2.call(DelegatingPowerMockRunner.java:149) [powermock-module-junit4-2.0.2.jar:2.0.2]
	at org.powermock.modules.junit4.internal.impl.DelegatingPowerMockRunner$2.call(DelegatingPowerMockRunner.java:141) [powermock-module-junit4-2.0.2.jar:2.0.2]
	at org.powermock.modules.junit4.internal.impl.DelegatingPowerMockRunner.withContextClassLoader(DelegatingPowerMockRunner.java:132) [powermock-module-junit4-2.0.2.jar:2.0.2]
	at org.powermock.modules.junit4.internal.impl.DelegatingPowerMockRunner.run(DelegatingPowerMockRunner.java:141) [powermock-module-junit4-2.0.2.jar:2.0.2]
	at org.powermock.modules.junit4.common.internal.impl.JUnit4TestSuiteChunkerImpl.run(JUnit4TestSuiteChunkerImpl.java:117) [powermock-module-junit4-common-2.0.2.jar:2.0.2]
	at org.powermock.modules.junit4.common.internal.impl.AbstractCommonPowerMockRunner.run(AbstractCommonPowerMockRunner.java:57) [powermock-module-junit4-common-2.0.2.jar:2.0.2]
	at org.powermock.modules.junit4.PowerMockRunner.run(PowerMockRunner.java:59) [powermock-module-junit4-2.0.2.jar:2.0.2]
	at org.apache.maven.surefire.junit4.JUnit4Provider.execute(JUnit4Provider.java:365) [surefire-junit4-2.22.2.jar:2.22.2]
	at org.apache.maven.surefire.junit4.JUnit4Provider.executeWithRerun(JUnit4Provider.java:273) [surefire-junit4-2.22.2.jar:2.22.2]
	at org.apache.maven.surefire.junit4.JUnit4Provider.executeTestSet(JUnit4Provider.java:238) [surefire-junit4-2.22.2.jar:2.22.2]
	at org.apache.maven.surefire.junit4.JUnit4Provider.invoke(JUnit4Provider.java:159) [surefire-junit4-2.22.2.jar:2.22.2]
	at org.apache.maven.surefire.booter.ForkedBooter.invokeProviderInSameClassLoader(ForkedBooter.java:384) [surefire-booter-2.22.2.jar:2.22.2]
	at org.apache.maven.surefire.booter.ForkedBooter.runSuitesInProcess(ForkedBooter.java:345) [surefire-booter-2.22.2.jar:2.22.2]
	at org.apache.maven.surefire.booter.ForkedBooter.execute(ForkedBooter.java:126) [surefire-booter-2.22.2.jar:2.22.2]
	at org.apache.maven.surefire.booter.ForkedBooter.main(ForkedBooter.java:418) [surefire-booter-2.22.2.jar:2.22.2]
Caused by: java.lang.NumberFormatException: null
	at java.lang.Integer.parseInt(Integer.java:542) ~[?:1.8.0_191]
	at java.lang.Integer.valueOf(Integer.java:766) ~[?:1.8.0_191]
	at br.com.pdv.security.AuthorizationServerConfiguration.inicializaCredenciais(AuthorizationServerConfiguration.java:51) ~[classes/:?]
	at br.com.pdv.security.AuthorizationServerConfiguration.configure(AuthorizationServerConfiguration.java:39) ~[classes/:?]
	at org.springframework.security.oauth2.config.annotation.web.configuration.AuthorizationServerSecurityConfiguration.configure(AuthorizationServerSecurityConfiguration.java:58) ~[spring-security-oauth2-2.3.5.RELEASE.jar:?]
	at sun.reflect.NativeMethodAccessorImpl.invoke0(Native Method) ~[?:1.8.0_191]
	at sun.reflect.NativeMethodAccessorImpl.invoke(NativeMethodAccessorImpl.java:62) ~[?:1.8.0_191]
	at sun.reflect.DelegatingMethodAccessorImpl.invoke(DelegatingMethodAccessorImpl.java:43) ~[?:1.8.0_191]
	at java.lang.reflect.Method.invoke(Method.java:498) ~[?:1.8.0_191]
	at org.springframework.beans.factory.annotation.AutowiredAnnotationBeanPostProcessor$AutowiredMethodElement.inject(AutowiredAnnotationBeanPostProcessor.java:708) ~[spring-beans-5.1.7.RELEASE.jar:5.1.7.RELEASE]
	at org.springframework.beans.factory.annotation.InjectionMetadata.inject(InjectionMetadata.java:90) ~[spring-beans-5.1.7.RELEASE.jar:5.1.7.RELEASE]
	at org.springframework.beans.factory.annotation.AutowiredAnnotationBeanPostProcessor.postProcessProperties(AutowiredAnnotationBeanPostProcessor.java:374) ~[spring-beans-5.1.7.RELEASE.jar:5.1.7.RELEASE]
	... 51 more


  .   ____          _            __ _ _
 /\\ / ___'_ __ _ _(_)_ __  __ _ \ \ \ \
( ( )\___ | '_ | '_| | '_ \/ _` | \ \ \ \
 \\/  ___)| |_)| | | | | || (_| |  ) ) ) )
  '  |____| .__|_| |_|_| |_\__, | / / / /
 =========|_|==============|___/=/_/_/_/
 :: Spring Boot ::        (v2.1.5.RELEASE)

2019-06-25 18:06:46.815  INFO 16508 --- [           main] b.c.p.s.ClienteServiceTest               : Starting ClienteServiceTest on CP4475 with PID 16508 (started by User in C:\Projetos_MATERA\META\pdv\pdv)
2019-06-25 18:06:46.820  INFO 16508 --- [           main] b.c.p.s.ClienteServiceTest               : No active profile set, falling back to default profiles: default
2019-06-25 18:06:47.110  INFO 16508 --- [           main] .s.d.r.c.RepositoryConfigurationDelegate : Bootstrapping Spring Data repositories in DEFAULT mode.
2019-06-25 18:06:47.177  INFO 16508 --- [           main] .s.d.r.c.RepositoryConfigurationDelegate : Finished Spring Data repository scanning in 66ms. Found 3 repository interfaces.
2019-06-25 18:06:47.742  INFO 16508 --- [      Thread-20] o.s.b.a.m.e.EmbeddedMongo                : note: noprealloc may hurt performance in many applications
2019-06-25 18:06:47.850  INFO 16508 --- [      Thread-20] o.s.b.a.m.e.EmbeddedMongo                : 2019-06-25T15:06:47.850-0300 I CONTROL  [initandlisten] MongoDB starting : pid=13300 port=64767 dbpath=C:\Users\User\AppData\Local\Temp\embedmongo-db-b82323da-4d95-471e-9c12-bc4d7dedee59 64-bit host=CP4475
2019-06-25 18:06:47.850  INFO 16508 --- [      Thread-20] o.s.b.a.m.e.EmbeddedMongo                : 2019-06-25T15:06:47.850-0300 I CONTROL  [initandlisten] targetMinOS: Windows Vista/Windows Server 2008
2019-06-25 18:06:47.850  INFO 16508 --- [      Thread-20] o.s.b.a.m.e.EmbeddedMongo                : 2019-06-25T15:06:47.850-0300 I CONTROL  [initandlisten] db version v3.5.5
2019-06-25 18:06:47.850  INFO 16508 --- [      Thread-20] o.s.b.a.m.e.EmbeddedMongo                : 2019-06-25T15:06:47.850-0300 I CONTROL  [initandlisten] git version: 98515c812b6fa893613f063dae568ff8319cbfbd
2019-06-25 18:06:47.851  INFO 16508 --- [      Thread-20] o.s.b.a.m.e.EmbeddedMongo                : 2019-06-25T15:06:47.850-0300 I CONTROL  [initandlisten] allocator: tcmalloc
2019-06-25 18:06:47.851  INFO 16508 --- [      Thread-20] o.s.b.a.m.e.EmbeddedMongo                : 2019-06-25T15:06:47.850-0300 I CONTROL  [initandlisten] modules: none
2019-06-25 18:06:47.851  INFO 16508 --- [      Thread-20] o.s.b.a.m.e.EmbeddedMongo                : 2019-06-25T15:06:47.850-0300 I CONTROL  [initandlisten] build environment:
2019-06-25 18:06:47.851  INFO 16508 --- [      Thread-20] o.s.b.a.m.e.EmbeddedMongo                : 2019-06-25T15:06:47.850-0300 I CONTROL  [initandlisten]     distarch: x86_64
2019-06-25 18:06:47.851  INFO 16508 --- [      Thread-20] o.s.b.a.m.e.EmbeddedMongo                : 2019-06-25T15:06:47.850-0300 I CONTROL  [initandlisten]     target_arch: x86_64
2019-06-25 18:06:47.851  INFO 16508 --- [      Thread-20] o.s.b.a.m.e.EmbeddedMongo                : 2019-06-25T15:06:47.850-0300 I CONTROL  [initandlisten] options: { net: { bindIp: "127.0.0.1", http: { enabled: false }, port: 64767 }, security: { authorization: "disabled" }, storage: { dbPath: "C:\Users\User\AppData\Local\Temp\embedmongo-db-b82323da-4d95-471e-9c12-bc4d7dedee59", journal: { enabled: false }, mmapv1: { preallocDataFiles: false, smallFiles: true }, syncPeriodSecs: 0.0 } }
2019-06-25 18:06:47.852  INFO 16508 --- [      Thread-20] o.s.b.a.m.e.EmbeddedMongo                : 2019-06-25T15:06:47.852-0300 I STORAGE  [initandlisten] wiredtiger_open config: create,cache_size=3494M,session_max=20000,eviction=(threads_min=4,threads_max=4),config_base=false,statistics=(fast),log=(enabled=true,archive=true,path=journal,compressor=snappy),file_manager=(close_idle_time=100000),checkpoint=(wait=0,log_size=2GB),statistics_log=(wait=0),verbose=(recovery_progress),,log=(enabled=false),
2019-06-25 18:06:47.941  INFO 16508 --- [      Thread-20] o.s.b.a.m.e.EmbeddedMongo                : 2019-06-25T15:06:47.941-0300 W STORAGE  [initandlisten] Detected configuration for non-active storage engine mmapv1 when current storage engine is wiredTiger
2019-06-25 18:06:47.941  INFO 16508 --- [      Thread-20] o.s.b.a.m.e.EmbeddedMongo                : 2019-06-25T15:06:47.941-0300 I CONTROL  [initandlisten] 
2019-06-25 18:06:47.941  INFO 16508 --- [      Thread-20] o.s.b.a.m.e.EmbeddedMongo                : 2019-06-25T15:06:47.941-0300 I CONTROL  [initandlisten] ** NOTE: This is a development version (3.5.5) of MongoDB.
2019-06-25 18:06:47.942  INFO 16508 --- [      Thread-20] o.s.b.a.m.e.EmbeddedMongo                : 2019-06-25T15:06:47.941-0300 I CONTROL  [initandlisten] **       Not recommended for production.
2019-06-25 18:06:47.942  INFO 16508 --- [      Thread-20] o.s.b.a.m.e.EmbeddedMongo                : 2019-06-25T15:06:47.941-0300 I CONTROL  [initandlisten] 
2019-06-25 18:06:48.252  INFO 16508 --- [      Thread-20] o.s.b.a.m.e.EmbeddedMongo                : 2019-06-25T15:06:48.252-0300 W FTDC     [initandlisten] Failed to initialize Performance Counters for FTDC: WindowsPdhError: PdhExpandCounterPathW failed with 'O objeto especificado nÃ£o foi encontrado no computador.' for counter '\Memory\Available Bytes'
2019-06-25 18:06:48.252  INFO 16508 --- [      Thread-20] o.s.b.a.m.e.EmbeddedMongo                : 2019-06-25T15:06:48.252-0300 I FTDC     [initandlisten] Initializing full-time diagnostic data capture with directory 'C:/Users/User/AppData/Local/Temp/embedmongo-db-b82323da-4d95-471e-9c12-bc4d7dedee59/diagnostic.data'
2019-06-25 18:06:48.302  INFO 16508 --- [      Thread-20] o.s.b.a.m.e.EmbeddedMongo                : 2019-06-25T15:06:48.302-0300 I INDEX    [initandlisten] build index on: admin.system.version properties: { v: 2, key: { version: 1 }, name: "incompatible_with_version_32", ns: "admin.system.version" }
2019-06-25 18:06:48.302  INFO 16508 --- [      Thread-20] o.s.b.a.m.e.EmbeddedMongo                : 2019-06-25T15:06:48.302-0300 I INDEX    [initandlisten] 	 building index using bulk method; build may temporarily use up to 500 megabytes of RAM
2019-06-25 18:06:48.308  INFO 16508 --- [      Thread-20] o.s.b.a.m.e.EmbeddedMongo                : 2019-06-25T15:06:48.308-0300 I INDEX    [initandlisten] build index done.  scanned 0 total records. 0 secs
2019-06-25 18:06:48.309  INFO 16508 --- [      Thread-20] o.s.b.a.m.e.EmbeddedMongo                : 2019-06-25T15:06:48.309-0300 I COMMAND  [initandlisten] setting featureCompatibilityVersion to 3.4
2019-06-25 18:06:48.310  INFO 16508 --- [      Thread-20] o.s.b.a.m.e.EmbeddedMongo                : 2019-06-25T15:06:48.310-0300 I NETWORK  [thread1] waiting for connections on port 64767
2019-06-25 18:06:48.310  INFO 16508 --- [           main] d.f.e.m.MongodExecutable                 : start de.flapdoodle.embed.mongo.config.MongodConfigBuilder$ImmutableMongodConfig@567f9be0
2019-06-25 18:06:48.325  INFO 16508 --- [           main] o.m.d.cluster                            : Cluster created with settings {hosts=[localhost:64767], mode=MULTIPLE, requiredClusterType=UNKNOWN, serverSelectionTimeout='30000 ms', maxWaitQueueSize=500}
2019-06-25 18:06:48.325  INFO 16508 --- [           main] o.m.d.cluster                            : Adding discovered server localhost:64767 to client view of cluster
2019-06-25 18:06:48.328  INFO 16508 --- [      Thread-20] o.s.b.a.m.e.EmbeddedMongo                : 2019-06-25T15:06:48.328-0300 I NETWORK  [thread1] connection accepted from 127.0.0.1:64774 #1 (1 connection now open)
2019-06-25 18:06:48.334  INFO 16508 --- [      Thread-20] o.s.b.a.m.e.EmbeddedMongo                : 2019-06-25T15:06:48.334-0300 I NETWORK  [conn1] received client metadata from 127.0.0.1:64774 conn1: { driver: { name: "mongo-java-driver", version: "3.8.2" }, os: { type: "Windows", name: "Windows 10", architecture: "amd64", version: "10.0" }, platform: "Java/Oracle Corporation/1.8.0_191-b12" }
2019-06-25 18:06:48.340  INFO 16508 --- [localhost:64767] o.m.d.connection                         : Opened connection [connectionId{localValue:11, serverValue:1}] to localhost:64767
2019-06-25 18:06:48.341  INFO 16508 --- [localhost:64767] o.m.d.cluster                            : Monitor thread successfully connected to server with description ServerDescription{address=localhost:64767, type=STANDALONE, state=CONNECTED, ok=true, version=ServerVersion{versionList=[3, 5, 5]}, minWireVersion=0, maxWireVersion=5, maxDocumentSize=16777216, logicalSessionTimeoutMinutes=null, roundTripTimeNanos=1025280}
2019-06-25 18:06:48.341  INFO 16508 --- [localhost:64767] o.m.d.cluster                            : Discovered cluster type of STANDALONE
2019-06-25 18:06:48.474  INFO 16508 --- [      Thread-20] o.s.b.a.m.e.EmbeddedMongo                : 2019-06-25T15:06:48.474-0300 I NETWORK  [thread1] connection accepted from 127.0.0.1:64775 #2 (2 connections now open)
2019-06-25 18:06:48.475  INFO 16508 --- [      Thread-20] o.s.b.a.m.e.EmbeddedMongo                : 2019-06-25T15:06:48.475-0300 I NETWORK  [conn2] received client metadata from 127.0.0.1:64775 conn2: { driver: { name: "mongo-java-driver", version: "3.8.2" }, os: { type: "Windows", name: "Windows 10", architecture: "amd64", version: "10.0" }, platform: "Java/Oracle Corporation/1.8.0_191-b12" }
2019-06-25 18:06:48.477  INFO 16508 --- [           main] o.m.d.connection                         : Opened connection [connectionId{localValue:12, serverValue:2}] to localhost:64767
2019-06-25 18:06:48.738  WARN 16508 --- [           main] b.c.p.c.Propriedades                     : Configuracao oauth2.prazo.token nao localizada
2019-06-25 18:06:48.744  WARN 16508 --- [           main] s.c.a.AnnotationConfigApplicationContext : Exception encountered during context initialization - cancelling refresh attempt: org.springframework.beans.factory.BeanCreationException: Error creating bean with name 'org.springframework.security.oauth2.config.annotation.web.configuration.AuthorizationServerSecurityConfiguration': Injection of autowired dependencies failed; nested exception is java.lang.NumberFormatException: null
2019-06-25 18:06:48.748  INFO 16508 --- [           main] o.m.d.connection                         : Closed connection [connectionId{localValue:12, serverValue:2}] to localhost:64767 because the pool has been closed.
2019-06-25 18:06:48.749  INFO 16508 --- [      Thread-20] o.s.b.a.m.e.EmbeddedMongo                : 2019-06-25T15:06:48.749-0300 I -        [conn2] end connection 127.0.0.1:64775 (2 connections now open)
2019-06-25 18:06:48.753  INFO 16508 --- [      Thread-20] o.s.b.a.m.e.EmbeddedMongo                : 2019-06-25T15:06:48.753-0300 I -        [conn1] end connection 127.0.0.1:64774 (1 connection now open)
2019-06-25 18:06:48.757  INFO 16508 --- [      Thread-20] o.s.b.a.m.e.EmbeddedMongo                : 2019-06-25T15:06:48.757-0300 I NETWORK  [thread1] connection accepted from 127.0.0.1:64776 #3 (1 connection now open)
2019-06-25 18:06:48.769  INFO 16508 --- [      Thread-20] o.s.b.a.m.e.EmbeddedMongo                : 2019-06-25T15:06:48.770-0300 I COMMAND  [conn3] terminating, shutdown command received
2019-06-25 18:06:48.775  INFO 16508 --- [      Thread-20] o.s.b.a.m.e.EmbeddedMongo                : 2019-06-25T15:06:48.774-0300 I NETWORK  [conn3] shutdown: going to close listening sockets...
2019-06-25 18:06:48.775  INFO 16508 --- [      Thread-20] o.s.b.a.m.e.EmbeddedMongo                : 2019-06-25T15:06:48.775-0300 I NETWORK  [conn3] closing listening socket: 596
2019-06-25 18:06:48.776  INFO 16508 --- [      Thread-20] o.s.b.a.m.e.EmbeddedMongo                : 2019-06-25T15:06:48.776-0300 I NETWORK  [conn3] shutdown: going to flush diaglog...
2019-06-25 18:06:48.776  INFO 16508 --- [      Thread-20] o.s.b.a.m.e.EmbeddedMongo                : 2019-06-25T15:06:48.776-0300 I FTDC     [conn3] Shutting down full-time diagnostic data capture
2019-06-25 18:06:48.780  INFO 16508 --- [      Thread-20] o.s.b.a.m.e.EmbeddedMongo                : 2019-06-25T15:06:48.780-0300 I STORAGE  [conn3] WiredTigerKVEngine shutting down
2019-06-25 18:06:48.857  INFO 16508 --- [      Thread-20] o.s.b.a.m.e.EmbeddedMongo                : 2019-06-25T15:06:48.857-0300 I STORAGE  [conn3] shutdown: removing fs lock...
2019-06-25 18:06:48.864  INFO 16508 --- [      Thread-20] o.s.b.a.m.e.EmbeddedMongo                : 2019-06-25T15:06:48.864-0300 I CONTROL  [conn3] now exiting
2019-06-25 18:06:48.864  INFO 16508 --- [      Thread-20] o.s.b.a.m.e.EmbeddedMongo                : 2019-06-25T15:06:48.864-0300 I CONTROL  [conn3] shutting down with code:0
2019-06-25 18:06:48.983  INFO 16508 --- [           main] ConditionEvaluationReportLoggingListener : 

Error starting ApplicationContext. To display the conditions report re-run your application with 'debug' enabled.
2019-06-25 18:06:48.984 ERROR 16508 --- [           main] o.s.b.SpringApplication                  : Application run failed

org.springframework.beans.factory.BeanCreationException: Error creating bean with name 'org.springframework.security.oauth2.config.annotation.web.configuration.AuthorizationServerSecurityConfiguration': Injection of autowired dependencies failed; nested exception is java.lang.NumberFormatException: null
	at org.springframework.beans.factory.annotation.AutowiredAnnotationBeanPostProcessor.postProcessProperties(AutowiredAnnotationBeanPostProcessor.java:380) ~[spring-beans-5.1.7.RELEASE.jar:5.1.7.RELEASE]
	at org.springframework.beans.factory.support.AbstractAutowireCapableBeanFactory.populateBean(AbstractAutowireCapableBeanFactory.java:1411) ~[spring-beans-5.1.7.RELEASE.jar:5.1.7.RELEASE]
	at org.springframework.beans.factory.support.AbstractAutowireCapableBeanFactory.doCreateBean(AbstractAutowireCapableBeanFactory.java:592) ~[spring-beans-5.1.7.RELEASE.jar:5.1.7.RELEASE]
	at org.springframework.beans.factory.support.AbstractAutowireCapableBeanFactory.createBean(AbstractAutowireCapableBeanFactory.java:515) ~[spring-beans-5.1.7.RELEASE.jar:5.1.7.RELEASE]
	at org.springframework.beans.factory.support.AbstractBeanFactory.lambda$doGetBean$0(AbstractBeanFactory.java:320) ~[spring-beans-5.1.7.RELEASE.jar:5.1.7.RELEASE]
	at org.springframework.beans.factory.support.DefaultSingletonBeanRegistry.getSingleton(DefaultSingletonBeanRegistry.java:222) ~[spring-beans-5.1.7.RELEASE.jar:5.1.7.RELEASE]
	at org.springframework.beans.factory.support.AbstractBeanFactory.doGetBean(AbstractBeanFactory.java:318) ~[spring-beans-5.1.7.RELEASE.jar:5.1.7.RELEASE]
	at org.springframework.beans.factory.support.AbstractBeanFactory.getBean(AbstractBeanFactory.java:199) ~[spring-beans-5.1.7.RELEASE.jar:5.1.7.RELEASE]
	at org.springframework.beans.factory.support.DefaultListableBeanFactory.preInstantiateSingletons(DefaultListableBeanFactory.java:843) ~[spring-beans-5.1.7.RELEASE.jar:5.1.7.RELEASE]
	at org.springframework.context.support.AbstractApplicationContext.finishBeanFactoryInitialization(AbstractApplicationContext.java:877) ~[spring-context-5.1.7.RELEASE.jar:5.1.7.RELEASE]
	at org.springframework.context.support.AbstractApplicationContext.refresh(AbstractApplicationContext.java:549) ~[spring-context-5.1.7.RELEASE.jar:5.1.7.RELEASE]
	at org.springframework.boot.SpringApplication.refresh(SpringApplication.java:775) [spring-boot-2.1.5.RELEASE.jar:2.1.5.RELEASE]
	at org.springframework.boot.SpringApplication.refreshContext(SpringApplication.java:397) [spring-boot-2.1.5.RELEASE.jar:2.1.5.RELEASE]
	at org.springframework.boot.SpringApplication.run(SpringApplication.java:316) [spring-boot-2.1.5.RELEASE.jar:2.1.5.RELEASE]
	at org.springframework.boot.test.context.SpringBootContextLoader.loadContext(SpringBootContextLoader.java:127) [spring-boot-test-2.1.5.RELEASE.jar:2.1.5.RELEASE]
	at org.springframework.test.context.cache.DefaultCacheAwareContextLoaderDelegate.loadContextInternal(DefaultCacheAwareContextLoaderDelegate.java:99) [spring-test-5.1.7.RELEASE.jar:5.1.7.RELEASE]
	at org.springframework.test.context.cache.DefaultCacheAwareContextLoaderDelegate.loadContext(DefaultCacheAwareContextLoaderDelegate.java:117) [spring-test-5.1.7.RELEASE.jar:5.1.7.RELEASE]
	at org.springframework.test.context.support.DefaultTestContext.getApplicationContext(DefaultTestContext.java:108) [spring-test-5.1.7.RELEASE.jar:5.1.7.RELEASE]
	at org.springframework.boot.test.autoconfigure.SpringBootDependencyInjectionTestExecutionListener.outputConditionEvaluationReport(SpringBootDependencyInjectionTestExecutionListener.java:54) [spring-boot-test-autoconfigure-2.1.5.RELEASE.jar:2.1.5.RELEASE]
	at org.springframework.boot.test.autoconfigure.SpringBootDependencyInjectionTestExecutionListener.prepareTestInstance(SpringBootDependencyInjectionTestExecutionListener.java:47) [spring-boot-test-autoconfigure-2.1.5.RELEASE.jar:2.1.5.RELEASE]
	at org.springframework.test.context.TestContextManager.prepareTestInstance(TestContextManager.java:246) [spring-test-5.1.7.RELEASE.jar:5.1.7.RELEASE]
	at org.springframework.test.context.junit4.SpringJUnit4ClassRunner.createTest(SpringJUnit4ClassRunner.java:227) [spring-test-5.1.7.RELEASE.jar:5.1.7.RELEASE]
	at org.springframework.test.context.junit4.SpringJUnit4ClassRunner$1.runReflectiveCall(SpringJUnit4ClassRunner.java:289) [spring-test-5.1.7.RELEASE.jar:5.1.7.RELEASE]
	at org.junit.internal.runners.model.ReflectiveCallable.run(ReflectiveCallable.java:12) [junit-4.12.jar:4.12]
	at org.springframework.test.context.junit4.SpringJUnit4ClassRunner.methodBlock(SpringJUnit4ClassRunner.java:291) [spring-test-5.1.7.RELEASE.jar:5.1.7.RELEASE]
	at org.springframework.test.context.junit4.SpringJUnit4ClassRunner.runChild(SpringJUnit4ClassRunner.java:246) [spring-test-5.1.7.RELEASE.jar:5.1.7.RELEASE]
	at org.springframework.test.context.junit4.SpringJUnit4ClassRunner.runChild(SpringJUnit4ClassRunner.java:97) [spring-test-5.1.7.RELEASE.jar:5.1.7.RELEASE]
	at org.junit.runners.ParentRunner$3.run(ParentRunner.java:290) [junit-4.12.jar:4.12]
	at org.junit.runners.ParentRunner$1.schedule(ParentRunner.java:71) [junit-4.12.jar:4.12]
	at org.junit.runners.ParentRunner.runChildren(ParentRunner.java:288) [junit-4.12.jar:4.12]
	at org.junit.runners.ParentRunner.access$000(ParentRunner.java:58) [junit-4.12.jar:4.12]
	at org.junit.runners.ParentRunner$2.evaluate(ParentRunner.java:268) [junit-4.12.jar:4.12]
	at org.springframework.test.context.junit4.statements.RunBeforeTestClassCallbacks.evaluate(RunBeforeTestClassCallbacks.java:61) [spring-test-5.1.7.RELEASE.jar:5.1.7.RELEASE]
	at org.springframework.test.context.junit4.statements.RunAfterTestClassCallbacks.evaluate(RunAfterTestClassCallbacks.java:70) [spring-test-5.1.7.RELEASE.jar:5.1.7.RELEASE]
	at org.junit.runners.ParentRunner.run(ParentRunner.java:363) [junit-4.12.jar:4.12]
	at org.springframework.test.context.junit4.SpringJUnit4ClassRunner.run(SpringJUnit4ClassRunner.java:190) [spring-test-5.1.7.RELEASE.jar:5.1.7.RELEASE]
	at org.powermock.modules.junit4.internal.impl.DelegatingPowerMockRunner$2.call(DelegatingPowerMockRunner.java:149) [powermock-module-junit4-2.0.2.jar:2.0.2]
	at org.powermock.modules.junit4.internal.impl.DelegatingPowerMockRunner$2.call(DelegatingPowerMockRunner.java:141) [powermock-module-junit4-2.0.2.jar:2.0.2]
	at org.powermock.modules.junit4.internal.impl.DelegatingPowerMockRunner.withContextClassLoader(DelegatingPowerMockRunner.java:132) [powermock-module-junit4-2.0.2.jar:2.0.2]
	at org.powermock.modules.junit4.internal.impl.DelegatingPowerMockRunner.run(DelegatingPowerMockRunner.java:141) [powermock-module-junit4-2.0.2.jar:2.0.2]
	at org.powermock.modules.junit4.common.internal.impl.JUnit4TestSuiteChunkerImpl.run(JUnit4TestSuiteChunkerImpl.java:117) [powermock-module-junit4-common-2.0.2.jar:2.0.2]
	at org.powermock.modules.junit4.common.internal.impl.AbstractCommonPowerMockRunner.run(AbstractCommonPowerMockRunner.java:57) [powermock-module-junit4-common-2.0.2.jar:2.0.2]
	at org.powermock.modules.junit4.PowerMockRunner.run(PowerMockRunner.java:59) [powermock-module-junit4-2.0.2.jar:2.0.2]
	at org.apache.maven.surefire.junit4.JUnit4Provider.execute(JUnit4Provider.java:365) [surefire-junit4-2.22.2.jar:2.22.2]
	at org.apache.maven.surefire.junit4.JUnit4Provider.executeWithRerun(JUnit4Provider.java:273) [surefire-junit4-2.22.2.jar:2.22.2]
	at org.apache.maven.surefire.junit4.JUnit4Provider.executeTestSet(JUnit4Provider.java:238) [surefire-junit4-2.22.2.jar:2.22.2]
	at org.apache.maven.surefire.junit4.JUnit4Provider.invoke(JUnit4Provider.java:159) [surefire-junit4-2.22.2.jar:2.22.2]
	at org.apache.maven.surefire.booter.ForkedBooter.invokeProviderInSameClassLoader(ForkedBooter.java:384) [surefire-booter-2.22.2.jar:2.22.2]
	at org.apache.maven.surefire.booter.ForkedBooter.runSuitesInProcess(ForkedBooter.java:345) [surefire-booter-2.22.2.jar:2.22.2]
	at org.apache.maven.surefire.booter.ForkedBooter.execute(ForkedBooter.java:126) [surefire-booter-2.22.2.jar:2.22.2]
	at org.apache.maven.surefire.booter.ForkedBooter.main(ForkedBooter.java:418) [surefire-booter-2.22.2.jar:2.22.2]
Caused by: java.lang.NumberFormatException: null
	at java.lang.Integer.parseInt(Integer.java:542) ~[?:1.8.0_191]
	at java.lang.Integer.valueOf(Integer.java:766) ~[?:1.8.0_191]
	at br.com.pdv.security.AuthorizationServerConfiguration.inicializaCredenciais(AuthorizationServerConfiguration.java:51) ~[classes/:?]
	at br.com.pdv.security.AuthorizationServerConfiguration.configure(AuthorizationServerConfiguration.java:39) ~[classes/:?]
	at org.springframework.security.oauth2.config.annotation.web.configuration.AuthorizationServerSecurityConfiguration.configure(AuthorizationServerSecurityConfiguration.java:58) ~[spring-security-oauth2-2.3.5.RELEASE.jar:?]
	at sun.reflect.NativeMethodAccessorImpl.invoke0(Native Method) ~[?:1.8.0_191]
	at sun.reflect.NativeMethodAccessorImpl.invoke(NativeMethodAccessorImpl.java:62) ~[?:1.8.0_191]
	at sun.reflect.DelegatingMethodAccessorImpl.invoke(DelegatingMethodAccessorImpl.java:43) ~[?:1.8.0_191]
	at java.lang.reflect.Method.invoke(Method.java:498) ~[?:1.8.0_191]
	at org.springframework.beans.factory.annotation.AutowiredAnnotationBeanPostProcessor$AutowiredMethodElement.inject(AutowiredAnnotationBeanPostProcessor.java:708) ~[spring-beans-5.1.7.RELEASE.jar:5.1.7.RELEASE]
	at org.springframework.beans.factory.annotation.InjectionMetadata.inject(InjectionMetadata.java:90) ~[spring-beans-5.1.7.RELEASE.jar:5.1.7.RELEASE]
	at org.springframework.beans.factory.annotation.AutowiredAnnotationBeanPostProcessor.postProcessProperties(AutowiredAnnotationBeanPostProcessor.java:374) ~[spring-beans-5.1.7.RELEASE.jar:5.1.7.RELEASE]
	... 50 more

2019-06-25 18:06:48.986 ERROR 16508 --- [           main] o.s.t.c.TestContextManager               : Caught exception while allowing TestExecutionListener [org.springframework.boot.test.autoconfigure.SpringBootDependencyInjectionTestExecutionListener@35a0458] to prepare test instance [br.com.pdv.service.ClienteServiceTest@5dbc7a73]

java.lang.IllegalStateException: Failed to load ApplicationContext
	at org.springframework.test.context.cache.DefaultCacheAwareContextLoaderDelegate.loadContext(DefaultCacheAwareContextLoaderDelegate.java:125) ~[spring-test-5.1.7.RELEASE.jar:5.1.7.RELEASE]
	at org.springframework.test.context.support.DefaultTestContext.getApplicationContext(DefaultTestContext.java:108) ~[spring-test-5.1.7.RELEASE.jar:5.1.7.RELEASE]
	at org.springframework.test.context.support.DependencyInjectionTestExecutionListener.injectDependencies(DependencyInjectionTestExecutionListener.java:118) ~[spring-test-5.1.7.RELEASE.jar:5.1.7.RELEASE]
	at org.springframework.test.context.support.DependencyInjectionTestExecutionListener.prepareTestInstance(DependencyInjectionTestExecutionListener.java:83) ~[spring-test-5.1.7.RELEASE.jar:5.1.7.RELEASE]
	at org.springframework.boot.test.autoconfigure.SpringBootDependencyInjectionTestExecutionListener.prepareTestInstance(SpringBootDependencyInjectionTestExecutionListener.java:44) ~[spring-boot-test-autoconfigure-2.1.5.RELEASE.jar:2.1.5.RELEASE]
	at org.springframework.test.context.TestContextManager.prepareTestInstance(TestContextManager.java:246) [spring-test-5.1.7.RELEASE.jar:5.1.7.RELEASE]
	at org.springframework.test.context.junit4.SpringJUnit4ClassRunner.createTest(SpringJUnit4ClassRunner.java:227) [spring-test-5.1.7.RELEASE.jar:5.1.7.RELEASE]
	at org.springframework.test.context.junit4.SpringJUnit4ClassRunner$1.runReflectiveCall(SpringJUnit4ClassRunner.java:289) [spring-test-5.1.7.RELEASE.jar:5.1.7.RELEASE]
	at org.junit.internal.runners.model.ReflectiveCallable.run(ReflectiveCallable.java:12) [junit-4.12.jar:4.12]
	at org.springframework.test.context.junit4.SpringJUnit4ClassRunner.methodBlock(SpringJUnit4ClassRunner.java:291) [spring-test-5.1.7.RELEASE.jar:5.1.7.RELEASE]
	at org.springframework.test.context.junit4.SpringJUnit4ClassRunner.runChild(SpringJUnit4ClassRunner.java:246) [spring-test-5.1.7.RELEASE.jar:5.1.7.RELEASE]
	at org.springframework.test.context.junit4.SpringJUnit4ClassRunner.runChild(SpringJUnit4ClassRunner.java:97) [spring-test-5.1.7.RELEASE.jar:5.1.7.RELEASE]
	at org.junit.runners.ParentRunner$3.run(ParentRunner.java:290) [junit-4.12.jar:4.12]
	at org.junit.runners.ParentRunner$1.schedule(ParentRunner.java:71) [junit-4.12.jar:4.12]
	at org.junit.runners.ParentRunner.runChildren(ParentRunner.java:288) [junit-4.12.jar:4.12]
	at org.junit.runners.ParentRunner.access$000(ParentRunner.java:58) [junit-4.12.jar:4.12]
	at org.junit.runners.ParentRunner$2.evaluate(ParentRunner.java:268) [junit-4.12.jar:4.12]
	at org.springframework.test.context.junit4.statements.RunBeforeTestClassCallbacks.evaluate(RunBeforeTestClassCallbacks.java:61) [spring-test-5.1.7.RELEASE.jar:5.1.7.RELEASE]
	at org.springframework.test.context.junit4.statements.RunAfterTestClassCallbacks.evaluate(RunAfterTestClassCallbacks.java:70) [spring-test-5.1.7.RELEASE.jar:5.1.7.RELEASE]
	at org.junit.runners.ParentRunner.run(ParentRunner.java:363) [junit-4.12.jar:4.12]
	at org.springframework.test.context.junit4.SpringJUnit4ClassRunner.run(SpringJUnit4ClassRunner.java:190) [spring-test-5.1.7.RELEASE.jar:5.1.7.RELEASE]
	at org.powermock.modules.junit4.internal.impl.DelegatingPowerMockRunner$2.call(DelegatingPowerMockRunner.java:149) [powermock-module-junit4-2.0.2.jar:2.0.2]
	at org.powermock.modules.junit4.internal.impl.DelegatingPowerMockRunner$2.call(DelegatingPowerMockRunner.java:141) [powermock-module-junit4-2.0.2.jar:2.0.2]
	at org.powermock.modules.junit4.internal.impl.DelegatingPowerMockRunner.withContextClassLoader(DelegatingPowerMockRunner.java:132) [powermock-module-junit4-2.0.2.jar:2.0.2]
	at org.powermock.modules.junit4.internal.impl.DelegatingPowerMockRunner.run(DelegatingPowerMockRunner.java:141) [powermock-module-junit4-2.0.2.jar:2.0.2]
	at org.powermock.modules.junit4.common.internal.impl.JUnit4TestSuiteChunkerImpl.run(JUnit4TestSuiteChunkerImpl.java:117) [powermock-module-junit4-common-2.0.2.jar:2.0.2]
	at org.powermock.modules.junit4.common.internal.impl.AbstractCommonPowerMockRunner.run(AbstractCommonPowerMockRunner.java:57) [powermock-module-junit4-common-2.0.2.jar:2.0.2]
	at org.powermock.modules.junit4.PowerMockRunner.run(PowerMockRunner.java:59) [powermock-module-junit4-2.0.2.jar:2.0.2]
	at org.apache.maven.surefire.junit4.JUnit4Provider.execute(JUnit4Provider.java:365) [surefire-junit4-2.22.2.jar:2.22.2]
	at org.apache.maven.surefire.junit4.JUnit4Provider.executeWithRerun(JUnit4Provider.java:273) [surefire-junit4-2.22.2.jar:2.22.2]
	at org.apache.maven.surefire.junit4.JUnit4Provider.executeTestSet(JUnit4Provider.java:238) [surefire-junit4-2.22.2.jar:2.22.2]
	at org.apache.maven.surefire.junit4.JUnit4Provider.invoke(JUnit4Provider.java:159) [surefire-junit4-2.22.2.jar:2.22.2]
	at org.apache.maven.surefire.booter.ForkedBooter.invokeProviderInSameClassLoader(ForkedBooter.java:384) [surefire-booter-2.22.2.jar:2.22.2]
	at org.apache.maven.surefire.booter.ForkedBooter.runSuitesInProcess(ForkedBooter.java:345) [surefire-booter-2.22.2.jar:2.22.2]
	at org.apache.maven.surefire.booter.ForkedBooter.execute(ForkedBooter.java:126) [surefire-booter-2.22.2.jar:2.22.2]
	at org.apache.maven.surefire.booter.ForkedBooter.main(ForkedBooter.java:418) [surefire-booter-2.22.2.jar:2.22.2]
Caused by: org.springframework.beans.factory.BeanCreationException: Error creating bean with name 'org.springframework.security.oauth2.config.annotation.web.configuration.AuthorizationServerSecurityConfiguration': Injection of autowired dependencies failed; nested exception is java.lang.NumberFormatException: null
	at org.springframework.beans.factory.annotation.AutowiredAnnotationBeanPostProcessor.postProcessProperties(AutowiredAnnotationBeanPostProcessor.java:380) ~[spring-beans-5.1.7.RELEASE.jar:5.1.7.RELEASE]
	at org.springframework.beans.factory.support.AbstractAutowireCapableBeanFactory.populateBean(AbstractAutowireCapableBeanFactory.java:1411) ~[spring-beans-5.1.7.RELEASE.jar:5.1.7.RELEASE]
	at org.springframework.beans.factory.support.AbstractAutowireCapableBeanFactory.doCreateBean(AbstractAutowireCapableBeanFactory.java:592) ~[spring-beans-5.1.7.RELEASE.jar:5.1.7.RELEASE]
	at org.springframework.beans.factory.support.AbstractAutowireCapableBeanFactory.createBean(AbstractAutowireCapableBeanFactory.java:515) ~[spring-beans-5.1.7.RELEASE.jar:5.1.7.RELEASE]
	at org.springframework.beans.factory.support.AbstractBeanFactory.lambda$doGetBean$0(AbstractBeanFactory.java:320) ~[spring-beans-5.1.7.RELEASE.jar:5.1.7.RELEASE]
	at org.springframework.beans.factory.support.DefaultSingletonBeanRegistry.getSingleton(DefaultSingletonBeanRegistry.java:222) ~[spring-beans-5.1.7.RELEASE.jar:5.1.7.RELEASE]
	at org.springframework.beans.factory.support.AbstractBeanFactory.doGetBean(AbstractBeanFactory.java:318) ~[spring-beans-5.1.7.RELEASE.jar:5.1.7.RELEASE]
	at org.springframework.beans.factory.support.AbstractBeanFactory.getBean(AbstractBeanFactory.java:199) ~[spring-beans-5.1.7.RELEASE.jar:5.1.7.RELEASE]
	at org.springframework.beans.factory.support.DefaultListableBeanFactory.preInstantiateSingletons(DefaultListableBeanFactory.java:843) ~[spring-beans-5.1.7.RELEASE.jar:5.1.7.RELEASE]
	at org.springframework.context.support.AbstractApplicationContext.finishBeanFactoryInitialization(AbstractApplicationContext.java:877) ~[spring-context-5.1.7.RELEASE.jar:5.1.7.RELEASE]
	at org.springframework.context.support.AbstractApplicationContext.refresh(AbstractApplicationContext.java:549) ~[spring-context-5.1.7.RELEASE.jar:5.1.7.RELEASE]
	at org.springframework.boot.SpringApplication.refresh(SpringApplication.java:775) ~[spring-boot-2.1.5.RELEASE.jar:2.1.5.RELEASE]
	at org.springframework.boot.SpringApplication.refreshContext(SpringApplication.java:397) ~[spring-boot-2.1.5.RELEASE.jar:2.1.5.RELEASE]
	at org.springframework.boot.SpringApplication.run(SpringApplication.java:316) ~[spring-boot-2.1.5.RELEASE.jar:2.1.5.RELEASE]
	at org.springframework.boot.test.context.SpringBootContextLoader.loadContext(SpringBootContextLoader.java:127) ~[spring-boot-test-2.1.5.RELEASE.jar:2.1.5.RELEASE]
	at org.springframework.test.context.cache.DefaultCacheAwareContextLoaderDelegate.loadContextInternal(DefaultCacheAwareContextLoaderDelegate.java:99) ~[spring-test-5.1.7.RELEASE.jar:5.1.7.RELEASE]
	at org.springframework.test.context.cache.DefaultCacheAwareContextLoaderDelegate.loadContext(DefaultCacheAwareContextLoaderDelegate.java:117) ~[spring-test-5.1.7.RELEASE.jar:5.1.7.RELEASE]
	... 35 more
Caused by: java.lang.NumberFormatException: null
	at java.lang.Integer.parseInt(Integer.java:542) ~[?:1.8.0_191]
	at java.lang.Integer.valueOf(Integer.java:766) ~[?:1.8.0_191]
	at br.com.pdv.security.AuthorizationServerConfiguration.inicializaCredenciais(AuthorizationServerConfiguration.java:51) ~[classes/:?]
	at br.com.pdv.security.AuthorizationServerConfiguration.configure(AuthorizationServerConfiguration.java:39) ~[classes/:?]
	at org.springframework.security.oauth2.config.annotation.web.configuration.AuthorizationServerSecurityConfiguration.configure(AuthorizationServerSecurityConfiguration.java:58) ~[spring-security-oauth2-2.3.5.RELEASE.jar:?]
	at sun.reflect.NativeMethodAccessorImpl.invoke0(Native Method) ~[?:1.8.0_191]
	at sun.reflect.NativeMethodAccessorImpl.invoke(NativeMethodAccessorImpl.java:62) ~[?:1.8.0_191]
	at sun.reflect.DelegatingMethodAccessorImpl.invoke(DelegatingMethodAccessorImpl.java:43) ~[?:1.8.0_191]
	at java.lang.reflect.Method.invoke(Method.java:498) ~[?:1.8.0_191]
	at org.springframework.beans.factory.annotation.AutowiredAnnotationBeanPostProcessor$AutowiredMethodElement.inject(AutowiredAnnotationBeanPostProcessor.java:708) ~[spring-beans-5.1.7.RELEASE.jar:5.1.7.RELEASE]
	at org.springframework.beans.factory.annotation.InjectionMetadata.inject(InjectionMetadata.java:90) ~[spring-beans-5.1.7.RELEASE.jar:5.1.7.RELEASE]
	at org.springframework.beans.factory.annotation.AutowiredAnnotationBeanPostProcessor.postProcessProperties(AutowiredAnnotationBeanPostProcessor.java:374) ~[spring-beans-5.1.7.RELEASE.jar:5.1.7.RELEASE]
	at org.springframework.beans.factory.support.AbstractAutowireCapableBeanFactory.populateBean(AbstractAutowireCapableBeanFactory.java:1411) ~[spring-beans-5.1.7.RELEASE.jar:5.1.7.RELEASE]
	at org.springframework.beans.factory.support.AbstractAutowireCapableBeanFactory.doCreateBean(AbstractAutowireCapableBeanFactory.java:592) ~[spring-beans-5.1.7.RELEASE.jar:5.1.7.RELEASE]
	at org.springframework.beans.factory.support.AbstractAutowireCapableBeanFactory.createBean(AbstractAutowireCapableBeanFactory.java:515) ~[spring-beans-5.1.7.RELEASE.jar:5.1.7.RELEASE]
	at org.springframework.beans.factory.support.AbstractBeanFactory.lambda$doGetBean$0(AbstractBeanFactory.java:320) ~[spring-beans-5.1.7.RELEASE.jar:5.1.7.RELEASE]
	at org.springframework.beans.factory.support.DefaultSingletonBeanRegistry.getSingleton(DefaultSingletonBeanRegistry.java:222) ~[spring-beans-5.1.7.RELEASE.jar:5.1.7.RELEASE]
	at org.springframework.beans.factory.support.AbstractBeanFactory.doGetBean(AbstractBeanFactory.java:318) ~[spring-beans-5.1.7.RELEASE.jar:5.1.7.RELEASE]
	at org.springframework.beans.factory.support.AbstractBeanFactory.getBean(AbstractBeanFactory.java:199) ~[spring-beans-5.1.7.RELEASE.jar:5.1.7.RELEASE]
	at org.springframework.beans.factory.support.DefaultListableBeanFactory.preInstantiateSingletons(DefaultListableBeanFactory.java:843) ~[spring-beans-5.1.7.RELEASE.jar:5.1.7.RELEASE]
	at org.springframework.context.support.AbstractApplicationContext.finishBeanFactoryInitialization(AbstractApplicationContext.java:877) ~[spring-context-5.1.7.RELEASE.jar:5.1.7.RELEASE]
	at org.springframework.context.support.AbstractApplicationContext.refresh(AbstractApplicationContext.java:549) ~[spring-context-5.1.7.RELEASE.jar:5.1.7.RELEASE]
	at org.springframework.boot.SpringApplication.refresh(SpringApplication.java:775) ~[spring-boot-2.1.5.RELEASE.jar:2.1.5.RELEASE]
	at org.springframework.boot.SpringApplication.refreshContext(SpringApplication.java:397) ~[spring-boot-2.1.5.RELEASE.jar:2.1.5.RELEASE]
	at org.springframework.boot.SpringApplication.run(SpringApplication.java:316) ~[spring-boot-2.1.5.RELEASE.jar:2.1.5.RELEASE]
	at org.springframework.boot.test.context.SpringBootContextLoader.loadContext(SpringBootContextLoader.java:127) ~[spring-boot-test-2.1.5.RELEASE.jar:2.1.5.RELEASE]
	at org.springframework.test.context.cache.DefaultCacheAwareContextLoaderDelegate.loadContextInternal(DefaultCacheAwareContextLoaderDelegate.java:99) ~[spring-test-5.1.7.RELEASE.jar:5.1.7.RELEASE]
	at org.springframework.test.context.cache.DefaultCacheAwareContextLoaderDelegate.loadContext(DefaultCacheAwareContextLoaderDelegate.java:117) ~[spring-test-5.1.7.RELEASE.jar:5.1.7.RELEASE]
	... 35 more

]]></system-out>
  </testcase>
  <testcase name="deveSalvar" classname="br.com.pdv.service.ClienteServiceTest" time="0">
    <error message="Failed to load ApplicationContext" type="java.lang.IllegalStateException">java.lang.IllegalStateException: Failed to load ApplicationContext
Caused by: org.springframework.beans.factory.BeanCreationException: Error creating bean with name 'org.springframework.security.oauth2.config.annotation.web.configuration.AuthorizationServerSecurityConfiguration': Injection of autowired dependencies failed; nested exception is java.lang.NumberFormatException: null
Caused by: java.lang.NumberFormatException: null
</error>
    <system-out><![CDATA[
  .   ____          _            __ _ _
 /\\ / ___'_ __ _ _(_)_ __  __ _ \ \ \ \
( ( )\___ | '_ | '_| | '_ \/ _` | \ \ \ \
 \\/  ___)| |_)| | | | | || (_| |  ) ) ) )
  '  |____| .__|_| |_|_| |_\__, | / / / /
 =========|_|==============|___/=/_/_/_/
 :: Spring Boot ::        (v2.1.5.RELEASE)

2019-06-25 18:06:49.167  INFO 16508 --- [           main] b.c.p.s.ClienteServiceTest               : Starting ClienteServiceTest on CP4475 with PID 16508 (started by User in C:\Projetos_MATERA\META\pdv\pdv)
2019-06-25 18:06:49.168  INFO 16508 --- [           main] b.c.p.s.ClienteServiceTest               : No active profile set, falling back to default profiles: default
2019-06-25 18:06:49.513  INFO 16508 --- [           main] .s.d.r.c.RepositoryConfigurationDelegate : Bootstrapping Spring Data repositories in DEFAULT mode.
2019-06-25 18:06:49.601  INFO 16508 --- [           main] .s.d.r.c.RepositoryConfigurationDelegate : Finished Spring Data repository scanning in 87ms. Found 3 repository interfaces.
2019-06-25 18:06:50.228  INFO 16508 --- [      Thread-23] o.s.b.a.m.e.EmbeddedMongo                : note: noprealloc may hurt performance in many applications
2019-06-25 18:06:50.309  INFO 16508 --- [      Thread-23] o.s.b.a.m.e.EmbeddedMongo                : 2019-06-25T15:06:50.308-0300 I CONTROL  [initandlisten] MongoDB starting : pid=15156 port=64787 dbpath=C:\Users\User\AppData\Local\Temp\embedmongo-db-336d831e-bafa-4523-839e-6b66dc828774 64-bit host=CP4475
2019-06-25 18:06:50.309  INFO 16508 --- [      Thread-23] o.s.b.a.m.e.EmbeddedMongo                : 2019-06-25T15:06:50.309-0300 I CONTROL  [initandlisten] targetMinOS: Windows Vista/Windows Server 2008
2019-06-25 18:06:50.309  INFO 16508 --- [      Thread-23] o.s.b.a.m.e.EmbeddedMongo                : 2019-06-25T15:06:50.309-0300 I CONTROL  [initandlisten] db version v3.5.5
2019-06-25 18:06:50.309  INFO 16508 --- [      Thread-23] o.s.b.a.m.e.EmbeddedMongo                : 2019-06-25T15:06:50.309-0300 I CONTROL  [initandlisten] git version: 98515c812b6fa893613f063dae568ff8319cbfbd
2019-06-25 18:06:50.309  INFO 16508 --- [      Thread-23] o.s.b.a.m.e.EmbeddedMongo                : 2019-06-25T15:06:50.309-0300 I CONTROL  [initandlisten] allocator: tcmalloc
2019-06-25 18:06:50.309  INFO 16508 --- [      Thread-23] o.s.b.a.m.e.EmbeddedMongo                : 2019-06-25T15:06:50.309-0300 I CONTROL  [initandlisten] modules: none
2019-06-25 18:06:50.310  INFO 16508 --- [      Thread-23] o.s.b.a.m.e.EmbeddedMongo                : 2019-06-25T15:06:50.309-0300 I CONTROL  [initandlisten] build environment:
2019-06-25 18:06:50.310  INFO 16508 --- [      Thread-23] o.s.b.a.m.e.EmbeddedMongo                : 2019-06-25T15:06:50.309-0300 I CONTROL  [initandlisten]     distarch: x86_64
2019-06-25 18:06:50.310  INFO 16508 --- [      Thread-23] o.s.b.a.m.e.EmbeddedMongo                : 2019-06-25T15:06:50.309-0300 I CONTROL  [initandlisten]     target_arch: x86_64
2019-06-25 18:06:50.310  INFO 16508 --- [      Thread-23] o.s.b.a.m.e.EmbeddedMongo                : 2019-06-25T15:06:50.309-0300 I CONTROL  [initandlisten] options: { net: { bindIp: "127.0.0.1", http: { enabled: false }, port: 64787 }, security: { authorization: "disabled" }, storage: { dbPath: "C:\Users\User\AppData\Local\Temp\embedmongo-db-336d831e-bafa-4523-839e-6b66dc828774", journal: { enabled: false }, mmapv1: { preallocDataFiles: false, smallFiles: true }, syncPeriodSecs: 0.0 } }
2019-06-25 18:06:50.311  INFO 16508 --- [      Thread-23] o.s.b.a.m.e.EmbeddedMongo                : 2019-06-25T15:06:50.311-0300 I STORAGE  [initandlisten] wiredtiger_open config: create,cache_size=3494M,session_max=20000,eviction=(threads_min=4,threads_max=4),config_base=false,statistics=(fast),log=(enabled=true,archive=true,path=journal,compressor=snappy),file_manager=(close_idle_time=100000),checkpoint=(wait=0,log_size=2GB),statistics_log=(wait=0),verbose=(recovery_progress),,log=(enabled=false),
2019-06-25 18:06:50.393  INFO 16508 --- [      Thread-23] o.s.b.a.m.e.EmbeddedMongo                : 2019-06-25T15:06:50.394-0300 W STORAGE  [initandlisten] Detected configuration for non-active storage engine mmapv1 when current storage engine is wiredTiger
2019-06-25 18:06:50.394  INFO 16508 --- [      Thread-23] o.s.b.a.m.e.EmbeddedMongo                : 2019-06-25T15:06:50.394-0300 I CONTROL  [initandlisten] 
2019-06-25 18:06:50.394  INFO 16508 --- [      Thread-23] o.s.b.a.m.e.EmbeddedMongo                : 2019-06-25T15:06:50.394-0300 I CONTROL  [initandlisten] ** NOTE: This is a development version (3.5.5) of MongoDB.
2019-06-25 18:06:50.394  INFO 16508 --- [      Thread-23] o.s.b.a.m.e.EmbeddedMongo                : 2019-06-25T15:06:50.394-0300 I CONTROL  [initandlisten] **       Not recommended for production.
2019-06-25 18:06:50.394  INFO 16508 --- [      Thread-23] o.s.b.a.m.e.EmbeddedMongo                : 2019-06-25T15:06:50.394-0300 I CONTROL  [initandlisten] 
2019-06-25 18:06:50.690  INFO 16508 --- [      Thread-23] o.s.b.a.m.e.EmbeddedMongo                : 2019-06-25T15:06:50.690-0300 W FTDC     [initandlisten] Failed to initialize Performance Counters for FTDC: WindowsPdhError: PdhExpandCounterPathW failed with 'O objeto especificado nÃ£o foi encontrado no computador.' for counter '\Memory\Available Bytes'
2019-06-25 18:06:50.690  INFO 16508 --- [      Thread-23] o.s.b.a.m.e.EmbeddedMongo                : 2019-06-25T15:06:50.690-0300 I FTDC     [initandlisten] Initializing full-time diagnostic data capture with directory 'C:/Users/User/AppData/Local/Temp/embedmongo-db-336d831e-bafa-4523-839e-6b66dc828774/diagnostic.data'
2019-06-25 18:06:50.739  INFO 16508 --- [      Thread-23] o.s.b.a.m.e.EmbeddedMongo                : 2019-06-25T15:06:50.739-0300 I INDEX    [initandlisten] build index on: admin.system.version properties: { v: 2, key: { version: 1 }, name: "incompatible_with_version_32", ns: "admin.system.version" }
2019-06-25 18:06:50.739  INFO 16508 --- [      Thread-23] o.s.b.a.m.e.EmbeddedMongo                : 2019-06-25T15:06:50.739-0300 I INDEX    [initandlisten] 	 building index using bulk method; build may temporarily use up to 500 megabytes of RAM
2019-06-25 18:06:50.744  INFO 16508 --- [      Thread-23] o.s.b.a.m.e.EmbeddedMongo                : 2019-06-25T15:06:50.744-0300 I INDEX    [initandlisten] build index done.  scanned 0 total records. 0 secs
2019-06-25 18:06:50.745  INFO 16508 --- [      Thread-23] o.s.b.a.m.e.EmbeddedMongo                : 2019-06-25T15:06:50.745-0300 I COMMAND  [initandlisten] setting featureCompatibilityVersion to 3.4
2019-06-25 18:06:50.746  INFO 16508 --- [      Thread-23] o.s.b.a.m.e.EmbeddedMongo                : 2019-06-25T15:06:50.746-0300 I NETWORK  [thread1] waiting for connections on port 64787
2019-06-25 18:06:50.746  INFO 16508 --- [           main] d.f.e.m.MongodExecutable                 : start de.flapdoodle.embed.mongo.config.MongodConfigBuilder$ImmutableMongodConfig@5a96b5d5
2019-06-25 18:06:50.755  INFO 16508 --- [           main] o.m.d.cluster                            : Cluster created with settings {hosts=[localhost:64787], mode=MULTIPLE, requiredClusterType=UNKNOWN, serverSelectionTimeout='30000 ms', maxWaitQueueSize=500}
2019-06-25 18:06:50.756  INFO 16508 --- [           main] o.m.d.cluster                            : Adding discovered server localhost:64787 to client view of cluster
2019-06-25 18:06:50.758  INFO 16508 --- [      Thread-23] o.s.b.a.m.e.EmbeddedMongo                : 2019-06-25T15:06:50.758-0300 I NETWORK  [thread1] connection accepted from 127.0.0.1:64797 #1 (1 connection now open)
2019-06-25 18:06:50.768  INFO 16508 --- [      Thread-23] o.s.b.a.m.e.EmbeddedMongo                : 2019-06-25T15:06:50.768-0300 I NETWORK  [conn1] received client metadata from 127.0.0.1:64797 conn1: { driver: { name: "mongo-java-driver", version: "3.8.2" }, os: { type: "Windows", name: "Windows 10", architecture: "amd64", version: "10.0" }, platform: "Java/Oracle Corporation/1.8.0_191-b12" }
2019-06-25 18:06:50.773  INFO 16508 --- [localhost:64787] o.m.d.connection                         : Opened connection [connectionId{localValue:13, serverValue:1}] to localhost:64787
2019-06-25 18:06:50.774  INFO 16508 --- [localhost:64787] o.m.d.cluster                            : Monitor thread successfully connected to server with description ServerDescription{address=localhost:64787, type=STANDALONE, state=CONNECTED, ok=true, version=ServerVersion{versionList=[3, 5, 5]}, minWireVersion=0, maxWireVersion=5, maxDocumentSize=16777216, logicalSessionTimeoutMinutes=null, roundTripTimeNanos=752213}
2019-06-25 18:06:50.775  INFO 16508 --- [localhost:64787] o.m.d.cluster                            : Discovered cluster type of STANDALONE
2019-06-25 18:06:50.923  INFO 16508 --- [      Thread-23] o.s.b.a.m.e.EmbeddedMongo                : 2019-06-25T15:06:50.923-0300 I NETWORK  [thread1] connection accepted from 127.0.0.1:64798 #2 (2 connections now open)
2019-06-25 18:06:50.945  INFO 16508 --- [      Thread-23] o.s.b.a.m.e.EmbeddedMongo                : 2019-06-25T15:06:50.944-0300 I NETWORK  [conn2] received client metadata from 127.0.0.1:64798 conn2: { driver: { name: "mongo-java-driver", version: "3.8.2" }, os: { type: "Windows", name: "Windows 10", architecture: "amd64", version: "10.0" }, platform: "Java/Oracle Corporation/1.8.0_191-b12" }
2019-06-25 18:06:50.947  INFO 16508 --- [           main] o.m.d.connection                         : Opened connection [connectionId{localValue:14, serverValue:2}] to localhost:64787
2019-06-25 18:06:51.316  WARN 16508 --- [           main] b.c.p.c.Propriedades                     : Configuracao oauth2.prazo.token nao localizada
2019-06-25 18:06:51.318  WARN 16508 --- [           main] s.c.a.AnnotationConfigApplicationContext : Exception encountered during context initialization - cancelling refresh attempt: org.springframework.beans.factory.BeanCreationException: Error creating bean with name 'org.springframework.security.oauth2.config.annotation.web.configuration.AuthorizationServerSecurityConfiguration': Injection of autowired dependencies failed; nested exception is java.lang.NumberFormatException: null
2019-06-25 18:06:51.321  INFO 16508 --- [           main] o.m.d.connection                         : Closed connection [connectionId{localValue:14, serverValue:2}] to localhost:64787 because the pool has been closed.
2019-06-25 18:06:51.324  INFO 16508 --- [      Thread-23] o.s.b.a.m.e.EmbeddedMongo                : 2019-06-25T15:06:51.324-0300 I -        [conn2] end connection 127.0.0.1:64798 (2 connections now open)
2019-06-25 18:06:51.326  INFO 16508 --- [      Thread-23] o.s.b.a.m.e.EmbeddedMongo                : 2019-06-25T15:06:51.326-0300 I -        [conn1] end connection 127.0.0.1:64797 (1 connection now open)
2019-06-25 18:06:51.330  INFO 16508 --- [      Thread-23] o.s.b.a.m.e.EmbeddedMongo                : 2019-06-25T15:06:51.329-0300 I NETWORK  [thread1] connection accepted from 127.0.0.1:64799 #3 (1 connection now open)
2019-06-25 18:06:51.340  INFO 16508 --- [      Thread-23] o.s.b.a.m.e.EmbeddedMongo                : 2019-06-25T15:06:51.340-0300 I COMMAND  [conn3] terminating, shutdown command received
2019-06-25 18:06:51.341  INFO 16508 --- [      Thread-23] o.s.b.a.m.e.EmbeddedMongo                : 2019-06-25T15:06:51.341-0300 I NETWORK  [conn3] shutdown: going to close listening sockets...
2019-06-25 18:06:51.341  INFO 16508 --- [      Thread-23] o.s.b.a.m.e.EmbeddedMongo                : 2019-06-25T15:06:51.341-0300 I NETWORK  [conn3] closing listening socket: 616
2019-06-25 18:06:51.342  INFO 16508 --- [      Thread-23] o.s.b.a.m.e.EmbeddedMongo                : 2019-06-25T15:06:51.342-0300 I NETWORK  [conn3] shutdown: going to flush diaglog...
2019-06-25 18:06:51.343  INFO 16508 --- [      Thread-23] o.s.b.a.m.e.EmbeddedMongo                : 2019-06-25T15:06:51.343-0300 I FTDC     [conn3] Shutting down full-time diagnostic data capture
2019-06-25 18:06:51.357  INFO 16508 --- [      Thread-23] o.s.b.a.m.e.EmbeddedMongo                : 2019-06-25T15:06:51.357-0300 I STORAGE  [conn3] WiredTigerKVEngine shutting down
2019-06-25 18:06:51.427  INFO 16508 --- [      Thread-23] o.s.b.a.m.e.EmbeddedMongo                : 2019-06-25T15:06:51.427-0300 I STORAGE  [conn3] shutdown: removing fs lock...
2019-06-25 18:06:51.429  INFO 16508 --- [      Thread-23] o.s.b.a.m.e.EmbeddedMongo                : 2019-06-25T15:06:51.429-0300 I CONTROL  [conn3] now exiting
2019-06-25 18:06:51.429  INFO 16508 --- [      Thread-23] o.s.b.a.m.e.EmbeddedMongo                : 2019-06-25T15:06:51.429-0300 I CONTROL  [conn3] shutting down with code:0
2019-06-25 18:06:51.554  INFO 16508 --- [           main] ConditionEvaluationReportLoggingListener : 

Error starting ApplicationContext. To display the conditions report re-run your application with 'debug' enabled.
2019-06-25 18:06:51.555 ERROR 16508 --- [           main] o.s.b.SpringApplication                  : Application run failed

org.springframework.beans.factory.BeanCreationException: Error creating bean with name 'org.springframework.security.oauth2.config.annotation.web.configuration.AuthorizationServerSecurityConfiguration': Injection of autowired dependencies failed; nested exception is java.lang.NumberFormatException: null
	at org.springframework.beans.factory.annotation.AutowiredAnnotationBeanPostProcessor.postProcessProperties(AutowiredAnnotationBeanPostProcessor.java:380) ~[spring-beans-5.1.7.RELEASE.jar:5.1.7.RELEASE]
	at org.springframework.beans.factory.support.AbstractAutowireCapableBeanFactory.populateBean(AbstractAutowireCapableBeanFactory.java:1411) ~[spring-beans-5.1.7.RELEASE.jar:5.1.7.RELEASE]
	at org.springframework.beans.factory.support.AbstractAutowireCapableBeanFactory.doCreateBean(AbstractAutowireCapableBeanFactory.java:592) ~[spring-beans-5.1.7.RELEASE.jar:5.1.7.RELEASE]
	at org.springframework.beans.factory.support.AbstractAutowireCapableBeanFactory.createBean(AbstractAutowireCapableBeanFactory.java:515) ~[spring-beans-5.1.7.RELEASE.jar:5.1.7.RELEASE]
	at org.springframework.beans.factory.support.AbstractBeanFactory.lambda$doGetBean$0(AbstractBeanFactory.java:320) ~[spring-beans-5.1.7.RELEASE.jar:5.1.7.RELEASE]
	at org.springframework.beans.factory.support.DefaultSingletonBeanRegistry.getSingleton(DefaultSingletonBeanRegistry.java:222) ~[spring-beans-5.1.7.RELEASE.jar:5.1.7.RELEASE]
	at org.springframework.beans.factory.support.AbstractBeanFactory.doGetBean(AbstractBeanFactory.java:318) ~[spring-beans-5.1.7.RELEASE.jar:5.1.7.RELEASE]
	at org.springframework.beans.factory.support.AbstractBeanFactory.getBean(AbstractBeanFactory.java:199) ~[spring-beans-5.1.7.RELEASE.jar:5.1.7.RELEASE]
	at org.springframework.beans.factory.support.DefaultListableBeanFactory.preInstantiateSingletons(DefaultListableBeanFactory.java:843) ~[spring-beans-5.1.7.RELEASE.jar:5.1.7.RELEASE]
	at org.springframework.context.support.AbstractApplicationContext.finishBeanFactoryInitialization(AbstractApplicationContext.java:877) ~[spring-context-5.1.7.RELEASE.jar:5.1.7.RELEASE]
	at org.springframework.context.support.AbstractApplicationContext.refresh(AbstractApplicationContext.java:549) ~[spring-context-5.1.7.RELEASE.jar:5.1.7.RELEASE]
	at org.springframework.boot.SpringApplication.refresh(SpringApplication.java:775) [spring-boot-2.1.5.RELEASE.jar:2.1.5.RELEASE]
	at org.springframework.boot.SpringApplication.refreshContext(SpringApplication.java:397) [spring-boot-2.1.5.RELEASE.jar:2.1.5.RELEASE]
	at org.springframework.boot.SpringApplication.run(SpringApplication.java:316) [spring-boot-2.1.5.RELEASE.jar:2.1.5.RELEASE]
	at org.springframework.boot.test.context.SpringBootContextLoader.loadContext(SpringBootContextLoader.java:127) [spring-boot-test-2.1.5.RELEASE.jar:2.1.5.RELEASE]
	at org.springframework.test.context.cache.DefaultCacheAwareContextLoaderDelegate.loadContextInternal(DefaultCacheAwareContextLoaderDelegate.java:99) [spring-test-5.1.7.RELEASE.jar:5.1.7.RELEASE]
	at org.springframework.test.context.cache.DefaultCacheAwareContextLoaderDelegate.loadContext(DefaultCacheAwareContextLoaderDelegate.java:117) [spring-test-5.1.7.RELEASE.jar:5.1.7.RELEASE]
	at org.springframework.test.context.support.DefaultTestContext.getApplicationContext(DefaultTestContext.java:108) [spring-test-5.1.7.RELEASE.jar:5.1.7.RELEASE]
	at org.springframework.test.context.support.DependencyInjectionTestExecutionListener.injectDependencies(DependencyInjectionTestExecutionListener.java:118) [spring-test-5.1.7.RELEASE.jar:5.1.7.RELEASE]
	at org.springframework.test.context.support.DependencyInjectionTestExecutionListener.prepareTestInstance(DependencyInjectionTestExecutionListener.java:83) [spring-test-5.1.7.RELEASE.jar:5.1.7.RELEASE]
	at org.springframework.boot.test.autoconfigure.SpringBootDependencyInjectionTestExecutionListener.prepareTestInstance(SpringBootDependencyInjectionTestExecutionListener.java:44) [spring-boot-test-autoconfigure-2.1.5.RELEASE.jar:2.1.5.RELEASE]
	at org.springframework.test.context.TestContextManager.prepareTestInstance(TestContextManager.java:246) [spring-test-5.1.7.RELEASE.jar:5.1.7.RELEASE]
	at org.springframework.test.context.junit4.SpringJUnit4ClassRunner.createTest(SpringJUnit4ClassRunner.java:227) [spring-test-5.1.7.RELEASE.jar:5.1.7.RELEASE]
	at org.springframework.test.context.junit4.SpringJUnit4ClassRunner$1.runReflectiveCall(SpringJUnit4ClassRunner.java:289) [spring-test-5.1.7.RELEASE.jar:5.1.7.RELEASE]
	at org.junit.internal.runners.model.ReflectiveCallable.run(ReflectiveCallable.java:12) [junit-4.12.jar:4.12]
	at org.springframework.test.context.junit4.SpringJUnit4ClassRunner.methodBlock(SpringJUnit4ClassRunner.java:291) [spring-test-5.1.7.RELEASE.jar:5.1.7.RELEASE]
	at org.springframework.test.context.junit4.SpringJUnit4ClassRunner.runChild(SpringJUnit4ClassRunner.java:246) [spring-test-5.1.7.RELEASE.jar:5.1.7.RELEASE]
	at org.springframework.test.context.junit4.SpringJUnit4ClassRunner.runChild(SpringJUnit4ClassRunner.java:97) [spring-test-5.1.7.RELEASE.jar:5.1.7.RELEASE]
	at org.junit.runners.ParentRunner$3.run(ParentRunner.java:290) [junit-4.12.jar:4.12]
	at org.junit.runners.ParentRunner$1.schedule(ParentRunner.java:71) [junit-4.12.jar:4.12]
	at org.junit.runners.ParentRunner.runChildren(ParentRunner.java:288) [junit-4.12.jar:4.12]
	at org.junit.runners.ParentRunner.access$000(ParentRunner.java:58) [junit-4.12.jar:4.12]
	at org.junit.runners.ParentRunner$2.evaluate(ParentRunner.java:268) [junit-4.12.jar:4.12]
	at org.springframework.test.context.junit4.statements.RunBeforeTestClassCallbacks.evaluate(RunBeforeTestClassCallbacks.java:61) [spring-test-5.1.7.RELEASE.jar:5.1.7.RELEASE]
	at org.springframework.test.context.junit4.statements.RunAfterTestClassCallbacks.evaluate(RunAfterTestClassCallbacks.java:70) [spring-test-5.1.7.RELEASE.jar:5.1.7.RELEASE]
	at org.junit.runners.ParentRunner.run(ParentRunner.java:363) [junit-4.12.jar:4.12]
	at org.springframework.test.context.junit4.SpringJUnit4ClassRunner.run(SpringJUnit4ClassRunner.java:190) [spring-test-5.1.7.RELEASE.jar:5.1.7.RELEASE]
	at org.powermock.modules.junit4.internal.impl.DelegatingPowerMockRunner$2.call(DelegatingPowerMockRunner.java:149) [powermock-module-junit4-2.0.2.jar:2.0.2]
	at org.powermock.modules.junit4.internal.impl.DelegatingPowerMockRunner$2.call(DelegatingPowerMockRunner.java:141) [powermock-module-junit4-2.0.2.jar:2.0.2]
	at org.powermock.modules.junit4.internal.impl.DelegatingPowerMockRunner.withContextClassLoader(DelegatingPowerMockRunner.java:132) [powermock-module-junit4-2.0.2.jar:2.0.2]
	at org.powermock.modules.junit4.internal.impl.DelegatingPowerMockRunner.run(DelegatingPowerMockRunner.java:141) [powermock-module-junit4-2.0.2.jar:2.0.2]
	at org.powermock.modules.junit4.common.internal.impl.JUnit4TestSuiteChunkerImpl.run(JUnit4TestSuiteChunkerImpl.java:117) [powermock-module-junit4-common-2.0.2.jar:2.0.2]
	at org.powermock.modules.junit4.common.internal.impl.AbstractCommonPowerMockRunner.run(AbstractCommonPowerMockRunner.java:57) [powermock-module-junit4-common-2.0.2.jar:2.0.2]
	at org.powermock.modules.junit4.PowerMockRunner.run(PowerMockRunner.java:59) [powermock-module-junit4-2.0.2.jar:2.0.2]
	at org.apache.maven.surefire.junit4.JUnit4Provider.execute(JUnit4Provider.java:365) [surefire-junit4-2.22.2.jar:2.22.2]
	at org.apache.maven.surefire.junit4.JUnit4Provider.executeWithRerun(JUnit4Provider.java:273) [surefire-junit4-2.22.2.jar:2.22.2]
	at org.apache.maven.surefire.junit4.JUnit4Provider.executeTestSet(JUnit4Provider.java:238) [surefire-junit4-2.22.2.jar:2.22.2]
	at org.apache.maven.surefire.junit4.JUnit4Provider.invoke(JUnit4Provider.java:159) [surefire-junit4-2.22.2.jar:2.22.2]
	at org.apache.maven.surefire.booter.ForkedBooter.invokeProviderInSameClassLoader(ForkedBooter.java:384) [surefire-booter-2.22.2.jar:2.22.2]
	at org.apache.maven.surefire.booter.ForkedBooter.runSuitesInProcess(ForkedBooter.java:345) [surefire-booter-2.22.2.jar:2.22.2]
	at org.apache.maven.surefire.booter.ForkedBooter.execute(ForkedBooter.java:126) [surefire-booter-2.22.2.jar:2.22.2]
	at org.apache.maven.surefire.booter.ForkedBooter.main(ForkedBooter.java:418) [surefire-booter-2.22.2.jar:2.22.2]
Caused by: java.lang.NumberFormatException: null
	at java.lang.Integer.parseInt(Integer.java:542) ~[?:1.8.0_191]
	at java.lang.Integer.valueOf(Integer.java:766) ~[?:1.8.0_191]
	at br.com.pdv.security.AuthorizationServerConfiguration.inicializaCredenciais(AuthorizationServerConfiguration.java:51) ~[classes/:?]
	at br.com.pdv.security.AuthorizationServerConfiguration.configure(AuthorizationServerConfiguration.java:39) ~[classes/:?]
	at org.springframework.security.oauth2.config.annotation.web.configuration.AuthorizationServerSecurityConfiguration.configure(AuthorizationServerSecurityConfiguration.java:58) ~[spring-security-oauth2-2.3.5.RELEASE.jar:?]
	at sun.reflect.NativeMethodAccessorImpl.invoke0(Native Method) ~[?:1.8.0_191]
	at sun.reflect.NativeMethodAccessorImpl.invoke(NativeMethodAccessorImpl.java:62) ~[?:1.8.0_191]
	at sun.reflect.DelegatingMethodAccessorImpl.invoke(DelegatingMethodAccessorImpl.java:43) ~[?:1.8.0_191]
	at java.lang.reflect.Method.invoke(Method.java:498) ~[?:1.8.0_191]
	at org.springframework.beans.factory.annotation.AutowiredAnnotationBeanPostProcessor$AutowiredMethodElement.inject(AutowiredAnnotationBeanPostProcessor.java:708) ~[spring-beans-5.1.7.RELEASE.jar:5.1.7.RELEASE]
	at org.springframework.beans.factory.annotation.InjectionMetadata.inject(InjectionMetadata.java:90) ~[spring-beans-5.1.7.RELEASE.jar:5.1.7.RELEASE]
	at org.springframework.beans.factory.annotation.AutowiredAnnotationBeanPostProcessor.postProcessProperties(AutowiredAnnotationBeanPostProcessor.java:374) ~[spring-beans-5.1.7.RELEASE.jar:5.1.7.RELEASE]
	... 51 more


  .   ____          _            __ _ _
 /\\ / ___'_ __ _ _(_)_ __  __ _ \ \ \ \
( ( )\___ | '_ | '_| | '_ \/ _` | \ \ \ \
 \\/  ___)| |_)| | | | | || (_| |  ) ) ) )
  '  |____| .__|_| |_|_| |_\__, | / / / /
 =========|_|==============|___/=/_/_/_/
 :: Spring Boot ::        (v2.1.5.RELEASE)

2019-06-25 18:06:51.683  INFO 16508 --- [           main] b.c.p.s.ClienteServiceTest               : Starting ClienteServiceTest on CP4475 with PID 16508 (started by User in C:\Projetos_MATERA\META\pdv\pdv)
2019-06-25 18:06:51.686  INFO 16508 --- [           main] b.c.p.s.ClienteServiceTest               : No active profile set, falling back to default profiles: default
2019-06-25 18:06:51.876  INFO 16508 --- [           main] .s.d.r.c.RepositoryConfigurationDelegate : Bootstrapping Spring Data repositories in DEFAULT mode.
2019-06-25 18:06:51.925  INFO 16508 --- [           main] .s.d.r.c.RepositoryConfigurationDelegate : Finished Spring Data repository scanning in 49ms. Found 3 repository interfaces.
2019-06-25 18:06:52.493  INFO 16508 --- [      Thread-26] o.s.b.a.m.e.EmbeddedMongo                : note: noprealloc may hurt performance in many applications
2019-06-25 18:06:52.639  INFO 16508 --- [      Thread-26] o.s.b.a.m.e.EmbeddedMongo                : 2019-06-25T15:06:52.638-0300 I CONTROL  [initandlisten] MongoDB starting : pid=9772 port=64812 dbpath=C:\Users\User\AppData\Local\Temp\embedmongo-db-bf27e749-8d02-41ae-b98b-fda8a129ff9e 64-bit host=CP4475
2019-06-25 18:06:52.639  INFO 16508 --- [      Thread-26] o.s.b.a.m.e.EmbeddedMongo                : 2019-06-25T15:06:52.639-0300 I CONTROL  [initandlisten] targetMinOS: Windows Vista/Windows Server 2008
2019-06-25 18:06:52.639  INFO 16508 --- [      Thread-26] o.s.b.a.m.e.EmbeddedMongo                : 2019-06-25T15:06:52.639-0300 I CONTROL  [initandlisten] db version v3.5.5
2019-06-25 18:06:52.640  INFO 16508 --- [      Thread-26] o.s.b.a.m.e.EmbeddedMongo                : 2019-06-25T15:06:52.639-0300 I CONTROL  [initandlisten] git version: 98515c812b6fa893613f063dae568ff8319cbfbd
2019-06-25 18:06:52.640  INFO 16508 --- [      Thread-26] o.s.b.a.m.e.EmbeddedMongo                : 2019-06-25T15:06:52.639-0300 I CONTROL  [initandlisten] allocator: tcmalloc
2019-06-25 18:06:52.640  INFO 16508 --- [      Thread-26] o.s.b.a.m.e.EmbeddedMongo                : 2019-06-25T15:06:52.639-0300 I CONTROL  [initandlisten] modules: none
2019-06-25 18:06:52.640  INFO 16508 --- [      Thread-26] o.s.b.a.m.e.EmbeddedMongo                : 2019-06-25T15:06:52.639-0300 I CONTROL  [initandlisten] build environment:
2019-06-25 18:06:52.640  INFO 16508 --- [      Thread-26] o.s.b.a.m.e.EmbeddedMongo                : 2019-06-25T15:06:52.639-0300 I CONTROL  [initandlisten]     distarch: x86_64
2019-06-25 18:06:52.640  INFO 16508 --- [      Thread-26] o.s.b.a.m.e.EmbeddedMongo                : 2019-06-25T15:06:52.639-0300 I CONTROL  [initandlisten]     target_arch: x86_64
2019-06-25 18:06:52.640  INFO 16508 --- [      Thread-26] o.s.b.a.m.e.EmbeddedMongo                : 2019-06-25T15:06:52.639-0300 I CONTROL  [initandlisten] options: { net: { bindIp: "127.0.0.1", http: { enabled: false }, port: 64812 }, security: { authorization: "disabled" }, storage: { dbPath: "C:\Users\User\AppData\Local\Temp\embedmongo-db-bf27e749-8d02-41ae-b98b-fda8a129ff9e", journal: { enabled: false }, mmapv1: { preallocDataFiles: false, smallFiles: true }, syncPeriodSecs: 0.0 } }
2019-06-25 18:06:52.641  INFO 16508 --- [      Thread-26] o.s.b.a.m.e.EmbeddedMongo                : 2019-06-25T15:06:52.641-0300 I STORAGE  [initandlisten] wiredtiger_open config: create,cache_size=3494M,session_max=20000,eviction=(threads_min=4,threads_max=4),config_base=false,statistics=(fast),log=(enabled=true,archive=true,path=journal,compressor=snappy),file_manager=(close_idle_time=100000),checkpoint=(wait=0,log_size=2GB),statistics_log=(wait=0),verbose=(recovery_progress),,log=(enabled=false),
2019-06-25 18:06:52.729  INFO 16508 --- [      Thread-26] o.s.b.a.m.e.EmbeddedMongo                : 2019-06-25T15:06:52.730-0300 W STORAGE  [initandlisten] Detected configuration for non-active storage engine mmapv1 when current storage engine is wiredTiger
2019-06-25 18:06:52.730  INFO 16508 --- [      Thread-26] o.s.b.a.m.e.EmbeddedMongo                : 2019-06-25T15:06:52.730-0300 I CONTROL  [initandlisten] 
2019-06-25 18:06:52.730  INFO 16508 --- [      Thread-26] o.s.b.a.m.e.EmbeddedMongo                : 2019-06-25T15:06:52.730-0300 I CONTROL  [initandlisten] ** NOTE: This is a development version (3.5.5) of MongoDB.
2019-06-25 18:06:52.730  INFO 16508 --- [      Thread-26] o.s.b.a.m.e.EmbeddedMongo                : 2019-06-25T15:06:52.730-0300 I CONTROL  [initandlisten] **       Not recommended for production.
2019-06-25 18:06:52.730  INFO 16508 --- [      Thread-26] o.s.b.a.m.e.EmbeddedMongo                : 2019-06-25T15:06:52.730-0300 I CONTROL  [initandlisten] 
2019-06-25 18:06:53.007  INFO 16508 --- [      Thread-26] o.s.b.a.m.e.EmbeddedMongo                : 2019-06-25T15:06:53.007-0300 W FTDC     [initandlisten] Failed to initialize Performance Counters for FTDC: WindowsPdhError: PdhExpandCounterPathW failed with 'O objeto especificado nÃ£o foi encontrado no computador.' for counter '\Memory\Available Bytes'
2019-06-25 18:06:53.007  INFO 16508 --- [      Thread-26] o.s.b.a.m.e.EmbeddedMongo                : 2019-06-25T15:06:53.007-0300 I FTDC     [initandlisten] Initializing full-time diagnostic data capture with directory 'C:/Users/User/AppData/Local/Temp/embedmongo-db-bf27e749-8d02-41ae-b98b-fda8a129ff9e/diagnostic.data'
2019-06-25 18:06:53.053  INFO 16508 --- [      Thread-26] o.s.b.a.m.e.EmbeddedMongo                : 2019-06-25T15:06:53.053-0300 I INDEX    [initandlisten] build index on: admin.system.version properties: { v: 2, key: { version: 1 }, name: "incompatible_with_version_32", ns: "admin.system.version" }
2019-06-25 18:06:53.053  INFO 16508 --- [      Thread-26] o.s.b.a.m.e.EmbeddedMongo                : 2019-06-25T15:06:53.053-0300 I INDEX    [initandlisten] 	 building index using bulk method; build may temporarily use up to 500 megabytes of RAM
2019-06-25 18:06:53.057  INFO 16508 --- [      Thread-26] o.s.b.a.m.e.EmbeddedMongo                : 2019-06-25T15:06:53.057-0300 I INDEX    [initandlisten] build index done.  scanned 0 total records. 0 secs
2019-06-25 18:06:53.058  INFO 16508 --- [      Thread-26] o.s.b.a.m.e.EmbeddedMongo                : 2019-06-25T15:06:53.058-0300 I COMMAND  [initandlisten] setting featureCompatibilityVersion to 3.4
2019-06-25 18:06:53.060  INFO 16508 --- [      Thread-26] o.s.b.a.m.e.EmbeddedMongo                : 2019-06-25T15:06:53.059-0300 I NETWORK  [thread1] waiting for connections on port 64812
2019-06-25 18:06:53.060  INFO 16508 --- [           main] d.f.e.m.MongodExecutable                 : start de.flapdoodle.embed.mongo.config.MongodConfigBuilder$ImmutableMongodConfig@73e44915
2019-06-25 18:06:53.067  INFO 16508 --- [           main] o.m.d.cluster                            : Cluster created with settings {hosts=[localhost:64812], mode=MULTIPLE, requiredClusterType=UNKNOWN, serverSelectionTimeout='30000 ms', maxWaitQueueSize=500}
2019-06-25 18:06:53.067  INFO 16508 --- [           main] o.m.d.cluster                            : Adding discovered server localhost:64812 to client view of cluster
2019-06-25 18:06:53.071  INFO 16508 --- [      Thread-26] o.s.b.a.m.e.EmbeddedMongo                : 2019-06-25T15:06:53.071-0300 I NETWORK  [thread1] connection accepted from 127.0.0.1:64820 #1 (1 connection now open)
2019-06-25 18:06:53.074  INFO 16508 --- [      Thread-26] o.s.b.a.m.e.EmbeddedMongo                : 2019-06-25T15:06:53.073-0300 I NETWORK  [conn1] received client metadata from 127.0.0.1:64820 conn1: { driver: { name: "mongo-java-driver", version: "3.8.2" }, os: { type: "Windows", name: "Windows 10", architecture: "amd64", version: "10.0" }, platform: "Java/Oracle Corporation/1.8.0_191-b12" }
2019-06-25 18:06:53.076  INFO 16508 --- [localhost:64812] o.m.d.connection                         : Opened connection [connectionId{localValue:15, serverValue:1}] to localhost:64812
2019-06-25 18:06:53.077  INFO 16508 --- [localhost:64812] o.m.d.cluster                            : Monitor thread successfully connected to server with description ServerDescription{address=localhost:64812, type=STANDALONE, state=CONNECTED, ok=true, version=ServerVersion{versionList=[3, 5, 5]}, minWireVersion=0, maxWireVersion=5, maxDocumentSize=16777216, logicalSessionTimeoutMinutes=null, roundTripTimeNanos=717653}
2019-06-25 18:06:53.077  INFO 16508 --- [localhost:64812] o.m.d.cluster                            : Discovered cluster type of STANDALONE
2019-06-25 18:06:53.221  INFO 16508 --- [      Thread-26] o.s.b.a.m.e.EmbeddedMongo                : 2019-06-25T15:06:53.221-0300 I NETWORK  [thread1] connection accepted from 127.0.0.1:64821 #2 (2 connections now open)
2019-06-25 18:06:53.224  INFO 16508 --- [      Thread-26] o.s.b.a.m.e.EmbeddedMongo                : 2019-06-25T15:06:53.224-0300 I NETWORK  [conn2] received client metadata from 127.0.0.1:64821 conn2: { driver: { name: "mongo-java-driver", version: "3.8.2" }, os: { type: "Windows", name: "Windows 10", architecture: "amd64", version: "10.0" }, platform: "Java/Oracle Corporation/1.8.0_191-b12" }
2019-06-25 18:06:53.227  INFO 16508 --- [           main] o.m.d.connection                         : Opened connection [connectionId{localValue:16, serverValue:2}] to localhost:64812
2019-06-25 18:06:53.498  WARN 16508 --- [           main] b.c.p.c.Propriedades                     : Configuracao oauth2.prazo.token nao localizada
2019-06-25 18:06:53.499  WARN 16508 --- [           main] s.c.a.AnnotationConfigApplicationContext : Exception encountered during context initialization - cancelling refresh attempt: org.springframework.beans.factory.BeanCreationException: Error creating bean with name 'org.springframework.security.oauth2.config.annotation.web.configuration.AuthorizationServerSecurityConfiguration': Injection of autowired dependencies failed; nested exception is java.lang.NumberFormatException: null
2019-06-25 18:06:53.500  INFO 16508 --- [           main] o.m.d.connection                         : Closed connection [connectionId{localValue:16, serverValue:2}] to localhost:64812 because the pool has been closed.
2019-06-25 18:06:53.500  INFO 16508 --- [      Thread-26] o.s.b.a.m.e.EmbeddedMongo                : 2019-06-25T15:06:53.500-0300 I -        [conn2] end connection 127.0.0.1:64821 (2 connections now open)
2019-06-25 18:06:53.501  INFO 16508 --- [      Thread-26] o.s.b.a.m.e.EmbeddedMongo                : 2019-06-25T15:06:53.501-0300 I -        [conn1] end connection 127.0.0.1:64820 (1 connection now open)
2019-06-25 18:06:53.502  INFO 16508 --- [      Thread-26] o.s.b.a.m.e.EmbeddedMongo                : 2019-06-25T15:06:53.502-0300 I NETWORK  [thread1] connection accepted from 127.0.0.1:64822 #3 (1 connection now open)
2019-06-25 18:06:53.504  INFO 16508 --- [      Thread-26] o.s.b.a.m.e.EmbeddedMongo                : 2019-06-25T15:06:53.504-0300 I COMMAND  [conn3] terminating, shutdown command received
2019-06-25 18:06:53.504  INFO 16508 --- [      Thread-26] o.s.b.a.m.e.EmbeddedMongo                : 2019-06-25T15:06:53.504-0300 I NETWORK  [conn3] shutdown: going to close listening sockets...
2019-06-25 18:06:53.504  INFO 16508 --- [      Thread-26] o.s.b.a.m.e.EmbeddedMongo                : 2019-06-25T15:06:53.504-0300 I NETWORK  [conn3] closing listening socket: 588
2019-06-25 18:06:53.504  INFO 16508 --- [      Thread-26] o.s.b.a.m.e.EmbeddedMongo                : 2019-06-25T15:06:53.504-0300 I NETWORK  [conn3] shutdown: going to flush diaglog...
2019-06-25 18:06:53.504  INFO 16508 --- [      Thread-26] o.s.b.a.m.e.EmbeddedMongo                : 2019-06-25T15:06:53.504-0300 I FTDC     [conn3] Shutting down full-time diagnostic data capture
2019-06-25 18:06:53.505  INFO 16508 --- [      Thread-26] o.s.b.a.m.e.EmbeddedMongo                : 2019-06-25T15:06:53.504-0300 I STORAGE  [conn3] WiredTigerKVEngine shutting down
2019-06-25 18:06:53.536  INFO 16508 --- [      Thread-26] o.s.b.a.m.e.EmbeddedMongo                : 2019-06-25T15:06:53.536-0300 I STORAGE  [conn3] shutdown: removing fs lock...
2019-06-25 18:06:53.537  INFO 16508 --- [      Thread-26] o.s.b.a.m.e.EmbeddedMongo                : 2019-06-25T15:06:53.537-0300 I CONTROL  [conn3] now exiting
2019-06-25 18:06:53.538  INFO 16508 --- [      Thread-26] o.s.b.a.m.e.EmbeddedMongo                : 2019-06-25T15:06:53.537-0300 I CONTROL  [conn3] shutting down with code:0
2019-06-25 18:06:53.538  INFO 16508 --- [      Thread-26] o.s.b.a.m.e.EmbeddedMongo                : 2019-06-25T15:06:53.537-0300 I CONTROL  [initandlisten] shutting down with code:0
2019-06-25 18:06:53.658  INFO 16508 --- [           main] ConditionEvaluationReportLoggingListener : 

Error starting ApplicationContext. To display the conditions report re-run your application with 'debug' enabled.
2019-06-25 18:06:53.658 ERROR 16508 --- [           main] o.s.b.SpringApplication                  : Application run failed

org.springframework.beans.factory.BeanCreationException: Error creating bean with name 'org.springframework.security.oauth2.config.annotation.web.configuration.AuthorizationServerSecurityConfiguration': Injection of autowired dependencies failed; nested exception is java.lang.NumberFormatException: null
	at org.springframework.beans.factory.annotation.AutowiredAnnotationBeanPostProcessor.postProcessProperties(AutowiredAnnotationBeanPostProcessor.java:380) ~[spring-beans-5.1.7.RELEASE.jar:5.1.7.RELEASE]
	at org.springframework.beans.factory.support.AbstractAutowireCapableBeanFactory.populateBean(AbstractAutowireCapableBeanFactory.java:1411) ~[spring-beans-5.1.7.RELEASE.jar:5.1.7.RELEASE]
	at org.springframework.beans.factory.support.AbstractAutowireCapableBeanFactory.doCreateBean(AbstractAutowireCapableBeanFactory.java:592) ~[spring-beans-5.1.7.RELEASE.jar:5.1.7.RELEASE]
	at org.springframework.beans.factory.support.AbstractAutowireCapableBeanFactory.createBean(AbstractAutowireCapableBeanFactory.java:515) ~[spring-beans-5.1.7.RELEASE.jar:5.1.7.RELEASE]
	at org.springframework.beans.factory.support.AbstractBeanFactory.lambda$doGetBean$0(AbstractBeanFactory.java:320) ~[spring-beans-5.1.7.RELEASE.jar:5.1.7.RELEASE]
	at org.springframework.beans.factory.support.DefaultSingletonBeanRegistry.getSingleton(DefaultSingletonBeanRegistry.java:222) ~[spring-beans-5.1.7.RELEASE.jar:5.1.7.RELEASE]
	at org.springframework.beans.factory.support.AbstractBeanFactory.doGetBean(AbstractBeanFactory.java:318) ~[spring-beans-5.1.7.RELEASE.jar:5.1.7.RELEASE]
	at org.springframework.beans.factory.support.AbstractBeanFactory.getBean(AbstractBeanFactory.java:199) ~[spring-beans-5.1.7.RELEASE.jar:5.1.7.RELEASE]
	at org.springframework.beans.factory.support.DefaultListableBeanFactory.preInstantiateSingletons(DefaultListableBeanFactory.java:843) ~[spring-beans-5.1.7.RELEASE.jar:5.1.7.RELEASE]
	at org.springframework.context.support.AbstractApplicationContext.finishBeanFactoryInitialization(AbstractApplicationContext.java:877) ~[spring-context-5.1.7.RELEASE.jar:5.1.7.RELEASE]
	at org.springframework.context.support.AbstractApplicationContext.refresh(AbstractApplicationContext.java:549) ~[spring-context-5.1.7.RELEASE.jar:5.1.7.RELEASE]
	at org.springframework.boot.SpringApplication.refresh(SpringApplication.java:775) [spring-boot-2.1.5.RELEASE.jar:2.1.5.RELEASE]
	at org.springframework.boot.SpringApplication.refreshContext(SpringApplication.java:397) [spring-boot-2.1.5.RELEASE.jar:2.1.5.RELEASE]
	at org.springframework.boot.SpringApplication.run(SpringApplication.java:316) [spring-boot-2.1.5.RELEASE.jar:2.1.5.RELEASE]
	at org.springframework.boot.test.context.SpringBootContextLoader.loadContext(SpringBootContextLoader.java:127) [spring-boot-test-2.1.5.RELEASE.jar:2.1.5.RELEASE]
	at org.springframework.test.context.cache.DefaultCacheAwareContextLoaderDelegate.loadContextInternal(DefaultCacheAwareContextLoaderDelegate.java:99) [spring-test-5.1.7.RELEASE.jar:5.1.7.RELEASE]
	at org.springframework.test.context.cache.DefaultCacheAwareContextLoaderDelegate.loadContext(DefaultCacheAwareContextLoaderDelegate.java:117) [spring-test-5.1.7.RELEASE.jar:5.1.7.RELEASE]
	at org.springframework.test.context.support.DefaultTestContext.getApplicationContext(DefaultTestContext.java:108) [spring-test-5.1.7.RELEASE.jar:5.1.7.RELEASE]
	at org.springframework.boot.test.autoconfigure.SpringBootDependencyInjectionTestExecutionListener.outputConditionEvaluationReport(SpringBootDependencyInjectionTestExecutionListener.java:54) [spring-boot-test-autoconfigure-2.1.5.RELEASE.jar:2.1.5.RELEASE]
	at org.springframework.boot.test.autoconfigure.SpringBootDependencyInjectionTestExecutionListener.prepareTestInstance(SpringBootDependencyInjectionTestExecutionListener.java:47) [spring-boot-test-autoconfigure-2.1.5.RELEASE.jar:2.1.5.RELEASE]
	at org.springframework.test.context.TestContextManager.prepareTestInstance(TestContextManager.java:246) [spring-test-5.1.7.RELEASE.jar:5.1.7.RELEASE]
	at org.springframework.test.context.junit4.SpringJUnit4ClassRunner.createTest(SpringJUnit4ClassRunner.java:227) [spring-test-5.1.7.RELEASE.jar:5.1.7.RELEASE]
	at org.springframework.test.context.junit4.SpringJUnit4ClassRunner$1.runReflectiveCall(SpringJUnit4ClassRunner.java:289) [spring-test-5.1.7.RELEASE.jar:5.1.7.RELEASE]
	at org.junit.internal.runners.model.ReflectiveCallable.run(ReflectiveCallable.java:12) [junit-4.12.jar:4.12]
	at org.springframework.test.context.junit4.SpringJUnit4ClassRunner.methodBlock(SpringJUnit4ClassRunner.java:291) [spring-test-5.1.7.RELEASE.jar:5.1.7.RELEASE]
	at org.springframework.test.context.junit4.SpringJUnit4ClassRunner.runChild(SpringJUnit4ClassRunner.java:246) [spring-test-5.1.7.RELEASE.jar:5.1.7.RELEASE]
	at org.springframework.test.context.junit4.SpringJUnit4ClassRunner.runChild(SpringJUnit4ClassRunner.java:97) [spring-test-5.1.7.RELEASE.jar:5.1.7.RELEASE]
	at org.junit.runners.ParentRunner$3.run(ParentRunner.java:290) [junit-4.12.jar:4.12]
	at org.junit.runners.ParentRunner$1.schedule(ParentRunner.java:71) [junit-4.12.jar:4.12]
	at org.junit.runners.ParentRunner.runChildren(ParentRunner.java:288) [junit-4.12.jar:4.12]
	at org.junit.runners.ParentRunner.access$000(ParentRunner.java:58) [junit-4.12.jar:4.12]
	at org.junit.runners.ParentRunner$2.evaluate(ParentRunner.java:268) [junit-4.12.jar:4.12]
	at org.springframework.test.context.junit4.statements.RunBeforeTestClassCallbacks.evaluate(RunBeforeTestClassCallbacks.java:61) [spring-test-5.1.7.RELEASE.jar:5.1.7.RELEASE]
	at org.springframework.test.context.junit4.statements.RunAfterTestClassCallbacks.evaluate(RunAfterTestClassCallbacks.java:70) [spring-test-5.1.7.RELEASE.jar:5.1.7.RELEASE]
	at org.junit.runners.ParentRunner.run(ParentRunner.java:363) [junit-4.12.jar:4.12]
	at org.springframework.test.context.junit4.SpringJUnit4ClassRunner.run(SpringJUnit4ClassRunner.java:190) [spring-test-5.1.7.RELEASE.jar:5.1.7.RELEASE]
	at org.powermock.modules.junit4.internal.impl.DelegatingPowerMockRunner$2.call(DelegatingPowerMockRunner.java:149) [powermock-module-junit4-2.0.2.jar:2.0.2]
	at org.powermock.modules.junit4.internal.impl.DelegatingPowerMockRunner$2.call(DelegatingPowerMockRunner.java:141) [powermock-module-junit4-2.0.2.jar:2.0.2]
	at org.powermock.modules.junit4.internal.impl.DelegatingPowerMockRunner.withContextClassLoader(DelegatingPowerMockRunner.java:132) [powermock-module-junit4-2.0.2.jar:2.0.2]
	at org.powermock.modules.junit4.internal.impl.DelegatingPowerMockRunner.run(DelegatingPowerMockRunner.java:141) [powermock-module-junit4-2.0.2.jar:2.0.2]
	at org.powermock.modules.junit4.common.internal.impl.JUnit4TestSuiteChunkerImpl.run(JUnit4TestSuiteChunkerImpl.java:117) [powermock-module-junit4-common-2.0.2.jar:2.0.2]
	at org.powermock.modules.junit4.common.internal.impl.AbstractCommonPowerMockRunner.run(AbstractCommonPowerMockRunner.java:57) [powermock-module-junit4-common-2.0.2.jar:2.0.2]
	at org.powermock.modules.junit4.PowerMockRunner.run(PowerMockRunner.java:59) [powermock-module-junit4-2.0.2.jar:2.0.2]
	at org.apache.maven.surefire.junit4.JUnit4Provider.execute(JUnit4Provider.java:365) [surefire-junit4-2.22.2.jar:2.22.2]
	at org.apache.maven.surefire.junit4.JUnit4Provider.executeWithRerun(JUnit4Provider.java:273) [surefire-junit4-2.22.2.jar:2.22.2]
	at org.apache.maven.surefire.junit4.JUnit4Provider.executeTestSet(JUnit4Provider.java:238) [surefire-junit4-2.22.2.jar:2.22.2]
	at org.apache.maven.surefire.junit4.JUnit4Provider.invoke(JUnit4Provider.java:159) [surefire-junit4-2.22.2.jar:2.22.2]
	at org.apache.maven.surefire.booter.ForkedBooter.invokeProviderInSameClassLoader(ForkedBooter.java:384) [surefire-booter-2.22.2.jar:2.22.2]
	at org.apache.maven.surefire.booter.ForkedBooter.runSuitesInProcess(ForkedBooter.java:345) [surefire-booter-2.22.2.jar:2.22.2]
	at org.apache.maven.surefire.booter.ForkedBooter.execute(ForkedBooter.java:126) [surefire-booter-2.22.2.jar:2.22.2]
	at org.apache.maven.surefire.booter.ForkedBooter.main(ForkedBooter.java:418) [surefire-booter-2.22.2.jar:2.22.2]
Caused by: java.lang.NumberFormatException: null
	at java.lang.Integer.parseInt(Integer.java:542) ~[?:1.8.0_191]
	at java.lang.Integer.valueOf(Integer.java:766) ~[?:1.8.0_191]
	at br.com.pdv.security.AuthorizationServerConfiguration.inicializaCredenciais(AuthorizationServerConfiguration.java:51) ~[classes/:?]
	at br.com.pdv.security.AuthorizationServerConfiguration.configure(AuthorizationServerConfiguration.java:39) ~[classes/:?]
	at org.springframework.security.oauth2.config.annotation.web.configuration.AuthorizationServerSecurityConfiguration.configure(AuthorizationServerSecurityConfiguration.java:58) ~[spring-security-oauth2-2.3.5.RELEASE.jar:?]
	at sun.reflect.NativeMethodAccessorImpl.invoke0(Native Method) ~[?:1.8.0_191]
	at sun.reflect.NativeMethodAccessorImpl.invoke(NativeMethodAccessorImpl.java:62) ~[?:1.8.0_191]
	at sun.reflect.DelegatingMethodAccessorImpl.invoke(DelegatingMethodAccessorImpl.java:43) ~[?:1.8.0_191]
	at java.lang.reflect.Method.invoke(Method.java:498) ~[?:1.8.0_191]
	at org.springframework.beans.factory.annotation.AutowiredAnnotationBeanPostProcessor$AutowiredMethodElement.inject(AutowiredAnnotationBeanPostProcessor.java:708) ~[spring-beans-5.1.7.RELEASE.jar:5.1.7.RELEASE]
	at org.springframework.beans.factory.annotation.InjectionMetadata.inject(InjectionMetadata.java:90) ~[spring-beans-5.1.7.RELEASE.jar:5.1.7.RELEASE]
	at org.springframework.beans.factory.annotation.AutowiredAnnotationBeanPostProcessor.postProcessProperties(AutowiredAnnotationBeanPostProcessor.java:374) ~[spring-beans-5.1.7.RELEASE.jar:5.1.7.RELEASE]
	... 50 more

2019-06-25 18:06:53.659 ERROR 16508 --- [           main] o.s.t.c.TestContextManager               : Caught exception while allowing TestExecutionListener [org.springframework.boot.test.autoconfigure.SpringBootDependencyInjectionTestExecutionListener@35a0458] to prepare test instance [br.com.pdv.service.ClienteServiceTest@7b92e01b]

java.lang.IllegalStateException: Failed to load ApplicationContext
	at org.springframework.test.context.cache.DefaultCacheAwareContextLoaderDelegate.loadContext(DefaultCacheAwareContextLoaderDelegate.java:125) ~[spring-test-5.1.7.RELEASE.jar:5.1.7.RELEASE]
	at org.springframework.test.context.support.DefaultTestContext.getApplicationContext(DefaultTestContext.java:108) ~[spring-test-5.1.7.RELEASE.jar:5.1.7.RELEASE]
	at org.springframework.test.context.support.DependencyInjectionTestExecutionListener.injectDependencies(DependencyInjectionTestExecutionListener.java:118) ~[spring-test-5.1.7.RELEASE.jar:5.1.7.RELEASE]
	at org.springframework.test.context.support.DependencyInjectionTestExecutionListener.prepareTestInstance(DependencyInjectionTestExecutionListener.java:83) ~[spring-test-5.1.7.RELEASE.jar:5.1.7.RELEASE]
	at org.springframework.boot.test.autoconfigure.SpringBootDependencyInjectionTestExecutionListener.prepareTestInstance(SpringBootDependencyInjectionTestExecutionListener.java:44) ~[spring-boot-test-autoconfigure-2.1.5.RELEASE.jar:2.1.5.RELEASE]
	at org.springframework.test.context.TestContextManager.prepareTestInstance(TestContextManager.java:246) [spring-test-5.1.7.RELEASE.jar:5.1.7.RELEASE]
	at org.springframework.test.context.junit4.SpringJUnit4ClassRunner.createTest(SpringJUnit4ClassRunner.java:227) [spring-test-5.1.7.RELEASE.jar:5.1.7.RELEASE]
	at org.springframework.test.context.junit4.SpringJUnit4ClassRunner$1.runReflectiveCall(SpringJUnit4ClassRunner.java:289) [spring-test-5.1.7.RELEASE.jar:5.1.7.RELEASE]
	at org.junit.internal.runners.model.ReflectiveCallable.run(ReflectiveCallable.java:12) [junit-4.12.jar:4.12]
	at org.springframework.test.context.junit4.SpringJUnit4ClassRunner.methodBlock(SpringJUnit4ClassRunner.java:291) [spring-test-5.1.7.RELEASE.jar:5.1.7.RELEASE]
	at org.springframework.test.context.junit4.SpringJUnit4ClassRunner.runChild(SpringJUnit4ClassRunner.java:246) [spring-test-5.1.7.RELEASE.jar:5.1.7.RELEASE]
	at org.springframework.test.context.junit4.SpringJUnit4ClassRunner.runChild(SpringJUnit4ClassRunner.java:97) [spring-test-5.1.7.RELEASE.jar:5.1.7.RELEASE]
	at org.junit.runners.ParentRunner$3.run(ParentRunner.java:290) [junit-4.12.jar:4.12]
	at org.junit.runners.ParentRunner$1.schedule(ParentRunner.java:71) [junit-4.12.jar:4.12]
	at org.junit.runners.ParentRunner.runChildren(ParentRunner.java:288) [junit-4.12.jar:4.12]
	at org.junit.runners.ParentRunner.access$000(ParentRunner.java:58) [junit-4.12.jar:4.12]
	at org.junit.runners.ParentRunner$2.evaluate(ParentRunner.java:268) [junit-4.12.jar:4.12]
	at org.springframework.test.context.junit4.statements.RunBeforeTestClassCallbacks.evaluate(RunBeforeTestClassCallbacks.java:61) [spring-test-5.1.7.RELEASE.jar:5.1.7.RELEASE]
	at org.springframework.test.context.junit4.statements.RunAfterTestClassCallbacks.evaluate(RunAfterTestClassCallbacks.java:70) [spring-test-5.1.7.RELEASE.jar:5.1.7.RELEASE]
	at org.junit.runners.ParentRunner.run(ParentRunner.java:363) [junit-4.12.jar:4.12]
	at org.springframework.test.context.junit4.SpringJUnit4ClassRunner.run(SpringJUnit4ClassRunner.java:190) [spring-test-5.1.7.RELEASE.jar:5.1.7.RELEASE]
	at org.powermock.modules.junit4.internal.impl.DelegatingPowerMockRunner$2.call(DelegatingPowerMockRunner.java:149) [powermock-module-junit4-2.0.2.jar:2.0.2]
	at org.powermock.modules.junit4.internal.impl.DelegatingPowerMockRunner$2.call(DelegatingPowerMockRunner.java:141) [powermock-module-junit4-2.0.2.jar:2.0.2]
	at org.powermock.modules.junit4.internal.impl.DelegatingPowerMockRunner.withContextClassLoader(DelegatingPowerMockRunner.java:132) [powermock-module-junit4-2.0.2.jar:2.0.2]
	at org.powermock.modules.junit4.internal.impl.DelegatingPowerMockRunner.run(DelegatingPowerMockRunner.java:141) [powermock-module-junit4-2.0.2.jar:2.0.2]
	at org.powermock.modules.junit4.common.internal.impl.JUnit4TestSuiteChunkerImpl.run(JUnit4TestSuiteChunkerImpl.java:117) [powermock-module-junit4-common-2.0.2.jar:2.0.2]
	at org.powermock.modules.junit4.common.internal.impl.AbstractCommonPowerMockRunner.run(AbstractCommonPowerMockRunner.java:57) [powermock-module-junit4-common-2.0.2.jar:2.0.2]
	at org.powermock.modules.junit4.PowerMockRunner.run(PowerMockRunner.java:59) [powermock-module-junit4-2.0.2.jar:2.0.2]
	at org.apache.maven.surefire.junit4.JUnit4Provider.execute(JUnit4Provider.java:365) [surefire-junit4-2.22.2.jar:2.22.2]
	at org.apache.maven.surefire.junit4.JUnit4Provider.executeWithRerun(JUnit4Provider.java:273) [surefire-junit4-2.22.2.jar:2.22.2]
	at org.apache.maven.surefire.junit4.JUnit4Provider.executeTestSet(JUnit4Provider.java:238) [surefire-junit4-2.22.2.jar:2.22.2]
	at org.apache.maven.surefire.junit4.JUnit4Provider.invoke(JUnit4Provider.java:159) [surefire-junit4-2.22.2.jar:2.22.2]
	at org.apache.maven.surefire.booter.ForkedBooter.invokeProviderInSameClassLoader(ForkedBooter.java:384) [surefire-booter-2.22.2.jar:2.22.2]
	at org.apache.maven.surefire.booter.ForkedBooter.runSuitesInProcess(ForkedBooter.java:345) [surefire-booter-2.22.2.jar:2.22.2]
	at org.apache.maven.surefire.booter.ForkedBooter.execute(ForkedBooter.java:126) [surefire-booter-2.22.2.jar:2.22.2]
	at org.apache.maven.surefire.booter.ForkedBooter.main(ForkedBooter.java:418) [surefire-booter-2.22.2.jar:2.22.2]
Caused by: org.springframework.beans.factory.BeanCreationException: Error creating bean with name 'org.springframework.security.oauth2.config.annotation.web.configuration.AuthorizationServerSecurityConfiguration': Injection of autowired dependencies failed; nested exception is java.lang.NumberFormatException: null
	at org.springframework.beans.factory.annotation.AutowiredAnnotationBeanPostProcessor.postProcessProperties(AutowiredAnnotationBeanPostProcessor.java:380) ~[spring-beans-5.1.7.RELEASE.jar:5.1.7.RELEASE]
	at org.springframework.beans.factory.support.AbstractAutowireCapableBeanFactory.populateBean(AbstractAutowireCapableBeanFactory.java:1411) ~[spring-beans-5.1.7.RELEASE.jar:5.1.7.RELEASE]
	at org.springframework.beans.factory.support.AbstractAutowireCapableBeanFactory.doCreateBean(AbstractAutowireCapableBeanFactory.java:592) ~[spring-beans-5.1.7.RELEASE.jar:5.1.7.RELEASE]
	at org.springframework.beans.factory.support.AbstractAutowireCapableBeanFactory.createBean(AbstractAutowireCapableBeanFactory.java:515) ~[spring-beans-5.1.7.RELEASE.jar:5.1.7.RELEASE]
	at org.springframework.beans.factory.support.AbstractBeanFactory.lambda$doGetBean$0(AbstractBeanFactory.java:320) ~[spring-beans-5.1.7.RELEASE.jar:5.1.7.RELEASE]
	at org.springframework.beans.factory.support.DefaultSingletonBeanRegistry.getSingleton(DefaultSingletonBeanRegistry.java:222) ~[spring-beans-5.1.7.RELEASE.jar:5.1.7.RELEASE]
	at org.springframework.beans.factory.support.AbstractBeanFactory.doGetBean(AbstractBeanFactory.java:318) ~[spring-beans-5.1.7.RELEASE.jar:5.1.7.RELEASE]
	at org.springframework.beans.factory.support.AbstractBeanFactory.getBean(AbstractBeanFactory.java:199) ~[spring-beans-5.1.7.RELEASE.jar:5.1.7.RELEASE]
	at org.springframework.beans.factory.support.DefaultListableBeanFactory.preInstantiateSingletons(DefaultListableBeanFactory.java:843) ~[spring-beans-5.1.7.RELEASE.jar:5.1.7.RELEASE]
	at org.springframework.context.support.AbstractApplicationContext.finishBeanFactoryInitialization(AbstractApplicationContext.java:877) ~[spring-context-5.1.7.RELEASE.jar:5.1.7.RELEASE]
	at org.springframework.context.support.AbstractApplicationContext.refresh(AbstractApplicationContext.java:549) ~[spring-context-5.1.7.RELEASE.jar:5.1.7.RELEASE]
	at org.springframework.boot.SpringApplication.refresh(SpringApplication.java:775) ~[spring-boot-2.1.5.RELEASE.jar:2.1.5.RELEASE]
	at org.springframework.boot.SpringApplication.refreshContext(SpringApplication.java:397) ~[spring-boot-2.1.5.RELEASE.jar:2.1.5.RELEASE]
	at org.springframework.boot.SpringApplication.run(SpringApplication.java:316) ~[spring-boot-2.1.5.RELEASE.jar:2.1.5.RELEASE]
	at org.springframework.boot.test.context.SpringBootContextLoader.loadContext(SpringBootContextLoader.java:127) ~[spring-boot-test-2.1.5.RELEASE.jar:2.1.5.RELEASE]
	at org.springframework.test.context.cache.DefaultCacheAwareContextLoaderDelegate.loadContextInternal(DefaultCacheAwareContextLoaderDelegate.java:99) ~[spring-test-5.1.7.RELEASE.jar:5.1.7.RELEASE]
	at org.springframework.test.context.cache.DefaultCacheAwareContextLoaderDelegate.loadContext(DefaultCacheAwareContextLoaderDelegate.java:117) ~[spring-test-5.1.7.RELEASE.jar:5.1.7.RELEASE]
	... 35 more
Caused by: java.lang.NumberFormatException: null
	at java.lang.Integer.parseInt(Integer.java:542) ~[?:1.8.0_191]
	at java.lang.Integer.valueOf(Integer.java:766) ~[?:1.8.0_191]
	at br.com.pdv.security.AuthorizationServerConfiguration.inicializaCredenciais(AuthorizationServerConfiguration.java:51) ~[classes/:?]
	at br.com.pdv.security.AuthorizationServerConfiguration.configure(AuthorizationServerConfiguration.java:39) ~[classes/:?]
	at org.springframework.security.oauth2.config.annotation.web.configuration.AuthorizationServerSecurityConfiguration.configure(AuthorizationServerSecurityConfiguration.java:58) ~[spring-security-oauth2-2.3.5.RELEASE.jar:?]
	at sun.reflect.NativeMethodAccessorImpl.invoke0(Native Method) ~[?:1.8.0_191]
	at sun.reflect.NativeMethodAccessorImpl.invoke(NativeMethodAccessorImpl.java:62) ~[?:1.8.0_191]
	at sun.reflect.DelegatingMethodAccessorImpl.invoke(DelegatingMethodAccessorImpl.java:43) ~[?:1.8.0_191]
	at java.lang.reflect.Method.invoke(Method.java:498) ~[?:1.8.0_191]
	at org.springframework.beans.factory.annotation.AutowiredAnnotationBeanPostProcessor$AutowiredMethodElement.inject(AutowiredAnnotationBeanPostProcessor.java:708) ~[spring-beans-5.1.7.RELEASE.jar:5.1.7.RELEASE]
	at org.springframework.beans.factory.annotation.InjectionMetadata.inject(InjectionMetadata.java:90) ~[spring-beans-5.1.7.RELEASE.jar:5.1.7.RELEASE]
	at org.springframework.beans.factory.annotation.AutowiredAnnotationBeanPostProcessor.postProcessProperties(AutowiredAnnotationBeanPostProcessor.java:374) ~[spring-beans-5.1.7.RELEASE.jar:5.1.7.RELEASE]
	at org.springframework.beans.factory.support.AbstractAutowireCapableBeanFactory.populateBean(AbstractAutowireCapableBeanFactory.java:1411) ~[spring-beans-5.1.7.RELEASE.jar:5.1.7.RELEASE]
	at org.springframework.beans.factory.support.AbstractAutowireCapableBeanFactory.doCreateBean(AbstractAutowireCapableBeanFactory.java:592) ~[spring-beans-5.1.7.RELEASE.jar:5.1.7.RELEASE]
	at org.springframework.beans.factory.support.AbstractAutowireCapableBeanFactory.createBean(AbstractAutowireCapableBeanFactory.java:515) ~[spring-beans-5.1.7.RELEASE.jar:5.1.7.RELEASE]
	at org.springframework.beans.factory.support.AbstractBeanFactory.lambda$doGetBean$0(AbstractBeanFactory.java:320) ~[spring-beans-5.1.7.RELEASE.jar:5.1.7.RELEASE]
	at org.springframework.beans.factory.support.DefaultSingletonBeanRegistry.getSingleton(DefaultSingletonBeanRegistry.java:222) ~[spring-beans-5.1.7.RELEASE.jar:5.1.7.RELEASE]
	at org.springframework.beans.factory.support.AbstractBeanFactory.doGetBean(AbstractBeanFactory.java:318) ~[spring-beans-5.1.7.RELEASE.jar:5.1.7.RELEASE]
	at org.springframework.beans.factory.support.AbstractBeanFactory.getBean(AbstractBeanFactory.java:199) ~[spring-beans-5.1.7.RELEASE.jar:5.1.7.RELEASE]
	at org.springframework.beans.factory.support.DefaultListableBeanFactory.preInstantiateSingletons(DefaultListableBeanFactory.java:843) ~[spring-beans-5.1.7.RELEASE.jar:5.1.7.RELEASE]
	at org.springframework.context.support.AbstractApplicationContext.finishBeanFactoryInitialization(AbstractApplicationContext.java:877) ~[spring-context-5.1.7.RELEASE.jar:5.1.7.RELEASE]
	at org.springframework.context.support.AbstractApplicationContext.refresh(AbstractApplicationContext.java:549) ~[spring-context-5.1.7.RELEASE.jar:5.1.7.RELEASE]
	at org.springframework.boot.SpringApplication.refresh(SpringApplication.java:775) ~[spring-boot-2.1.5.RELEASE.jar:2.1.5.RELEASE]
	at org.springframework.boot.SpringApplication.refreshContext(SpringApplication.java:397) ~[spring-boot-2.1.5.RELEASE.jar:2.1.5.RELEASE]
	at org.springframework.boot.SpringApplication.run(SpringApplication.java:316) ~[spring-boot-2.1.5.RELEASE.jar:2.1.5.RELEASE]
	at org.springframework.boot.test.context.SpringBootContextLoader.loadContext(SpringBootContextLoader.java:127) ~[spring-boot-test-2.1.5.RELEASE.jar:2.1.5.RELEASE]
	at org.springframework.test.context.cache.DefaultCacheAwareContextLoaderDelegate.loadContextInternal(DefaultCacheAwareContextLoaderDelegate.java:99) ~[spring-test-5.1.7.RELEASE.jar:5.1.7.RELEASE]
	at org.springframework.test.context.cache.DefaultCacheAwareContextLoaderDelegate.loadContext(DefaultCacheAwareContextLoaderDelegate.java:117) ~[spring-test-5.1.7.RELEASE.jar:5.1.7.RELEASE]
	... 35 more

]]></system-out>
  </testcase>
</testsuite>